2015-09-14 00:37:05,017, INFO,  ---------------------- root --------------------------------
2015-09-14 00:37:05,029, INFO,  ---------------------- root --------------------------------
2015-09-14 00:37:05,043, INFO,  ---------------------- root --------------------------------
2015-09-14 00:37:05,043, DEBUG, control values: 0.010.5
2015-09-14 00:37:05,045, DEBUG, control values: (0.01, 0.5)
2015-09-14 00:37:05,062, INFO,  ---------------------- root --------------------------------
2015-09-14 00:37:05,062, DEBUG, control values: 0.010.5
2015-09-14 00:37:05,063, DEBUG, control values: (0.01, 0.5)
2015-09-14 00:37:05,279, INFO,  ---------------------- root --------------------------------
2015-09-14 00:37:05,279, DEBUG, control values: 0.010.5
2015-09-14 00:37:05,280, DEBUG, control values: (0.01, 0.5)
2015-09-14 00:37:10,427, INFO,  ---------------------- root --------------------------------
2015-09-14 00:37:10,428, DEBUG, control values: 0.010.5
2015-09-14 00:37:10,430, DEBUG, control values: (0.01, 0.5)
2015-09-14 00:37:10,430, INFO,  ---------------------- root --------------------------------
2015-09-14 00:37:10,431, INFO,  ---------------------- root --------------------------------
2015-09-14 00:37:10,433, INFO,  ---------------------- root --------------------------------
2015-09-14 00:37:10,434, INFO,  ---------------------- root --------------------------------
2015-09-14 00:37:10,630, INFO,  ---------------------- root --------------------------------
2015-09-14 00:37:10,630, DEBUG, control values: 0.022
2015-09-14 00:37:10,631, DEBUG, control values: (0.02, 2)
2015-09-14 00:37:10,851, DEBUG, control values: 0.022
2015-09-14 00:37:10,852, DEBUG, control values: (0.02, 2)
2015-09-14 00:37:11,078, DEBUG, control values: 0.022
2015-09-14 00:37:11,079, DEBUG, control values: (0.02, 2)
2015-09-14 00:37:11,746, DEBUG, control values: 0.022
2015-09-14 00:37:11,747, DEBUG, control values: (0.02, 2)
2015-09-14 00:37:11,963, DEBUG, control values: 0.022
2015-09-14 00:37:11,963, DEBUG, control values: (0.02, 2)
2015-09-14 00:37:12,180, DEBUG, control values: 0.022
2015-09-14 00:37:12,180, DEBUG, control values: (0.02, 2)
2015-09-14 00:37:12,733, DEBUG, control values: 0.022
2015-09-14 00:37:12,734, DEBUG, control values: (0.02, 2)
2015-09-14 00:37:12,948, DEBUG, control values: 0.022
2015-09-14 00:37:12,950, DEBUG, control values: (0.02, 2)
2015-09-14 00:37:13,165, DEBUG, control values: 0.022
2015-09-14 00:37:13,167, DEBUG, control values: (0.02, 2)
2015-09-14 00:37:13,381, DEBUG, control values: 0.022
2015-09-14 00:37:13,381, DEBUG, control values: (0.02, 2)
2015-09-14 00:37:13,595, DEBUG, control values: 0.022
2015-09-14 00:37:13,596, DEBUG, control values: (0.02, 2)
2015-09-14 00:37:13,825, DEBUG, control values: 0.022
2015-09-14 00:37:13,825, DEBUG, control values: (0.02, 2)
2015-09-14 00:37:14,040, DEBUG, control values: 0.022
2015-09-14 00:37:14,042, DEBUG, control values: (0.02, 2)
2015-09-14 00:37:14,257, DEBUG, control values: 0.022
2015-09-14 00:37:14,257, DEBUG, control values: (0.02, 2)
2015-09-14 00:37:14,486, DEBUG, control values: 0.022
2015-09-14 00:37:14,487, DEBUG, control values: (0.02, 2)
2015-09-14 00:37:14,711, DEBUG, control values: 0.022
2015-09-14 00:37:14,713, DEBUG, control values: (0.02, 2)
2015-09-14 00:37:14,928, DEBUG, control values: 0.022
2015-09-14 00:37:14,930, DEBUG, control values: (0.02, 2)
2015-09-14 00:37:15,142, DEBUG, control values: 0.022
2015-09-14 00:37:15,144, DEBUG, control values: (0.02, 2)
2015-09-14 00:37:15,367, DEBUG, control values: 0.022
2015-09-14 00:37:15,368, DEBUG, control values: (0.02, 2)
2015-09-14 00:37:15,582, DEBUG, control values: 0.022
2015-09-14 00:37:15,582, DEBUG, control values: (0.02, 2)
2015-09-14 00:37:15,803, DEBUG, control values: 0.022
2015-09-14 00:37:15,805, DEBUG, control values: (0.02, 2)
2015-09-14 00:37:16,023, DEBUG, control values: 0.022
2015-09-14 00:37:16,025, DEBUG, control values: (0.02, 2)
2015-09-14 00:37:16,250, DEBUG, control values: 0.022
2015-09-14 00:37:16,250, DEBUG, control values: (0.02, 2)
2015-09-14 00:37:16,464, DEBUG, control values: 0.022
2015-09-14 00:37:16,466, DEBUG, control values: (0.02, 2)
2015-09-14 00:37:16,678, DEBUG, control values: 0.022
2015-09-14 00:37:16,680, DEBUG, control values: (0.02, 2)
2015-09-14 00:37:16,905, DEBUG, control values: 0.022
2015-09-14 00:37:16,907, DEBUG, control values: (0.02, 2)
2015-09-14 00:37:17,131, DEBUG, control values: 0.022
2015-09-14 00:37:17,132, DEBUG, control values: (0.02, 2)
2015-09-14 00:37:17,739, DEBUG, control values: 0.022
2015-09-14 00:37:17,740, DEBUG, control values: (0.02, 2)
2015-09-14 00:37:17,964, DEBUG, control values: 0.022
2015-09-14 00:37:17,966, DEBUG, control values: (0.02, 2)
2015-09-14 00:37:18,180, DEBUG, control values: 0.022
2015-09-14 00:37:18,180, DEBUG, control values: (0.02, 2)
2015-09-14 00:37:18,413, INFO,  ---------------------- root --------------------------------
2015-09-14 00:42:32,726, INFO,  ---------------------- root --------------------------------
2015-09-14 00:42:32,742, INFO,  ---------------------- root --------------------------------
2015-09-14 00:42:32,756, INFO,  ---------------------- root --------------------------------
2015-09-14 00:42:32,756, DEBUG, control values: 0.010.5
2015-09-14 00:42:32,756, DEBUG, control values: (0.01, 0.5)
2015-09-14 00:42:32,773, INFO,  ---------------------- root --------------------------------
2015-09-14 00:42:32,773, DEBUG, control values: 0.010.5
2015-09-14 00:42:32,773, DEBUG, control values: (0.01, 0.5)
2015-09-14 00:42:32,976, INFO,  ---------------------- root --------------------------------
2015-09-14 00:42:32,976, DEBUG, control values: 0.010.5
2015-09-14 00:42:32,992, DEBUG, control values: (0.01, 0.5)
2015-09-14 00:42:38,039, INFO,  ---------------------- root --------------------------------
2015-09-14 00:42:38,039, DEBUG, control values: 0.010.5
2015-09-14 00:42:38,039, DEBUG, control values: (0.01, 0.5)
2015-09-14 00:42:38,039, INFO,  ---------------------- root --------------------------------
2015-09-14 00:42:38,039, INFO,  ---------------------- root --------------------------------
2015-09-14 00:42:38,039, INFO,  ---------------------- root --------------------------------
2015-09-14 00:42:38,039, INFO,  ---------------------- root --------------------------------
2015-09-14 00:42:39,726, INFO,  ---------------------- root --------------------------------
2015-09-14 00:42:39,726, DEBUG, control values: 0.022
2015-09-14 00:42:39,726, DEBUG, control values: (0.02, 2)
2015-09-14 00:42:39,928, DEBUG, control values: 0.022
2015-09-14 00:42:39,928, DEBUG, control values: (0.02, 2)
2015-09-14 00:42:40,131, DEBUG, control values: 0.022
2015-09-14 00:42:40,131, DEBUG, control values: (0.02, 2)
2015-09-14 00:42:40,335, DEBUG, control values: 0.022
2015-09-14 00:42:40,335, DEBUG, control values: (0.02, 2)
2015-09-14 00:42:40,539, DEBUG, control values: 0.022
2015-09-14 00:42:40,539, DEBUG, control values: (0.02, 2)
2015-09-14 00:42:40,742, DEBUG, control values: 0.022
2015-09-14 00:42:40,742, DEBUG, control values: (0.02, 2)
2015-09-14 00:42:40,976, DEBUG, control values: 0.022
2015-09-14 00:42:40,992, DEBUG, control values: (0.02, 2)
2015-09-14 00:42:41,210, DEBUG, control values: 0.022
2015-09-14 00:42:41,210, DEBUG, control values: (0.02, 2)
2015-09-14 00:42:41,414, DEBUG, control values: 0.022
2015-09-14 00:42:41,414, DEBUG, control values: (0.02, 2)
2015-09-14 00:42:41,617, DEBUG, control values: 0.022
2015-09-14 00:42:41,617, DEBUG, control values: (0.02, 2)
2015-09-14 00:42:41,819, DEBUG, control values: 0.022
2015-09-14 00:42:41,819, DEBUG, control values: (0.02, 2)
2015-09-14 00:42:42,023, DEBUG, control values: 0.022
2015-09-14 00:42:42,023, DEBUG, control values: (0.02, 2)
2015-09-14 00:42:42,226, DEBUG, control values: 0.022
2015-09-14 00:42:42,226, DEBUG, control values: (0.02, 2)
2015-09-14 00:42:42,428, DEBUG, control values: 0.022
2015-09-14 00:42:42,428, DEBUG, control values: (0.02, 2)
2015-09-14 00:42:42,631, DEBUG, control values: 0.022
2015-09-14 00:42:42,631, DEBUG, control values: (0.02, 2)
2015-09-14 00:42:42,835, DEBUG, control values: 0.022
2015-09-14 00:42:42,835, DEBUG, control values: (0.02, 2)
2015-09-14 00:42:43,039, DEBUG, control values: 0.022
2015-09-14 00:42:43,039, DEBUG, control values: (0.02, 2)
2015-09-14 00:42:43,242, DEBUG, control values: 0.022
2015-09-14 00:42:43,242, DEBUG, control values: (0.02, 2)
2015-09-14 00:42:43,444, DEBUG, control values: 0.022
2015-09-14 00:42:43,444, DEBUG, control values: (0.02, 2)
2015-09-14 00:42:43,648, DEBUG, control values: 0.022
2015-09-14 00:42:43,648, DEBUG, control values: (0.02, 2)
2015-09-14 00:42:43,851, DEBUG, control values: 0.022
2015-09-14 00:42:43,851, DEBUG, control values: (0.02, 2)
2015-09-14 00:42:44,053, DEBUG, control values: 0.022
2015-09-14 00:42:44,053, DEBUG, control values: (0.02, 2)
2015-09-14 00:42:44,742, DEBUG, control values: 0.022
2015-09-14 00:42:44,742, DEBUG, control values: (0.02, 2)
2015-09-14 00:42:44,944, DEBUG, control values: 0.022
2015-09-14 00:42:44,944, DEBUG, control values: (0.02, 2)
2015-09-14 00:42:45,148, DEBUG, control values: 0.022
2015-09-14 00:42:45,148, DEBUG, control values: (0.02, 2)
2015-09-14 00:42:45,367, DEBUG, control values: 0.022
2015-09-14 00:42:45,367, DEBUG, control values: (0.02, 2)
2015-09-14 00:42:45,569, DEBUG, control values: 0.022
2015-09-14 00:42:45,585, DEBUG, control values: (0.02, 2)
2015-09-14 00:42:45,789, DEBUG, control values: 0.022
2015-09-14 00:42:45,803, DEBUG, control values: (0.02, 2)
2015-09-14 00:42:46,006, DEBUG, control values: 0.022
2015-09-14 00:42:46,006, DEBUG, control values: (0.02, 2)
2015-09-14 00:42:46,210, DEBUG, control values: 0.022
2015-09-14 00:42:46,226, DEBUG, control values: (0.02, 2)
2015-09-14 00:42:46,428, INFO,  ---------------------- root --------------------------------
2015-09-14 12:11:59,483, INFO,  ---------------------- root --------------------------------
2015-09-14 12:11:59,493, INFO,  ---------------------- root --------------------------------
2015-09-14 12:11:59,503, INFO,  ---------------------- root --------------------------------
2015-09-14 12:11:59,503, DEBUG, control values: 0.010.5
2015-09-14 12:11:59,503, DEBUG, control values: (0.01, 0.5)
2015-09-14 12:11:59,513, INFO,  ---------------------- root --------------------------------
2015-09-14 12:11:59,513, DEBUG, control values: 0.010.5
2015-09-14 12:11:59,513, DEBUG, control values: (0.01, 0.5)
2015-09-14 12:11:59,713, INFO,  ---------------------- root --------------------------------
2015-09-14 12:11:59,713, DEBUG, control values: 0.010.5
2015-09-14 12:11:59,713, DEBUG, control values: (0.01, 0.5)
2015-09-14 12:12:04,625, INFO,  ---------------------- root --------------------------------
2015-09-14 12:12:04,625, DEBUG, control values: 0.010.5
2015-09-14 12:12:04,625, DEBUG, control values: (0.01, 0.5)
2015-09-14 12:12:04,625, INFO,  ---------------------- root --------------------------------
2015-09-14 12:12:04,625, INFO,  ---------------------- root --------------------------------
2015-09-14 12:12:04,625, INFO,  ---------------------- root --------------------------------
2015-09-14 12:12:04,625, INFO,  ---------------------- root --------------------------------
2015-09-14 12:12:05,365, INFO,  ---------------------- root --------------------------------
2015-09-14 12:12:05,365, DEBUG, control values: 0.022
2015-09-14 12:12:05,365, DEBUG, control values: (0.02, 2)
2015-09-14 12:12:05,565, DEBUG, control values: 0.022
2015-09-14 12:12:05,565, DEBUG, control values: (0.02, 2)
2015-09-14 12:12:05,783, DEBUG, control values: 0.022
2015-09-14 12:12:05,783, DEBUG, control values: (0.02, 2)
2015-09-14 12:12:05,993, DEBUG, control values: 0.022
2015-09-14 12:12:05,993, DEBUG, control values: (0.02, 2)
2015-09-14 12:12:06,203, DEBUG, control values: 0.022
2015-09-14 12:12:06,203, DEBUG, control values: (0.02, 2)
2015-09-14 12:12:06,404, DEBUG, control values: 0.022
2015-09-14 12:12:06,404, DEBUG, control values: (0.02, 2)
2015-09-14 12:12:06,614, DEBUG, control values: 0.022
2015-09-14 12:12:06,614, DEBUG, control values: (0.02, 2)
2015-09-14 12:12:08,265, DEBUG, control values: 0.022
2015-09-14 12:12:08,743, DEBUG, control values: (0.02, 2)
2015-09-14 12:12:08,953, DEBUG, control values: 0.022
2015-09-14 12:12:08,953, DEBUG, control values: (0.02, 2)
2015-09-14 12:12:09,153, DEBUG, control values: 0.022
2015-09-14 12:12:09,163, DEBUG, control values: (0.02, 2)
2015-09-14 12:12:09,362, DEBUG, control values: 0.022
2015-09-14 12:12:09,372, DEBUG, control values: (0.02, 2)
2015-09-14 12:12:09,582, DEBUG, control values: 0.022
2015-09-14 12:12:09,582, DEBUG, control values: (0.02, 2)
2015-09-14 12:12:09,792, DEBUG, control values: 0.022
2015-09-14 12:12:09,792, DEBUG, control values: (0.02, 2)
2015-09-14 12:12:10,003, DEBUG, control values: 0.022
2015-09-14 12:12:10,003, DEBUG, control values: (0.02, 2)
2015-09-14 12:12:10,213, DEBUG, control values: 0.022
2015-09-14 12:12:10,213, DEBUG, control values: (0.02, 2)
2015-09-14 12:12:10,414, DEBUG, control values: 0.022
2015-09-14 12:12:10,424, DEBUG, control values: (0.02, 2)
2015-09-14 12:12:10,634, DEBUG, control values: 0.022
2015-09-14 12:12:10,634, DEBUG, control values: (0.02, 2)
2015-09-14 12:12:10,844, DEBUG, control values: 0.022
2015-09-14 12:12:10,844, DEBUG, control values: (0.02, 2)
2015-09-14 12:12:11,061, DEBUG, control values: 0.022
2015-09-14 12:12:11,061, DEBUG, control values: (0.02, 2)
2015-09-14 12:12:11,260, DEBUG, control values: 0.022
2015-09-14 12:12:11,270, DEBUG, control values: (0.02, 2)
2015-09-14 12:12:11,480, DEBUG, control values: 0.022
2015-09-14 12:12:11,480, DEBUG, control values: (0.02, 2)
2015-09-14 12:12:11,680, DEBUG, control values: 0.022
2015-09-14 12:12:11,680, DEBUG, control values: (0.02, 2)
2015-09-14 12:12:11,891, DEBUG, control values: 0.022
2015-09-14 12:12:11,901, DEBUG, control values: (0.02, 2)
2015-09-14 12:12:12,101, DEBUG, control values: 0.022
2015-09-14 12:12:12,111, DEBUG, control values: (0.02, 2)
2015-09-14 12:12:12,311, DEBUG, control values: 0.022
2015-09-14 12:12:12,311, DEBUG, control values: (0.02, 2)
2015-09-14 12:12:12,530, DEBUG, control values: 0.022
2015-09-14 12:12:12,530, DEBUG, control values: (0.02, 2)
2015-09-14 12:12:12,740, DEBUG, control values: 0.022
2015-09-14 12:12:12,740, DEBUG, control values: (0.02, 2)
2015-09-14 12:12:13,301, DEBUG, control values: 0.022
2015-09-14 12:12:13,301, DEBUG, control values: (0.02, 2)
2015-09-14 12:12:13,510, DEBUG, control values: 0.022
2015-09-14 12:12:13,510, DEBUG, control values: (0.02, 2)
2015-09-14 12:12:13,711, DEBUG, control values: 0.022
2015-09-14 12:12:13,721, DEBUG, control values: (0.02, 2)
2015-09-14 12:12:13,931, INFO,  ---------------------- root --------------------------------
2015-09-14 12:21:49,947, INFO,  ---------------------- root --------------------------------
2015-09-14 12:21:49,957, INFO,  ---------------------- root --------------------------------
2015-09-14 12:21:49,957, INFO,  ---------------------- root --------------------------------
2015-09-14 12:21:49,957, DEBUG, control values: 0.010.5
2015-09-14 12:21:49,957, DEBUG, control values: (0.01, 0.5)
2015-09-14 12:21:49,967, INFO,  ---------------------- root --------------------------------
2015-09-14 12:21:49,967, DEBUG, control values: 0.010.5
2015-09-14 12:21:49,967, DEBUG, control values: (0.01, 0.5)
2015-09-14 12:21:50,167, INFO,  ---------------------- root --------------------------------
2015-09-14 12:21:50,167, DEBUG, control values: 0.010.5
2015-09-14 12:21:50,167, DEBUG, control values: (0.01, 0.5)
2015-09-14 12:21:55,486, INFO,  ---------------------- root --------------------------------
2015-09-14 12:21:55,486, DEBUG, control values: 0.010.5
2015-09-14 12:21:55,486, DEBUG, control values: (0.01, 0.5)
2015-09-14 12:21:55,486, INFO,  ---------------------- root --------------------------------
2015-09-14 12:21:55,486, INFO,  ---------------------- root --------------------------------
2015-09-14 12:21:55,486, INFO,  ---------------------- root --------------------------------
2015-09-14 12:21:55,486, INFO,  ---------------------- root --------------------------------
2015-09-14 12:21:55,617, INFO,  ---------------------- root --------------------------------
2015-09-14 12:21:55,617, DEBUG, control values: 0.022
2015-09-14 12:21:55,617, DEBUG, control values: (0.02, 2)
2015-09-14 12:21:55,816, DEBUG, control values: 0.022
2015-09-14 12:21:55,816, DEBUG, control values: (0.02, 2)
2015-09-14 12:21:56,016, DEBUG, control values: 0.022
2015-09-14 12:21:56,016, DEBUG, control values: (0.02, 2)
2015-09-14 12:21:56,217, DEBUG, control values: 0.022
2015-09-14 12:21:56,217, DEBUG, control values: (0.02, 2)
2015-09-14 12:21:56,417, DEBUG, control values: 0.022
2015-09-14 12:21:56,417, DEBUG, control values: (0.02, 2)
2015-09-14 12:21:56,617, DEBUG, control values: 0.022
2015-09-14 12:21:56,617, DEBUG, control values: (0.02, 2)
2015-09-14 12:21:57,296, DEBUG, control values: 0.022
2015-09-14 12:21:57,296, DEBUG, control values: (0.02, 2)
2015-09-14 12:21:57,496, DEBUG, control values: 0.022
2015-09-14 12:21:57,496, DEBUG, control values: (0.02, 2)
2015-09-14 12:21:57,697, DEBUG, control values: 0.022
2015-09-14 12:21:57,697, DEBUG, control values: (0.02, 2)
2015-09-14 12:21:57,897, DEBUG, control values: 0.022
2015-09-14 12:21:57,897, DEBUG, control values: (0.02, 2)
2015-09-14 12:21:58,096, DEBUG, control values: 0.022
2015-09-14 12:21:58,096, DEBUG, control values: (0.02, 2)
2015-09-14 12:21:58,296, DEBUG, control values: 0.022
2015-09-14 12:21:58,296, DEBUG, control values: (0.02, 2)
2015-09-14 12:21:58,496, DEBUG, control values: 0.022
2015-09-14 12:21:58,496, DEBUG, control values: (0.02, 2)
2015-09-14 12:21:58,707, DEBUG, control values: 0.022
2015-09-14 12:21:58,707, DEBUG, control values: (0.02, 2)
2015-09-14 12:21:58,917, DEBUG, control values: 0.022
2015-09-14 12:21:58,917, DEBUG, control values: (0.02, 2)
2015-09-14 12:21:59,117, DEBUG, control values: 0.022
2015-09-14 12:21:59,117, DEBUG, control values: (0.02, 2)
2015-09-14 12:21:59,316, DEBUG, control values: 0.022
2015-09-14 12:21:59,316, DEBUG, control values: (0.02, 2)
2015-09-14 12:21:59,519, DEBUG, control values: 0.022
2015-09-14 12:21:59,519, DEBUG, control values: (0.02, 2)
2015-09-14 12:21:59,720, DEBUG, control values: 0.022
2015-09-14 12:21:59,720, DEBUG, control values: (0.02, 2)
2015-09-14 12:21:59,920, DEBUG, control values: 0.022
2015-09-14 12:21:59,920, DEBUG, control values: (0.02, 2)
2015-09-14 12:22:00,130, DEBUG, control values: 0.022
2015-09-14 12:22:00,130, DEBUG, control values: (0.02, 2)
2015-09-14 12:22:00,329, DEBUG, control values: 0.022
2015-09-14 12:22:00,329, DEBUG, control values: (0.02, 2)
2015-09-14 12:22:00,539, DEBUG, control values: 0.022
2015-09-14 12:22:00,539, DEBUG, control values: (0.02, 2)
2015-09-14 12:22:00,740, DEBUG, control values: 0.022
2015-09-14 12:22:00,740, DEBUG, control values: (0.02, 2)
2015-09-14 12:22:01,141, DEBUG, control values: 0.022
2015-09-14 12:22:01,151, DEBUG, control values: (0.02, 2)
2015-09-14 12:22:01,351, DEBUG, control values: 0.022
2015-09-14 12:22:01,351, DEBUG, control values: (0.02, 2)
2015-09-14 12:22:01,551, DEBUG, control values: 0.022
2015-09-14 12:22:01,551, DEBUG, control values: (0.02, 2)
2015-09-14 12:22:01,760, DEBUG, control values: 0.022
2015-09-14 12:22:01,760, DEBUG, control values: (0.02, 2)
2015-09-14 12:22:01,960, DEBUG, control values: 0.022
2015-09-14 12:22:01,960, DEBUG, control values: (0.02, 2)
2015-09-14 12:22:02,161, DEBUG, control values: 0.022
2015-09-14 12:22:02,161, DEBUG, control values: (0.02, 2)
2015-09-14 12:22:02,361, INFO,  ---------------------- root --------------------------------
2015-09-14 12:58:45,657, INFO,  ---------------------- root --------------------------------
2015-09-14 12:58:45,665, INFO,  ---------------------- root --------------------------------
2015-09-14 12:58:45,670, INFO,  ---------------------- root --------------------------------
2015-09-14 12:58:45,670, DEBUG, control values: 0.010.5
2015-09-14 12:58:45,670, DEBUG, control values: (0.01, 0.5)
2015-09-14 12:58:45,674, INFO,  ---------------------- root --------------------------------
2015-09-14 12:58:45,674, DEBUG, control values: 0.010.5
2015-09-14 12:58:45,674, DEBUG, control values: (0.01, 0.5)
2015-09-14 12:58:45,881, INFO,  ---------------------- root --------------------------------
2015-09-14 12:58:45,881, DEBUG, control values: 0.010.5
2015-09-14 12:58:45,882, DEBUG, control values: (0.01, 0.5)
2015-09-14 12:58:50,887, INFO,  ---------------------- root --------------------------------
2015-09-14 12:58:50,888, DEBUG, control values: 0.010.5
2015-09-14 12:58:50,888, DEBUG, control values: (0.01, 0.5)
2015-09-14 12:58:50,890, INFO,  ---------------------- root --------------------------------
2015-09-14 12:58:50,891, INFO,  ---------------------- root --------------------------------
2015-09-14 12:58:50,891, INFO,  ---------------------- root --------------------------------
2015-09-14 12:58:50,892, INFO,  ---------------------- root --------------------------------
2015-09-14 12:58:51,099, INFO,  ---------------------- root --------------------------------
2015-09-14 12:58:51,099, DEBUG, control values: 0.022
2015-09-14 12:58:51,101, DEBUG, control values: (0.02, 2)
2015-09-14 12:58:51,305, DEBUG, control values: 0.022
2015-09-14 12:58:51,305, DEBUG, control values: (0.02, 2)
2015-09-14 12:58:51,512, DEBUG, control values: 0.022
2015-09-14 12:58:51,513, DEBUG, control values: (0.02, 2)
2015-09-14 12:58:51,720, DEBUG, control values: 0.022
2015-09-14 12:58:51,720, DEBUG, control values: (0.02, 2)
2015-09-14 12:58:51,933, DEBUG, control values: 0.022
2015-09-14 12:58:51,934, DEBUG, control values: (0.02, 2)
2015-09-14 12:58:52,147, DEBUG, control values: 0.022
2015-09-14 12:58:52,147, DEBUG, control values: (0.02, 2)
2015-09-14 12:58:52,355, DEBUG, control values: 0.022
2015-09-14 12:58:52,355, DEBUG, control values: (0.02, 2)
2015-09-14 12:58:52,563, DEBUG, control values: 0.022
2015-09-14 12:58:52,565, DEBUG, control values: (0.02, 2)
2015-09-14 12:58:52,796, DEBUG, control values: 0.022
2015-09-14 12:58:52,796, DEBUG, control values: (0.02, 2)
2015-09-14 12:58:54,571, DEBUG, control values: 0.022
2015-09-14 12:58:54,572, DEBUG, control values: (0.02, 2)
2015-09-14 12:58:54,780, DEBUG, control values: 0.022
2015-09-14 12:58:54,780, DEBUG, control values: (0.02, 2)
2015-09-14 12:58:54,989, DEBUG, control values: 0.022
2015-09-14 12:58:54,990, DEBUG, control values: (0.02, 2)
2015-09-14 12:58:55,197, DEBUG, control values: 0.022
2015-09-14 12:58:55,200, DEBUG, control values: (0.02, 2)
2015-09-14 12:58:55,408, DEBUG, control values: 0.022
2015-09-14 12:58:55,408, DEBUG, control values: (0.02, 2)
2015-09-14 12:58:55,615, DEBUG, control values: 0.022
2015-09-14 12:58:55,617, DEBUG, control values: (0.02, 2)
2015-09-14 12:58:55,823, DEBUG, control values: 0.022
2015-09-14 12:58:55,825, DEBUG, control values: (0.02, 2)
2015-09-14 12:58:56,033, DEBUG, control values: 0.022
2015-09-14 12:58:56,033, DEBUG, control values: (0.02, 2)
2015-09-14 12:58:56,242, DEBUG, control values: 0.022
2015-09-14 12:58:56,243, DEBUG, control values: (0.02, 2)
2015-09-14 12:58:56,450, DEBUG, control values: 0.022
2015-09-14 12:58:56,450, DEBUG, control values: (0.02, 2)
2015-09-14 12:58:56,655, DEBUG, control values: 0.022
2015-09-14 12:58:56,657, DEBUG, control values: (0.02, 2)
2015-09-14 12:58:56,864, DEBUG, control values: 0.022
2015-09-14 12:58:56,865, DEBUG, control values: (0.02, 2)
2015-09-14 12:58:57,072, DEBUG, control values: 0.022
2015-09-14 12:58:57,072, DEBUG, control values: (0.02, 2)
2015-09-14 12:58:57,282, DEBUG, control values: 0.022
2015-09-14 12:58:57,282, DEBUG, control values: (0.02, 2)
2015-09-14 12:58:57,490, DEBUG, control values: 0.022
2015-09-14 12:58:57,490, DEBUG, control values: (0.02, 2)
2015-09-14 12:58:57,698, DEBUG, control values: 0.022
2015-09-14 12:58:57,698, DEBUG, control values: (0.02, 2)
2015-09-14 12:58:57,907, DEBUG, control values: 0.022
2015-09-14 12:58:57,907, DEBUG, control values: (0.02, 2)
2015-09-14 12:58:58,117, DEBUG, control values: 0.022
2015-09-14 12:58:58,118, DEBUG, control values: (0.02, 2)
2015-09-14 12:58:58,325, DEBUG, control values: 0.022
2015-09-14 12:58:58,325, DEBUG, control values: (0.02, 2)
2015-09-14 12:58:58,532, DEBUG, control values: 0.022
2015-09-14 12:58:58,532, DEBUG, control values: (0.02, 2)
2015-09-14 12:58:58,740, DEBUG, control values: 0.022
2015-09-14 12:58:58,740, DEBUG, control values: (0.02, 2)
2015-09-14 12:58:58,946, DEBUG, control values: 0.022
2015-09-14 12:58:58,946, DEBUG, control values: (0.02, 2)
2015-09-14 12:58:59,154, DEBUG, control values: 0.022
2015-09-14 12:58:59,154, DEBUG, control values: (0.02, 2)
2015-09-14 12:58:59,361, DEBUG, control values: 0.022
2015-09-14 12:58:59,362, DEBUG, control values: (0.02, 2)
2015-09-14 12:58:59,571, DEBUG, control values: 0.022
2015-09-14 12:58:59,571, DEBUG, control values: (0.02, 2)
2015-09-14 12:58:59,775, DEBUG, control values: 0.022
2015-09-14 12:58:59,776, DEBUG, control values: (0.02, 2)
2015-09-14 12:58:59,980, DEBUG, control values: 0.022
2015-09-14 12:58:59,980, DEBUG, control values: (0.02, 2)
2015-09-14 12:59:00,184, DEBUG, control values: 0.022
2015-09-14 12:59:00,186, DEBUG, control values: (0.02, 2)
2015-09-14 12:59:00,395, DEBUG, control values: 0.022
2015-09-14 12:59:00,397, DEBUG, control values: (0.02, 2)
2015-09-14 12:59:00,605, DEBUG, control values: 0.022
2015-09-14 12:59:00,605, DEBUG, control values: (0.02, 2)
2015-09-14 12:59:00,813, DEBUG, control values: 0.022
2015-09-14 12:59:00,815, DEBUG, control values: (0.02, 2)
2015-09-14 12:59:01,022, DEBUG, control values: 0.022
2015-09-14 12:59:01,023, DEBUG, control values: (0.02, 2)
2015-09-14 12:59:01,230, DEBUG, control values: 0.022
2015-09-14 12:59:01,232, DEBUG, control values: (0.02, 2)
2015-09-14 12:59:01,438, DEBUG, control values: 0.022
2015-09-14 12:59:01,440, DEBUG, control values: (0.02, 2)
2015-09-14 12:59:01,647, DEBUG, control values: 0.022
2015-09-14 12:59:01,648, DEBUG, control values: (0.02, 2)
2015-09-14 12:59:01,852, DEBUG, control values: 0.022
2015-09-14 12:59:01,854, DEBUG, control values: (0.02, 2)
2015-09-14 12:59:02,072, DEBUG, control values: 0.022
2015-09-14 12:59:02,072, DEBUG, control values: (0.02, 2)
2015-09-14 12:59:02,282, DEBUG, control values: 0.022
2015-09-14 12:59:02,282, DEBUG, control values: (0.02, 2)
2015-09-14 12:59:02,490, DEBUG, control values: 0.022
2015-09-14 12:59:02,490, DEBUG, control values: (0.02, 2)
2015-09-14 12:59:02,697, DEBUG, control values: 0.022
2015-09-14 12:59:02,698, DEBUG, control values: (0.02, 2)
2015-09-14 12:59:02,907, DEBUG, control values: 0.022
2015-09-14 12:59:02,907, DEBUG, control values: (0.02, 2)
2015-09-14 12:59:03,117, INFO,  ---------------------- root --------------------------------
2015-09-14 13:02:02,950, INFO,  ---------------------- root --------------------------------
2015-09-14 13:02:02,957, INFO,  ---------------------- root --------------------------------
2015-09-14 13:02:02,960, INFO,  ---------------------- root --------------------------------
2015-09-14 13:02:02,960, DEBUG, control values: 0.010.5
2015-09-14 13:02:02,960, DEBUG, control values: (0.01, 0.5)
2015-09-14 13:02:02,963, INFO,  ---------------------- root --------------------------------
2015-09-14 13:02:02,963, DEBUG, control values: 0.010.5
2015-09-14 13:02:02,963, DEBUG, control values: (0.01, 0.5)
2015-09-14 13:02:03,170, INFO,  ---------------------- root --------------------------------
2015-09-14 13:02:03,170, DEBUG, control values: 0.010.5
2015-09-14 13:02:03,171, DEBUG, control values: (0.01, 0.5)
2015-09-14 13:02:07,371, INFO,  ---------------------- root --------------------------------
2015-09-14 13:02:07,371, DEBUG, control values: 0.010.5
2015-09-14 13:02:07,372, DEBUG, control values: (0.01, 0.5)
2015-09-14 13:02:07,374, INFO,  ---------------------- root --------------------------------
2015-09-14 13:02:07,375, INFO,  ---------------------- root --------------------------------
2015-09-14 13:02:07,375, INFO,  ---------------------- root --------------------------------
2015-09-14 13:02:07,378, INFO,  ---------------------- root --------------------------------
2015-09-14 13:02:08,072, INFO,  ---------------------- root --------------------------------
2015-09-14 13:02:08,072, DEBUG, control values: 0.022
2015-09-14 13:02:08,073, DEBUG, control values: (0.02, 2)
2015-09-14 13:02:08,280, DEBUG, control values: 0.022
2015-09-14 13:02:08,282, DEBUG, control values: (0.02, 2)
2015-09-14 13:02:08,486, DEBUG, control values: 0.022
2015-09-14 13:02:08,486, DEBUG, control values: (0.02, 2)
2015-09-14 13:02:08,690, DEBUG, control values: 0.022
2015-09-14 13:02:08,691, DEBUG, control values: (0.02, 2)
2015-09-14 13:02:08,897, DEBUG, control values: 0.022
2015-09-14 13:02:09,293, DEBUG, control values: (0.02, 2)
2015-09-14 13:02:09,500, DEBUG, control values: 0.022
2015-09-14 13:02:09,500, DEBUG, control values: (0.02, 2)
2015-09-14 13:02:09,707, DEBUG, control values: 0.022
2015-09-14 13:02:09,707, DEBUG, control values: (0.02, 2)
2015-09-14 13:02:09,914, DEBUG, control values: 0.022
2015-09-14 13:02:09,914, DEBUG, control values: (0.02, 2)
2015-09-14 13:02:10,119, DEBUG, control values: 0.022
2015-09-14 13:02:10,121, DEBUG, control values: (0.02, 2)
2015-09-14 13:02:10,325, DEBUG, control values: 0.022
2015-09-14 13:02:10,326, DEBUG, control values: (0.02, 2)
2015-09-14 13:02:10,533, DEBUG, control values: 0.022
2015-09-14 13:02:10,533, DEBUG, control values: (0.02, 2)
2015-09-14 13:02:10,743, DEBUG, control values: 0.022
2015-09-14 13:02:10,743, DEBUG, control values: (0.02, 2)
2015-09-14 13:02:10,948, DEBUG, control values: 0.022
2015-09-14 13:02:11,283, DEBUG, control values: (0.02, 2)
2015-09-14 13:02:11,490, DEBUG, control values: 0.022
2015-09-14 13:02:11,490, DEBUG, control values: (0.02, 2)
2015-09-14 13:02:11,696, DEBUG, control values: 0.022
2015-09-14 13:02:11,697, DEBUG, control values: (0.02, 2)
2015-09-14 13:02:11,901, DEBUG, control values: 0.022
2015-09-14 13:02:11,903, DEBUG, control values: (0.02, 2)
2015-09-14 13:02:12,109, DEBUG, control values: 0.022
2015-09-14 13:02:12,109, DEBUG, control values: (0.02, 2)
2015-09-14 13:02:12,315, DEBUG, control values: 0.022
2015-09-14 13:02:12,316, DEBUG, control values: (0.02, 2)
2015-09-14 13:02:12,523, DEBUG, control values: 0.022
2015-09-14 13:02:12,523, DEBUG, control values: (0.02, 2)
2015-09-14 13:02:12,730, DEBUG, control values: 0.022
2015-09-14 13:02:12,730, DEBUG, control values: (0.02, 2)
2015-09-14 13:02:12,937, DEBUG, control values: 0.022
2015-09-14 13:02:12,937, DEBUG, control values: (0.02, 2)
2015-09-14 13:02:13,142, DEBUG, control values: 0.022
2015-09-14 13:02:13,144, DEBUG, control values: (0.02, 2)
2015-09-14 13:02:13,355, DEBUG, control values: 0.022
2015-09-14 13:02:13,355, DEBUG, control values: (0.02, 2)
2015-09-14 13:02:13,559, DEBUG, control values: 0.022
2015-09-14 13:02:13,559, DEBUG, control values: (0.02, 2)
2015-09-14 13:02:13,765, DEBUG, control values: 0.022
2015-09-14 13:02:13,766, DEBUG, control values: (0.02, 2)
2015-09-14 13:02:13,971, DEBUG, control values: 0.022
2015-09-14 13:02:13,973, DEBUG, control values: (0.02, 2)
2015-09-14 13:02:14,183, DEBUG, control values: 0.022
2015-09-14 13:02:14,183, DEBUG, control values: (0.02, 2)
2015-09-14 13:02:14,388, DEBUG, control values: 0.022
2015-09-14 13:02:14,388, DEBUG, control values: (0.02, 2)
2015-09-14 13:02:14,592, DEBUG, control values: 0.022
2015-09-14 13:02:14,592, DEBUG, control values: (0.02, 2)
2015-09-14 13:02:15,280, DEBUG, control values: 0.022
2015-09-14 13:02:15,288, DEBUG, control values: (0.02, 2)
2015-09-14 13:02:15,493, DEBUG, control values: 0.022
2015-09-14 13:02:15,494, DEBUG, control values: (0.02, 2)
2015-09-14 13:02:15,701, DEBUG, control values: 0.022
2015-09-14 13:02:15,703, DEBUG, control values: (0.02, 2)
2015-09-14 13:02:15,908, DEBUG, control values: 0.022
2015-09-14 13:02:15,908, DEBUG, control values: (0.02, 2)
2015-09-14 13:02:16,112, DEBUG, control values: 0.022
2015-09-14 13:02:16,112, DEBUG, control values: (0.02, 2)
2015-09-14 13:02:16,318, DEBUG, control values: 0.022
2015-09-14 13:02:16,319, DEBUG, control values: (0.02, 2)
2015-09-14 13:02:16,525, DEBUG, control values: 0.022
2015-09-14 13:02:16,525, DEBUG, control values: (0.02, 2)
2015-09-14 13:02:16,730, DEBUG, control values: 0.022
2015-09-14 13:02:16,732, DEBUG, control values: (0.02, 2)
2015-09-14 13:02:16,937, DEBUG, control values: 0.022
2015-09-14 13:02:17,372, DEBUG, control values: (0.02, 2)
2015-09-14 13:02:17,579, DEBUG, control values: 0.022
2015-09-14 13:02:17,581, DEBUG, control values: (0.02, 2)
2015-09-14 13:02:17,786, DEBUG, control values: 0.022
2015-09-14 13:02:17,786, DEBUG, control values: (0.02, 2)
2015-09-14 13:02:17,992, DEBUG, control values: 0.022
2015-09-14 13:02:17,992, DEBUG, control values: (0.02, 2)
2015-09-14 13:02:18,203, DEBUG, control values: 0.022
2015-09-14 13:02:18,203, DEBUG, control values: (0.02, 2)
2015-09-14 13:02:18,410, DEBUG, control values: 0.022
2015-09-14 13:02:18,411, DEBUG, control values: (0.02, 2)
2015-09-14 13:02:18,618, DEBUG, control values: 0.022
2015-09-14 13:02:18,618, DEBUG, control values: (0.02, 2)
2015-09-14 13:02:18,823, DEBUG, control values: 0.022
2015-09-14 13:02:18,825, DEBUG, control values: (0.02, 2)
2015-09-14 13:02:19,029, DEBUG, control values: 0.022
2015-09-14 13:02:19,030, DEBUG, control values: (0.02, 2)
2015-09-14 13:02:19,237, DEBUG, control values: 0.022
2015-09-14 13:02:19,239, DEBUG, control values: (0.02, 2)
2015-09-14 13:02:19,444, DEBUG, control values: 0.022
2015-09-14 13:02:19,444, DEBUG, control values: (0.02, 2)
2015-09-14 13:02:19,648, DEBUG, control values: 0.022
2015-09-14 13:02:19,648, DEBUG, control values: (0.02, 2)
2015-09-14 13:02:19,854, DEBUG, control values: 0.022
2015-09-14 13:02:19,855, DEBUG, control values: (0.02, 2)
2015-09-14 13:02:20,061, INFO,  ---------------------- root --------------------------------
