2015-09-14 22:39:57,173, INFO,  ---------------------- root --------------------------------
2015-09-14 22:39:57,174, DEBUG, control values: 0.022
2015-09-14 22:39:57,174, DEBUG, control values: (0.02, 2)
2015-09-14 22:39:57,178, INFO,  ---------------------- root --------------------------------
2015-09-14 22:39:57,180, DEBUG, control values: 0.022
2015-09-14 22:39:57,180, DEBUG, control values: (0.02, 2)
2015-09-17 23:56:18,914, INFO,  ---------------------- root --------------------------------
2015-09-17 23:56:18,914, DEBUG, control values: 0.022
2015-09-17 23:56:18,921, DEBUG, control values: (0.02, 2)
2015-09-17 23:56:18,937, INFO,  ---------------------- root --------------------------------
2015-09-17 23:56:18,946, DEBUG, control values: 0.022
2015-09-17 23:56:18,946, DEBUG, control values: (0.02, 2)
2015-09-18 11:26:29,790, INFO,  ---------------------- root --------------------------------
2015-09-18 11:26:30,280, INFO,  ---------------------- root --------------------------------
2015-09-18 11:26:30,280, INFO,  ---------------------- root --------------------------------
2015-09-18 11:26:30,280, INFO,  ---------------------- root --------------------------------
2015-09-18 11:26:30,280, INFO,  ---------------------- root --------------------------------
2015-09-18 11:26:30,280, DEBUG, control values: 0.210
2015-09-18 11:26:30,280, DEBUG, control values: (0.2, 10)
2015-09-18 11:26:30,280, DEBUG, control values: 2.0100
2015-09-18 11:26:30,280, DEBUG, control values: (2.0, 100)
2015-09-18 11:26:30,280, INFO,  ---------------------- root --------------------------------
2015-09-18 11:26:30,280, INFO,  ---------------------- root --------------------------------
2015-09-18 11:26:30,280, DEBUG, control values: 0.010.5
2015-09-18 11:26:30,280, DEBUG, control values: (0.01, 0.5)
2015-09-18 11:26:30,290, INFO,  ---------------------- root --------------------------------
2015-09-18 11:26:30,290, INFO,  ---------------------- root --------------------------------
2015-09-18 11:26:30,290, INFO,  ---------------------- root --------------------------------
2015-09-18 11:26:30,290, DEBUG, incorrect parameters passed
2015-09-18 11:26:30,290, DEBUG, control values: 0.010.5
2015-09-18 11:26:30,290, DEBUG, control values: (0.01, 0.5)
2015-09-18 11:26:30,290, INFO,  ---------------------- root --------------------------------
2015-09-18 11:26:30,290, INFO,  ---------------------- root --------------------------------
2015-09-18 11:26:30,290, DEBUG, control values: 0.010.5
2015-09-18 11:26:30,290, DEBUG, control values: (0.01, 0.5)
2015-09-18 11:26:30,290, DEBUG, control values: 0.022
2015-09-18 11:26:30,290, DEBUG, control values: (0.02, 2)
2015-09-18 11:26:52,779, INFO,  ---------------------- root --------------------------------
2015-09-18 11:26:52,779, INFO,  ---------------------- root --------------------------------
2015-09-18 11:26:52,779, INFO,  ---------------------- root --------------------------------
2015-09-18 11:26:52,779, INFO,  ---------------------- root --------------------------------
2015-09-18 11:26:52,779, INFO,  ---------------------- root --------------------------------
2015-09-18 11:26:52,779, DEBUG, control values: 0.210
2015-09-18 11:26:52,779, DEBUG, control values: (0.2, 10)
2015-09-18 11:26:52,779, DEBUG, control values: 2.0100
2015-09-18 11:26:52,779, DEBUG, control values: (2.0, 100)
2015-09-18 11:26:52,789, INFO,  ---------------------- root --------------------------------
2015-09-18 11:26:52,789, INFO,  ---------------------- root --------------------------------
2015-09-18 11:26:52,789, DEBUG, control values: 0.010.5
2015-09-18 11:26:52,789, DEBUG, control values: (0.01, 0.5)
2015-09-18 11:26:52,789, INFO,  ---------------------- root --------------------------------
2015-09-18 11:26:52,789, INFO,  ---------------------- root --------------------------------
2015-09-18 11:26:52,789, INFO,  ---------------------- root --------------------------------
2015-09-18 11:26:52,789, DEBUG, incorrect parameters passed
2015-09-18 11:26:52,789, DEBUG, control values: 0.010.5
2015-09-18 11:26:52,799, DEBUG, control values: (0.01, 0.5)
2015-09-18 11:26:52,799, INFO,  ---------------------- root --------------------------------
2015-09-18 11:26:52,799, INFO,  ---------------------- root --------------------------------
2015-09-18 11:26:52,799, DEBUG, control values: 0.010.5
2015-09-18 11:26:52,799, DEBUG, control values: (0.01, 0.5)
2015-09-18 11:26:52,799, DEBUG, control values: 0.022
2015-09-18 11:26:52,799, DEBUG, control values: (0.02, 2)
2015-09-18 11:31:45,769, INFO,  ---------------------- root --------------------------------
2015-09-18 11:31:45,769, INFO,  ---------------------- root --------------------------------
2015-09-18 11:31:45,769, INFO,  ---------------------- root --------------------------------
2015-09-18 11:31:45,769, INFO,  ---------------------- root --------------------------------
2015-09-18 11:31:45,769, INFO,  ---------------------- root --------------------------------
2015-09-18 11:31:45,769, DEBUG, control values: 0.210
2015-09-18 11:31:45,769, DEBUG, control values: (0.2, 10)
2015-09-18 11:31:45,769, DEBUG, control values: 2.0100
2015-09-18 11:31:45,769, DEBUG, control values: (2.0, 100)
2015-09-18 11:31:45,779, INFO,  ---------------------- root --------------------------------
2015-09-18 11:31:45,779, INFO,  ---------------------- root --------------------------------
2015-09-18 11:31:45,779, DEBUG, control values: 0.010.5
2015-09-18 11:31:45,779, DEBUG, control values: (0.01, 0.5)
2015-09-18 11:31:45,779, INFO,  ---------------------- root --------------------------------
2015-09-18 11:31:45,779, INFO,  ---------------------- root --------------------------------
2015-09-18 11:31:45,779, INFO,  ---------------------- root --------------------------------
2015-09-18 11:31:45,789, DEBUG, incorrect parameters passed
2015-09-18 11:31:45,789, DEBUG, control values: 0.010.5
2015-09-18 11:31:45,789, DEBUG, control values: (0.01, 0.5)
2015-09-18 11:31:45,789, INFO,  ---------------------- root --------------------------------
2015-09-18 11:31:45,789, INFO,  ---------------------- root --------------------------------
2015-09-18 11:31:45,789, DEBUG, control values: 0.010.5
2015-09-18 11:31:45,789, DEBUG, control values: (0.01, 0.5)
2015-09-18 11:31:45,789, DEBUG, control values: 0.022
2015-09-18 11:31:45,789, DEBUG, control values: (0.02, 2)
2015-09-18 11:31:51,414, INFO,  ---------------------- root --------------------------------
2015-09-18 11:31:51,414, INFO,  ---------------------- root --------------------------------
2015-09-18 11:31:51,414, INFO,  ---------------------- root --------------------------------
2015-09-18 11:31:51,414, INFO,  ---------------------- root --------------------------------
2015-09-18 11:31:51,414, INFO,  ---------------------- root --------------------------------
2015-09-18 11:31:51,414, DEBUG, control values: 0.210
2015-09-18 11:31:51,414, DEBUG, control values: (0.2, 10)
2015-09-18 11:31:51,414, DEBUG, control values: 2.0100
2015-09-18 11:31:51,414, DEBUG, control values: (2.0, 100)
2015-09-18 11:31:51,424, INFO,  ---------------------- root --------------------------------
2015-09-18 11:31:51,424, INFO,  ---------------------- root --------------------------------
2015-09-18 11:31:51,424, DEBUG, control values: 0.010.5
2015-09-18 11:31:51,424, DEBUG, control values: (0.01, 0.5)
2015-09-18 11:31:51,424, INFO,  ---------------------- root --------------------------------
2015-09-18 11:31:51,424, INFO,  ---------------------- root --------------------------------
2015-09-18 11:31:51,424, INFO,  ---------------------- root --------------------------------
2015-09-18 11:31:51,424, DEBUG, incorrect parameters passed
2015-09-18 11:31:51,424, DEBUG, control values: 0.010.5
2015-09-18 11:31:51,424, DEBUG, control values: (0.01, 0.5)
2015-09-18 11:31:51,434, INFO,  ---------------------- root --------------------------------
2015-09-18 11:31:51,434, INFO,  ---------------------- root --------------------------------
2015-09-18 11:31:51,434, DEBUG, control values: 0.010.5
2015-09-18 11:31:51,434, DEBUG, control values: (0.01, 0.5)
2015-09-18 11:31:51,434, DEBUG, control values: 0.022
2015-09-18 11:31:51,434, DEBUG, control values: (0.02, 2)
2015-09-18 11:31:56,039, INFO,  ---------------------- root --------------------------------
2015-09-18 11:31:56,039, INFO,  ---------------------- root --------------------------------
2015-09-18 11:31:56,039, INFO,  ---------------------- root --------------------------------
2015-09-18 11:31:56,049, INFO,  ---------------------- root --------------------------------
2015-09-18 11:31:56,049, INFO,  ---------------------- root --------------------------------
2015-09-18 11:31:56,049, DEBUG, control values: 0.210
2015-09-18 11:31:56,049, DEBUG, control values: (0.2, 10)
2015-09-18 11:31:56,049, DEBUG, control values: 2.0100
2015-09-18 11:31:56,049, DEBUG, control values: (2.0, 100)
2015-09-18 11:31:56,049, INFO,  ---------------------- root --------------------------------
2015-09-18 11:31:56,049, INFO,  ---------------------- root --------------------------------
2015-09-18 11:31:56,049, DEBUG, control values: 0.010.5
2015-09-18 11:31:56,049, DEBUG, control values: (0.01, 0.5)
2015-09-18 11:31:56,049, INFO,  ---------------------- root --------------------------------
2015-09-18 11:31:56,059, INFO,  ---------------------- root --------------------------------
2015-09-18 11:31:56,059, INFO,  ---------------------- root --------------------------------
2015-09-18 11:31:56,059, DEBUG, incorrect parameters passed
2015-09-18 11:31:56,059, DEBUG, control values: 0.010.5
2015-09-18 11:31:56,059, DEBUG, control values: (0.01, 0.5)
2015-09-18 11:31:56,059, INFO,  ---------------------- root --------------------------------
2015-09-18 11:31:56,059, INFO,  ---------------------- root --------------------------------
2015-09-18 11:31:56,059, DEBUG, control values: 0.010.5
2015-09-18 11:31:56,059, DEBUG, control values: (0.01, 0.5)
2015-09-18 11:31:56,059, DEBUG, control values: 0.022
2015-09-18 11:31:56,059, DEBUG, control values: (0.02, 2)
2015-09-18 11:32:01,803, INFO,  ---------------------- root --------------------------------
2015-09-18 11:32:01,803, INFO,  ---------------------- root --------------------------------
2015-09-18 11:32:01,803, INFO,  ---------------------- root --------------------------------
2015-09-18 11:32:01,803, INFO,  ---------------------- root --------------------------------
2015-09-18 11:32:01,803, INFO,  ---------------------- root --------------------------------
2015-09-18 11:32:01,803, DEBUG, control values: 0.210
2015-09-18 11:32:01,803, DEBUG, control values: (0.2, 10)
2015-09-18 11:32:01,813, DEBUG, control values: 2.0100
2015-09-18 11:32:01,813, DEBUG, control values: (2.0, 100)
2015-09-18 11:32:01,813, INFO,  ---------------------- root --------------------------------
2015-09-18 11:32:01,813, INFO,  ---------------------- root --------------------------------
2015-09-18 11:32:01,813, DEBUG, control values: 0.010.5
2015-09-18 11:32:01,813, DEBUG, control values: (0.01, 0.5)
2015-09-18 11:32:01,813, INFO,  ---------------------- root --------------------------------
2015-09-18 11:32:01,813, INFO,  ---------------------- root --------------------------------
2015-09-18 11:32:01,813, INFO,  ---------------------- root --------------------------------
2015-09-18 11:32:01,813, DEBUG, incorrect parameters passed
2015-09-18 11:32:01,823, DEBUG, control values: 0.010.5
2015-09-18 11:32:01,823, DEBUG, control values: (0.01, 0.5)
2015-09-18 11:32:01,823, INFO,  ---------------------- root --------------------------------
2015-09-18 11:32:01,823, INFO,  ---------------------- root --------------------------------
2015-09-18 11:32:01,823, DEBUG, control values: 0.010.5
2015-09-18 11:32:01,823, DEBUG, control values: (0.01, 0.5)
2015-09-18 11:32:01,823, DEBUG, control values: 0.022
2015-09-18 11:32:01,823, DEBUG, control values: (0.02, 2)
2015-09-18 11:32:17,226, INFO,  ---------------------- root --------------------------------
2015-09-18 11:32:17,236, INFO,  ---------------------- root --------------------------------
2015-09-18 11:32:17,236, INFO,  ---------------------- root --------------------------------
2015-09-18 11:32:17,236, INFO,  ---------------------- root --------------------------------
2015-09-18 11:32:17,236, INFO,  ---------------------- root --------------------------------
2015-09-18 11:32:17,236, DEBUG, control values: 0.210
2015-09-18 11:32:17,236, DEBUG, control values: (0.2, 10)
2015-09-18 11:32:17,236, DEBUG, control values: 2.0100
2015-09-18 11:32:17,236, DEBUG, control values: (2.0, 100)
2015-09-18 11:32:17,236, INFO,  ---------------------- root --------------------------------
2015-09-18 11:32:17,236, INFO,  ---------------------- root --------------------------------
2015-09-18 11:32:17,236, DEBUG, control values: 0.010.5
2015-09-18 11:32:17,236, DEBUG, control values: (0.01, 0.5)
2015-09-18 11:32:17,246, INFO,  ---------------------- root --------------------------------
2015-09-18 11:32:17,246, INFO,  ---------------------- root --------------------------------
2015-09-18 11:32:17,246, INFO,  ---------------------- root --------------------------------
2015-09-18 11:32:17,246, DEBUG, incorrect parameters passed
2015-09-18 11:32:17,246, DEBUG, control values: 0.010.5
2015-09-18 11:32:17,246, DEBUG, control values: (0.01, 0.5)
2015-09-18 11:32:17,246, INFO,  ---------------------- root --------------------------------
2015-09-18 11:32:17,256, INFO,  ---------------------- root --------------------------------
2015-09-18 11:32:17,256, DEBUG, control values: 0.010.5
2015-09-18 11:32:17,256, DEBUG, control values: (0.01, 0.5)
2015-09-18 11:32:17,256, DEBUG, control values: 0.022
2015-09-18 11:32:17,256, DEBUG, control values: (0.02, 2)
2015-09-18 11:32:22,374, INFO,  ---------------------- root --------------------------------
2015-09-18 11:32:22,374, INFO,  ---------------------- root --------------------------------
2015-09-18 11:32:22,374, INFO,  ---------------------- root --------------------------------
2015-09-18 11:32:22,374, INFO,  ---------------------- root --------------------------------
2015-09-18 11:32:22,374, INFO,  ---------------------- root --------------------------------
2015-09-18 11:32:22,374, DEBUG, control values: 0.210
2015-09-18 11:32:22,374, DEBUG, control values: (0.2, 10)
2015-09-18 11:32:22,374, DEBUG, control values: 2.0100
2015-09-18 11:32:22,374, DEBUG, control values: (2.0, 100)
2015-09-18 11:32:22,374, INFO,  ---------------------- root --------------------------------
2015-09-18 11:32:22,374, INFO,  ---------------------- root --------------------------------
2015-09-18 11:32:22,384, DEBUG, control values: 0.010.5
2015-09-18 11:32:22,384, DEBUG, control values: (0.01, 0.5)
2015-09-18 11:32:22,384, INFO,  ---------------------- root --------------------------------
2015-09-18 11:32:22,384, INFO,  ---------------------- root --------------------------------
2015-09-18 11:32:22,384, INFO,  ---------------------- root --------------------------------
2015-09-18 11:32:22,384, DEBUG, incorrect parameters passed
2015-09-18 11:32:22,384, DEBUG, control values: 0.010.5
2015-09-18 11:32:22,384, DEBUG, control values: (0.01, 0.5)
2015-09-18 11:32:22,384, INFO,  ---------------------- root --------------------------------
2015-09-18 11:32:22,384, INFO,  ---------------------- root --------------------------------
2015-09-18 11:32:22,384, DEBUG, control values: 0.010.5
2015-09-18 11:32:22,384, DEBUG, control values: (0.01, 0.5)
2015-09-18 11:32:22,384, DEBUG, control values: 0.022
2015-09-18 11:32:22,384, DEBUG, control values: (0.02, 2)
2015-09-18 11:32:38,720, INFO,  ---------------------- root --------------------------------
2015-09-18 11:32:38,720, INFO,  ---------------------- root --------------------------------
2015-09-18 11:32:38,720, INFO,  ---------------------- root --------------------------------
2015-09-18 11:32:38,730, INFO,  ---------------------- root --------------------------------
2015-09-18 11:32:38,730, INFO,  ---------------------- root --------------------------------
2015-09-18 11:32:38,730, DEBUG, control values: 0.210
2015-09-18 11:32:38,730, DEBUG, control values: (0.2, 10)
2015-09-18 11:32:38,730, DEBUG, control values: 2.0100
2015-09-18 11:32:38,730, DEBUG, control values: (2.0, 100)
2015-09-18 11:32:38,730, INFO,  ---------------------- root --------------------------------
2015-09-18 11:32:38,730, INFO,  ---------------------- root --------------------------------
2015-09-18 11:32:38,730, DEBUG, control values: 0.010.5
2015-09-18 11:32:38,730, DEBUG, control values: (0.01, 0.5)
2015-09-18 11:32:38,730, INFO,  ---------------------- root --------------------------------
2015-09-18 11:32:38,740, INFO,  ---------------------- root --------------------------------
2015-09-18 11:32:38,740, INFO,  ---------------------- root --------------------------------
2015-09-18 11:32:38,740, DEBUG, incorrect parameters passed
2015-09-18 11:32:38,740, DEBUG, control values: 0.010.5
2015-09-18 11:32:38,740, DEBUG, control values: (0.01, 0.5)
2015-09-18 11:32:38,740, INFO,  ---------------------- root --------------------------------
2015-09-18 11:32:38,750, INFO,  ---------------------- root --------------------------------
2015-09-18 11:32:38,750, DEBUG, control values: 0.010.5
2015-09-18 11:32:38,750, DEBUG, control values: (0.01, 0.5)
2015-09-18 11:32:38,752, DEBUG, control values: 0.022
2015-09-18 11:32:38,752, DEBUG, control values: (0.02, 2)
2015-09-18 11:34:48,209, INFO,  ---------------------- root --------------------------------
2015-09-18 11:34:48,209, INFO,  ---------------------- root --------------------------------
2015-09-18 11:34:48,209, INFO,  ---------------------- root --------------------------------
2015-09-18 11:34:48,209, INFO,  ---------------------- root --------------------------------
2015-09-18 11:34:48,209, INFO,  ---------------------- root --------------------------------
2015-09-18 11:34:48,209, DEBUG, control values: 0.210
2015-09-18 11:34:48,209, DEBUG, control values: (0.2, 10)
2015-09-18 11:34:48,209, DEBUG, control values: 2.0100
2015-09-18 11:34:48,209, DEBUG, control values: (2.0, 100)
2015-09-18 11:34:48,209, INFO,  ---------------------- root --------------------------------
2015-09-18 11:34:48,209, INFO,  ---------------------- root --------------------------------
2015-09-18 11:34:48,219, DEBUG, control values: 0.010.5
2015-09-18 11:34:48,219, DEBUG, control values: (0.01, 0.5)
2015-09-18 11:34:48,219, INFO,  ---------------------- root --------------------------------
2015-09-18 11:34:48,219, INFO,  ---------------------- root --------------------------------
2015-09-18 11:34:48,219, INFO,  ---------------------- root --------------------------------
2015-09-18 11:34:48,219, DEBUG, incorrect parameters passed
2015-09-18 11:34:48,219, DEBUG, control values: 0.010.5
2015-09-18 11:34:48,219, DEBUG, control values: (0.01, 0.5)
2015-09-18 11:34:48,219, INFO,  ---------------------- root --------------------------------
2015-09-18 11:34:48,229, INFO,  ---------------------- root --------------------------------
2015-09-18 11:34:48,229, DEBUG, control values: 0.010.5
2015-09-18 11:34:48,229, DEBUG, control values: (0.01, 0.5)
2015-09-18 11:34:48,229, DEBUG, control values: 0.022
2015-09-18 11:34:48,229, DEBUG, control values: (0.02, 2)
2015-09-18 11:34:48,229, INFO,  ---------------------- root --------------------------------
2015-09-18 11:34:48,229, INFO,  ---------------------- root --------------------------------
2015-09-18 11:34:48,239, INFO,  ---------------------- root --------------------------------
2015-09-18 11:34:48,239, DEBUG, control values: 0.010.5
2015-09-18 11:34:48,239, DEBUG, control values: (0.01, 0.5)
2015-09-18 11:34:48,239, INFO,  ---------------------- root --------------------------------
2015-09-18 11:34:48,239, DEBUG, control values: 0.010.5
2015-09-18 11:34:48,239, DEBUG, control values: (0.01, 0.5)
2015-09-18 11:34:48,443, INFO,  ---------------------- root --------------------------------
2015-09-18 11:34:48,443, DEBUG, control values: 0.010.5
2015-09-18 11:34:48,443, DEBUG, control values: (0.01, 0.5)
2015-09-18 11:34:52,653, INFO,  ---------------------- root --------------------------------
2015-09-18 11:34:52,653, DEBUG, control values: 0.010.5
2015-09-18 11:34:52,654, DEBUG, control values: (0.01, 0.5)
2015-09-18 11:34:52,654, INFO,  ---------------------- root --------------------------------
2015-09-18 11:34:52,654, INFO,  ---------------------- root --------------------------------
2015-09-18 11:34:52,654, INFO,  ---------------------- root --------------------------------
2015-09-18 11:34:52,655, INFO,  ---------------------- root --------------------------------
2015-09-18 11:34:52,716, INFO,  ---------------------- root --------------------------------
2015-09-18 11:34:52,716, INFO,  ---------------------- root --------------------------------
2015-09-18 11:34:52,716, INFO,  ---------------------- root --------------------------------
2015-09-18 11:34:52,716, INFO,  ---------------------- root --------------------------------
2015-09-18 11:34:52,716, INFO,  ---------------------- root --------------------------------
2015-09-18 11:34:52,716, INFO,  ---------------------- root --------------------------------
2015-09-18 11:34:52,716, INFO,  ---------------------- root --------------------------------
2015-09-18 11:34:52,726, INFO,  ---------------------- root --------------------------------
2015-09-18 11:34:52,726, INFO,  ---------------------- root --------------------------------
2015-09-18 11:36:12,385, INFO,  ---------------------- root --------------------------------
2015-09-18 11:36:12,385, INFO,  ---------------------- root --------------------------------
2015-09-18 11:36:12,385, INFO,  ---------------------- root --------------------------------
2015-09-18 11:36:12,385, INFO,  ---------------------- root --------------------------------
2015-09-18 11:36:12,385, INFO,  ---------------------- root --------------------------------
2015-09-18 11:36:12,385, DEBUG, control values: 0.210
2015-09-18 11:36:12,385, DEBUG, control values: (0.2, 10)
2015-09-18 11:36:12,395, DEBUG, control values: 2.0100
2015-09-18 11:36:12,395, DEBUG, control values: (2.0, 100)
2015-09-18 11:36:12,395, INFO,  ---------------------- root --------------------------------
2015-09-18 11:36:12,395, INFO,  ---------------------- root --------------------------------
2015-09-18 11:36:12,395, DEBUG, control values: 0.010.5
2015-09-18 11:36:12,395, DEBUG, control values: (0.01, 0.5)
2015-09-18 11:36:12,395, INFO,  ---------------------- root --------------------------------
2015-09-18 11:36:12,395, INFO,  ---------------------- root --------------------------------
2015-09-18 11:36:12,395, INFO,  ---------------------- root --------------------------------
2015-09-18 11:36:12,395, DEBUG, incorrect parameters passed
2015-09-18 11:36:12,395, DEBUG, control values: 0.010.5
2015-09-18 11:36:12,395, DEBUG, control values: (0.01, 0.5)
2015-09-18 11:36:12,395, INFO,  ---------------------- root --------------------------------
2015-09-18 11:36:12,395, INFO,  ---------------------- root --------------------------------
2015-09-18 11:36:12,395, DEBUG, control values: 0.010.5
2015-09-18 11:36:12,395, DEBUG, control values: (0.01, 0.5)
2015-09-18 11:36:12,395, DEBUG, control values: 0.022
2015-09-18 11:36:12,405, DEBUG, control values: (0.02, 2)
2015-09-18 11:36:12,405, INFO,  ---------------------- root --------------------------------
2015-09-18 11:36:12,405, INFO,  ---------------------- root --------------------------------
2015-09-18 11:36:12,415, INFO,  ---------------------- root --------------------------------
2015-09-18 11:36:12,415, DEBUG, control values: 0.010.5
2015-09-18 11:36:12,415, DEBUG, control values: (0.01, 0.5)
2015-09-18 11:36:12,415, INFO,  ---------------------- root --------------------------------
2015-09-18 11:36:12,415, DEBUG, control values: 0.010.5
2015-09-18 11:36:12,415, DEBUG, control values: (0.01, 0.5)
2015-09-18 11:36:12,618, INFO,  ---------------------- root --------------------------------
2015-09-18 11:36:12,618, DEBUG, control values: 0.010.5
2015-09-18 11:36:12,618, DEBUG, control values: (0.01, 0.5)
2015-09-18 11:36:16,874, INFO,  ---------------------- root --------------------------------
2015-09-18 11:36:16,875, DEBUG, control values: 0.010.5
2015-09-18 11:36:16,875, DEBUG, control values: (0.01, 0.5)
2015-09-18 11:36:16,878, INFO,  ---------------------- root --------------------------------
2015-09-18 11:36:16,880, INFO,  ---------------------- root --------------------------------
2015-09-18 11:36:16,881, INFO,  ---------------------- root --------------------------------
2015-09-18 11:36:16,881, INFO,  ---------------------- root --------------------------------
2015-09-18 11:36:17,032, INFO,  ---------------------- root --------------------------------
2015-09-18 11:36:17,032, INFO,  ---------------------- root --------------------------------
2015-09-18 11:36:17,032, INFO,  ---------------------- root --------------------------------
2015-09-18 11:36:17,032, INFO,  ---------------------- root --------------------------------
2015-09-18 11:36:17,032, INFO,  ---------------------- root --------------------------------
2015-09-18 11:36:17,032, INFO,  ---------------------- root --------------------------------
2015-09-18 11:36:17,042, INFO,  ---------------------- root --------------------------------
2015-09-18 11:36:17,042, INFO,  ---------------------- root --------------------------------
2015-09-18 11:36:17,052, INFO,  ---------------------- root --------------------------------
2015-09-18 11:53:02,032, INFO,  ---------------------- root --------------------------------
2015-09-18 11:53:02,032, INFO,  ---------------------- root --------------------------------
2015-09-18 11:53:02,032, INFO,  ---------------------- root --------------------------------
2015-09-18 11:53:02,032, INFO,  ---------------------- root --------------------------------
2015-09-18 11:53:02,032, INFO,  ---------------------- root --------------------------------
2015-09-18 11:53:02,032, DEBUG, control values: 0.210
2015-09-18 11:53:02,032, DEBUG, control values: (0.2, 10)
2015-09-18 11:53:02,032, DEBUG, control values: 2.0100
2015-09-18 11:53:02,032, DEBUG, control values: (2.0, 100)
2015-09-18 11:53:02,032, INFO,  ---------------------- root --------------------------------
2015-09-18 11:53:02,032, INFO,  ---------------------- root --------------------------------
2015-09-18 11:53:02,032, DEBUG, control values: 0.010.5
2015-09-18 11:53:02,042, DEBUG, control values: (0.01, 0.5)
2015-09-18 11:53:02,042, INFO,  ---------------------- root --------------------------------
2015-09-18 11:53:02,042, INFO,  ---------------------- root --------------------------------
2015-09-18 11:53:02,042, INFO,  ---------------------- root --------------------------------
2015-09-18 11:53:02,042, DEBUG, incorrect parameters passed
2015-09-18 11:53:02,042, DEBUG, control values: 0.010.5
2015-09-18 11:53:02,042, DEBUG, control values: (0.01, 0.5)
2015-09-18 11:53:02,042, INFO,  ---------------------- root --------------------------------
2015-09-18 11:53:02,042, INFO,  ---------------------- root --------------------------------
2015-09-18 11:53:02,042, DEBUG, control values: 0.010.5
2015-09-18 11:53:02,042, DEBUG, control values: (0.01, 0.5)
2015-09-18 11:53:02,042, DEBUG, control values: 0.022
2015-09-18 11:53:02,042, DEBUG, control values: (0.02, 2)
2015-09-18 11:53:02,042, INFO,  ---------------------- root --------------------------------
2015-09-18 11:53:02,052, INFO,  ---------------------- root --------------------------------
2015-09-18 11:53:02,052, INFO,  ---------------------- root --------------------------------
2015-09-18 11:53:02,052, DEBUG, control values: 0.010.5
2015-09-18 11:53:02,052, DEBUG, control values: (0.01, 0.5)
2015-09-18 11:53:02,062, INFO,  ---------------------- root --------------------------------
2015-09-18 11:53:02,062, DEBUG, control values: 0.010.5
2015-09-18 11:53:02,062, DEBUG, control values: (0.01, 0.5)
2015-09-18 11:53:02,262, INFO,  ---------------------- root --------------------------------
2015-09-18 11:53:02,262, DEBUG, control values: 0.010.5
2015-09-18 11:53:02,262, DEBUG, control values: (0.01, 0.5)
2015-09-18 11:53:57,211, INFO,  ---------------------- root --------------------------------
2015-09-18 11:53:57,211, INFO,  ---------------------- root --------------------------------
2015-09-18 11:53:57,211, INFO,  ---------------------- root --------------------------------
2015-09-18 11:53:57,211, INFO,  ---------------------- root --------------------------------
2015-09-18 11:53:57,211, INFO,  ---------------------- root --------------------------------
2015-09-18 11:53:57,211, DEBUG, control values: 0.210
2015-09-18 11:53:57,211, DEBUG, control values: (0.2, 10)
2015-09-18 11:53:57,211, DEBUG, control values: 2.0100
2015-09-18 11:53:57,211, DEBUG, control values: (2.0, 100)
2015-09-18 11:53:57,211, INFO,  ---------------------- root --------------------------------
2015-09-18 11:53:57,221, INFO,  ---------------------- root --------------------------------
2015-09-18 11:53:57,221, DEBUG, control values: 0.010.5
2015-09-18 11:53:57,221, DEBUG, control values: (0.01, 0.5)
2015-09-18 11:53:57,221, INFO,  ---------------------- root --------------------------------
2015-09-18 11:53:57,221, INFO,  ---------------------- root --------------------------------
2015-09-18 11:53:57,221, INFO,  ---------------------- root --------------------------------
2015-09-18 11:53:57,221, DEBUG, incorrect parameters passed
2015-09-18 11:53:57,221, DEBUG, control values: 0.010.5
2015-09-18 11:53:57,221, DEBUG, control values: (0.01, 0.5)
2015-09-18 11:53:57,221, INFO,  ---------------------- root --------------------------------
2015-09-18 11:53:57,221, INFO,  ---------------------- root --------------------------------
2015-09-18 11:53:57,221, DEBUG, control values: 0.010.5
2015-09-18 11:53:57,221, DEBUG, control values: (0.01, 0.5)
2015-09-18 11:53:57,221, DEBUG, control values: 0.022
2015-09-18 11:53:57,221, DEBUG, control values: (0.02, 2)
2015-09-18 11:53:57,221, INFO,  ---------------------- root --------------------------------
2015-09-18 11:53:57,232, INFO,  ---------------------- root --------------------------------
2015-09-18 11:53:57,242, INFO,  ---------------------- root --------------------------------
2015-09-18 11:53:57,242, DEBUG, control values: 0.010.5
2015-09-18 11:53:57,242, DEBUG, control values: (0.01, 0.5)
2015-09-18 11:53:57,242, INFO,  ---------------------- root --------------------------------
2015-09-18 11:53:57,242, DEBUG, control values: 0.010.5
2015-09-18 11:53:57,242, DEBUG, control values: (0.01, 0.5)
2015-09-18 11:53:57,441, INFO,  ---------------------- root --------------------------------
2015-09-18 11:53:57,441, DEBUG, control values: 0.010.5
2015-09-18 11:53:57,441, DEBUG, control values: (0.01, 0.5)
2015-09-18 11:54:01,680, INFO,  ---------------------- root --------------------------------
2015-09-18 11:54:01,680, DEBUG, control values: 0.010.5
2015-09-18 11:54:01,680, DEBUG, control values: (0.01, 0.5)
2015-09-18 11:54:01,680, INFO,  ---------------------- root --------------------------------
2015-09-18 11:54:01,680, INFO,  ---------------------- root --------------------------------
2015-09-18 11:54:01,680, INFO,  ---------------------- root --------------------------------
2015-09-18 11:54:01,680, INFO,  ---------------------- root --------------------------------
2015-09-18 11:54:01,838, INFO,  ---------------------- root --------------------------------
2015-09-18 11:54:01,839, INFO,  ---------------------- root --------------------------------
2015-09-18 11:54:01,841, INFO,  ---------------------- root --------------------------------
2015-09-18 11:54:01,842, INFO,  ---------------------- root --------------------------------
2015-09-18 11:54:01,844, INFO,  ---------------------- root --------------------------------
2015-09-18 11:54:01,845, INFO,  ---------------------- root --------------------------------
2015-09-18 11:54:01,848, INFO,  ---------------------- root --------------------------------
2015-09-18 11:54:01,848, INFO,  ---------------------- root --------------------------------
2015-09-18 11:54:01,862, INFO,  ---------------------- root --------------------------------
2015-09-18 12:11:05,786, INFO,  ---------------------- root --------------------------------
2015-09-18 12:11:05,786, INFO,  ---------------------- root --------------------------------
2015-09-18 12:11:05,786, INFO,  ---------------------- root --------------------------------
2015-09-18 12:11:05,786, INFO,  ---------------------- root --------------------------------
2015-09-18 12:11:05,786, INFO,  ---------------------- root --------------------------------
2015-09-18 12:11:05,786, DEBUG, control values: 0.210
2015-09-18 12:11:05,786, DEBUG, control values: (0.2, 10)
2015-09-18 12:11:05,786, DEBUG, control values: 2.0100
2015-09-18 12:11:05,786, DEBUG, control values: (2.0, 100)
2015-09-18 12:11:05,786, INFO,  ---------------------- root --------------------------------
2015-09-18 12:11:05,796, INFO,  ---------------------- root --------------------------------
2015-09-18 12:11:05,796, DEBUG, control values: 0.010.5
2015-09-18 12:11:05,796, DEBUG, control values: (0.01, 0.5)
2015-09-18 12:11:05,796, INFO,  ---------------------- root --------------------------------
2015-09-18 12:11:05,796, INFO,  ---------------------- root --------------------------------
2015-09-18 12:11:05,796, INFO,  ---------------------- root --------------------------------
2015-09-18 12:11:05,796, DEBUG, incorrect parameters passed
2015-09-18 12:11:05,796, DEBUG, control values: 0.010.5
2015-09-18 12:11:05,796, DEBUG, control values: (0.01, 0.5)
2015-09-18 12:11:05,796, INFO,  ---------------------- root --------------------------------
2015-09-18 12:11:05,796, INFO,  ---------------------- root --------------------------------
2015-09-18 12:11:05,796, DEBUG, control values: 0.010.5
2015-09-18 12:11:05,796, DEBUG, control values: (0.01, 0.5)
2015-09-18 12:11:05,796, DEBUG, control values: 0.022
2015-09-18 12:11:05,796, DEBUG, control values: (0.02, 2)
2015-09-18 12:11:20,121, INFO,  ---------------------- root --------------------------------
2015-09-18 12:11:20,131, INFO,  ---------------------- root --------------------------------
2015-09-18 12:11:20,131, INFO,  ---------------------- root --------------------------------
2015-09-18 12:11:20,131, INFO,  ---------------------- root --------------------------------
2015-09-18 12:11:20,131, INFO,  ---------------------- root --------------------------------
2015-09-18 12:11:20,131, DEBUG, control values: 0.210
2015-09-18 12:11:20,131, DEBUG, control values: (0.2, 10)
2015-09-18 12:11:20,131, DEBUG, control values: 2.0100
2015-09-18 12:11:20,131, DEBUG, control values: (2.0, 100)
2015-09-18 12:11:20,131, INFO,  ---------------------- root --------------------------------
2015-09-18 12:11:20,131, INFO,  ---------------------- root --------------------------------
2015-09-18 12:11:20,131, DEBUG, control values: 0.010.5
2015-09-18 12:11:20,131, DEBUG, control values: (0.01, 0.5)
2015-09-18 12:11:20,131, INFO,  ---------------------- root --------------------------------
2015-09-18 12:11:20,131, INFO,  ---------------------- root --------------------------------
2015-09-18 12:11:20,131, INFO,  ---------------------- root --------------------------------
2015-09-18 12:11:20,131, DEBUG, incorrect parameters passed
2015-09-18 12:11:20,131, DEBUG, control values: 0.010.5
2015-09-18 12:11:20,131, DEBUG, control values: (0.01, 0.5)
2015-09-18 12:11:20,131, INFO,  ---------------------- root --------------------------------
2015-09-18 12:11:20,131, INFO,  ---------------------- root --------------------------------
2015-09-18 12:11:20,131, DEBUG, control values: 0.010.5
2015-09-18 12:11:20,131, DEBUG, control values: (0.01, 0.5)
2015-09-18 12:11:20,131, DEBUG, control values: 0.022
2015-09-18 12:11:20,131, DEBUG, control values: (0.02, 2)
2015-09-18 12:15:42,223, INFO,  ---------------------- root --------------------------------
2015-09-18 12:15:42,223, INFO,  ---------------------- root --------------------------------
2015-09-18 12:15:42,223, INFO,  ---------------------- root --------------------------------
2015-09-18 12:15:42,223, INFO,  ---------------------- root --------------------------------
2015-09-18 12:15:42,223, INFO,  ---------------------- root --------------------------------
2015-09-18 12:15:42,223, DEBUG, control values: 0.210
2015-09-18 12:15:42,223, DEBUG, control values: (0.2, 10)
2015-09-18 12:15:42,223, DEBUG, control values: 2.0100
2015-09-18 12:15:42,223, DEBUG, control values: (2.0, 100)
2015-09-18 12:15:42,223, INFO,  ---------------------- root --------------------------------
2015-09-18 12:15:42,223, INFO,  ---------------------- root --------------------------------
2015-09-18 12:15:42,223, DEBUG, control values: 0.010.5
2015-09-18 12:15:42,223, DEBUG, control values: (0.01, 0.5)
2015-09-18 12:15:42,223, INFO,  ---------------------- root --------------------------------
2015-09-18 12:15:42,223, INFO,  ---------------------- root --------------------------------
2015-09-18 12:15:42,223, INFO,  ---------------------- root --------------------------------
2015-09-18 12:15:42,223, DEBUG, incorrect parameters passed
2015-09-18 12:15:42,233, DEBUG, control values: 0.010.5
2015-09-18 12:15:42,233, DEBUG, control values: (0.01, 0.5)
2015-09-18 12:15:42,233, INFO,  ---------------------- root --------------------------------
2015-09-18 12:15:42,233, INFO,  ---------------------- root --------------------------------
2015-09-18 12:15:42,233, DEBUG, control values: 0.010.5
2015-09-18 12:15:42,233, DEBUG, control values: (0.01, 0.5)
2015-09-18 12:15:42,233, DEBUG, control values: 0.022
2015-09-18 12:15:42,233, DEBUG, control values: (0.02, 2)
2015-09-18 12:15:42,233, INFO,  ---------------------- root --------------------------------
2015-09-18 12:15:42,233, INFO,  ---------------------- root --------------------------------
2015-09-18 12:15:42,233, INFO,  ---------------------- root --------------------------------
2015-09-18 12:15:42,233, INFO,  ---------------------- root --------------------------------
2015-09-18 12:15:42,243, INFO,  ---------------------- root --------------------------------
2015-09-18 12:18:48,177, INFO,  ---------------------- root --------------------------------
2015-09-18 12:18:48,177, INFO,  ---------------------- root --------------------------------
2015-09-18 12:18:48,177, INFO,  ---------------------- root --------------------------------
2015-09-18 12:18:48,177, INFO,  ---------------------- root --------------------------------
2015-09-18 12:18:48,177, INFO,  ---------------------- root --------------------------------
2015-09-18 12:18:48,177, DEBUG, control values: 0.210
2015-09-18 12:18:48,177, DEBUG, control values: (0.2, 10)
2015-09-18 12:18:48,177, DEBUG, control values: 2.0100
2015-09-18 12:18:48,177, DEBUG, control values: (2.0, 100)
2015-09-18 12:18:48,177, INFO,  ---------------------- root --------------------------------
2015-09-18 12:18:48,177, INFO,  ---------------------- root --------------------------------
2015-09-18 12:18:48,177, DEBUG, control values: 0.010.5
2015-09-18 12:18:48,177, DEBUG, control values: (0.01, 0.5)
2015-09-18 12:18:48,177, INFO,  ---------------------- root --------------------------------
2015-09-18 12:18:48,177, INFO,  ---------------------- root --------------------------------
2015-09-18 12:18:48,177, INFO,  ---------------------- root --------------------------------
2015-09-18 12:18:48,177, DEBUG, incorrect parameters passed
2015-09-18 12:18:48,177, DEBUG, control values: 0.010.5
2015-09-18 12:18:48,177, DEBUG, control values: (0.01, 0.5)
2015-09-18 12:18:48,177, INFO,  ---------------------- root --------------------------------
2015-09-18 12:18:48,177, INFO,  ---------------------- root --------------------------------
2015-09-18 12:18:48,177, DEBUG, control values: 0.010.5
2015-09-18 12:18:48,177, DEBUG, control values: (0.01, 0.5)
2015-09-18 12:18:48,177, DEBUG, control values: 0.022
2015-09-18 12:18:48,177, DEBUG, control values: (0.02, 2)
2015-09-18 12:18:48,187, INFO,  ---------------------- root --------------------------------
2015-09-18 12:18:48,187, INFO,  ---------------------- root --------------------------------
2015-09-18 12:18:48,187, INFO,  ---------------------- root --------------------------------
2015-09-18 12:18:48,187, INFO,  ---------------------- root --------------------------------
2015-09-18 12:18:48,187, INFO,  ---------------------- root --------------------------------
2015-09-18 12:18:48,187, INFO,  ---------------------- root --------------------------------
2015-09-18 12:18:48,197, INFO,  ---------------------- root --------------------------------
2015-09-18 12:18:48,197, INFO,  ---------------------- root --------------------------------
2015-09-18 12:18:48,197, DEBUG, control values: 0.010.5
2015-09-18 12:18:48,197, DEBUG, control values: (0.01, 0.5)
2015-09-18 12:18:48,197, INFO,  ---------------------- root --------------------------------
2015-09-18 12:18:48,207, DEBUG, control values: 0.010.5
2015-09-18 12:18:48,207, DEBUG, control values: (0.01, 0.5)
2015-09-18 12:18:48,407, INFO,  ---------------------- root --------------------------------
2015-09-18 12:18:48,407, DEBUG, control values: 0.010.5
2015-09-18 12:18:48,407, DEBUG, control values: (0.01, 0.5)
2015-09-18 12:18:52,630, INFO,  ---------------------- root --------------------------------
2015-09-18 12:18:52,631, DEBUG, control values: 0.010.5
2015-09-18 12:18:52,631, DEBUG, control values: (0.01, 0.5)
2015-09-18 12:18:52,632, INFO,  ---------------------- root --------------------------------
2015-09-18 12:18:52,634, INFO,  ---------------------- root --------------------------------
2015-09-18 12:18:52,638, INFO,  ---------------------- root --------------------------------
2015-09-18 12:18:52,640, INFO,  ---------------------- root --------------------------------
2015-09-18 12:18:52,825, INFO,  ---------------------- root --------------------------------
2015-09-18 12:18:52,825, INFO,  ---------------------- root --------------------------------
2015-09-18 12:18:52,825, INFO,  ---------------------- root --------------------------------
2015-09-18 12:18:52,825, INFO,  ---------------------- root --------------------------------
2015-09-18 12:22:53,726, INFO,  ---------------------- root --------------------------------
2015-09-18 12:22:53,726, INFO,  ---------------------- root --------------------------------
2015-09-18 12:22:53,726, INFO,  ---------------------- root --------------------------------
2015-09-18 12:22:53,726, INFO,  ---------------------- root --------------------------------
2015-09-18 12:22:53,726, INFO,  ---------------------- root --------------------------------
2015-09-18 12:22:53,726, DEBUG, control values: 0.210
2015-09-18 12:22:53,726, DEBUG, control values: (0.2, 10)
2015-09-18 12:22:53,726, DEBUG, control values: 2.0100
2015-09-18 12:22:53,726, DEBUG, control values: (2.0, 100)
2015-09-18 12:22:53,726, INFO,  ---------------------- root --------------------------------
2015-09-18 12:22:53,726, INFO,  ---------------------- root --------------------------------
2015-09-18 12:22:53,736, DEBUG, control values: 0.010.5
2015-09-18 12:22:53,736, DEBUG, control values: (0.01, 0.5)
2015-09-18 12:22:53,736, INFO,  ---------------------- root --------------------------------
2015-09-18 12:22:53,736, INFO,  ---------------------- root --------------------------------
2015-09-18 12:22:53,736, INFO,  ---------------------- root --------------------------------
2015-09-18 12:22:53,736, DEBUG, incorrect parameters passed
2015-09-18 12:22:53,736, DEBUG, control values: 0.010.5
2015-09-18 12:22:53,736, DEBUG, control values: (0.01, 0.5)
2015-09-18 12:22:53,736, INFO,  ---------------------- root --------------------------------
2015-09-18 12:22:53,736, INFO,  ---------------------- root --------------------------------
2015-09-18 12:22:53,736, DEBUG, control values: 0.010.5
2015-09-18 12:22:53,736, DEBUG, control values: (0.01, 0.5)
2015-09-18 12:22:53,736, DEBUG, control values: 0.022
2015-09-18 12:22:53,736, DEBUG, control values: (0.02, 2)
2015-09-18 12:22:53,736, INFO,  ---------------------- root --------------------------------
2015-09-18 12:22:53,736, INFO,  ---------------------- root --------------------------------
2015-09-18 12:22:53,736, INFO,  ---------------------- root --------------------------------
2015-09-18 12:22:53,736, INFO,  ---------------------- root --------------------------------
2015-09-18 12:22:53,746, INFO,  ---------------------- root --------------------------------
2015-09-18 12:22:53,746, INFO,  ---------------------- root --------------------------------
2015-09-18 12:22:53,756, INFO,  ---------------------- root --------------------------------
2015-09-18 12:22:53,756, INFO,  ---------------------- root --------------------------------
2015-09-18 12:22:53,756, DEBUG, control values: 0.010.5
2015-09-18 12:22:53,756, DEBUG, control values: (0.01, 0.5)
2015-09-18 12:22:53,756, INFO,  ---------------------- root --------------------------------
2015-09-18 12:22:53,756, DEBUG, control values: 0.010.5
2015-09-18 12:22:53,756, DEBUG, control values: (0.01, 0.5)
2015-09-18 12:22:54,290, INFO,  ---------------------- root --------------------------------
2015-09-18 12:22:54,766, DEBUG, control values: 0.010.5
2015-09-18 12:22:54,766, DEBUG, control values: (0.01, 0.5)
2015-09-18 12:22:58,986, INFO,  ---------------------- root --------------------------------
2015-09-18 12:22:58,987, DEBUG, control values: 0.010.5
2015-09-18 12:22:58,987, DEBUG, control values: (0.01, 0.5)
2015-09-18 12:22:58,987, INFO,  ---------------------- root --------------------------------
2015-09-18 12:22:58,989, INFO,  ---------------------- root --------------------------------
2015-09-18 12:22:58,990, INFO,  ---------------------- root --------------------------------
2015-09-18 12:22:58,990, INFO,  ---------------------- root --------------------------------
2015-09-18 12:22:59,276, INFO,  ---------------------- root --------------------------------
2015-09-18 12:22:59,276, INFO,  ---------------------- root --------------------------------
2015-09-18 12:22:59,278, INFO,  ---------------------- root --------------------------------
2015-09-18 12:22:59,278, INFO,  ---------------------- root --------------------------------
2015-09-18 14:01:14,368, INFO,  ---------------------- root --------------------------------
2015-09-18 14:01:14,368, INFO,  ---------------------- root --------------------------------
2015-09-18 14:01:14,368, INFO,  ---------------------- root --------------------------------
2015-09-18 14:01:14,368, INFO,  ---------------------- root --------------------------------
2015-09-18 14:01:14,368, INFO,  ---------------------- root --------------------------------
2015-09-18 14:01:14,368, DEBUG, control values: 0.210
2015-09-18 14:01:14,368, DEBUG, control values: (0.2, 10)
2015-09-18 14:01:14,368, DEBUG, control values: 2.0100
2015-09-18 14:01:14,368, DEBUG, control values: (2.0, 100)
2015-09-18 14:01:14,368, INFO,  ---------------------- root --------------------------------
2015-09-18 14:01:14,368, INFO,  ---------------------- root --------------------------------
2015-09-18 14:01:14,368, DEBUG, control values: 0.010.5
2015-09-18 14:01:14,368, DEBUG, control values: (0.01, 0.5)
2015-09-18 14:01:14,368, INFO,  ---------------------- root --------------------------------
2015-09-18 14:01:14,368, INFO,  ---------------------- root --------------------------------
2015-09-18 14:01:14,368, INFO,  ---------------------- root --------------------------------
2015-09-18 14:01:14,368, DEBUG, incorrect parameters passed
2015-09-18 14:01:14,368, DEBUG, control values: 0.010.5
2015-09-18 14:01:14,368, DEBUG, control values: (0.01, 0.5)
2015-09-18 14:01:14,368, INFO,  ---------------------- root --------------------------------
2015-09-18 14:01:14,368, INFO,  ---------------------- root --------------------------------
2015-09-18 14:01:14,368, DEBUG, control values: 0.010.5
2015-09-18 14:01:14,368, DEBUG, control values: (0.01, 0.5)
2015-09-18 14:01:14,368, DEBUG, control values: 0.022
2015-09-18 14:01:14,368, DEBUG, control values: (0.02, 2)
2015-09-18 14:01:14,368, INFO,  ---------------------- root --------------------------------
2015-09-18 14:01:14,368, INFO,  ---------------------- root --------------------------------
2015-09-18 14:01:14,378, INFO,  ---------------------- root --------------------------------
2015-09-18 14:01:14,378, INFO,  ---------------------- root --------------------------------
2015-09-18 14:01:14,378, INFO,  ---------------------- root --------------------------------
2015-09-18 14:01:14,378, INFO,  ---------------------- root --------------------------------
2015-09-18 14:01:14,388, INFO,  ---------------------- root --------------------------------
2015-09-18 14:01:14,388, INFO,  ---------------------- root --------------------------------
2015-09-18 14:01:14,388, DEBUG, control values: 0.010.5
2015-09-18 14:01:14,388, DEBUG, control values: (0.01, 0.5)
2015-09-18 14:01:14,401, INFO,  ---------------------- root --------------------------------
2015-09-18 14:01:14,401, DEBUG, control values: 0.010.5
2015-09-18 14:01:14,401, DEBUG, control values: (0.01, 0.5)
2015-09-18 14:01:14,605, INFO,  ---------------------- root --------------------------------
2015-09-18 14:01:14,605, DEBUG, control values: 0.010.5
2015-09-18 14:01:14,605, DEBUG, control values: (0.01, 0.5)
2015-09-18 14:01:18,849, INFO,  ---------------------- root --------------------------------
2015-09-18 14:01:18,851, DEBUG, control values: 0.010.5
2015-09-18 14:01:18,851, DEBUG, control values: (0.01, 0.5)
2015-09-18 14:01:18,852, INFO,  ---------------------- root --------------------------------
2015-09-18 14:01:18,854, INFO,  ---------------------- root --------------------------------
2015-09-18 14:01:18,855, INFO,  ---------------------- root --------------------------------
2015-09-18 14:01:18,857, INFO,  ---------------------- root --------------------------------
2015-09-18 14:01:18,930, INFO,  ---------------------- root --------------------------------
2015-09-18 14:01:18,930, INFO,  ---------------------- root --------------------------------
2015-09-18 14:01:18,930, INFO,  ---------------------- root --------------------------------
2015-09-18 14:01:18,930, INFO,  ---------------------- root --------------------------------
2015-09-18 15:50:31,384, INFO,  ---------------------- root --------------------------------
2015-09-18 15:50:31,384, INFO,  ---------------------- root --------------------------------
2015-09-18 15:50:31,384, INFO,  ---------------------- root --------------------------------
2015-09-18 15:50:31,384, INFO,  ---------------------- root --------------------------------
2015-09-18 15:50:31,384, INFO,  ---------------------- root --------------------------------
2015-09-18 15:50:31,384, DEBUG, control values: 0.210
2015-09-18 15:50:31,384, DEBUG, control values: (0.2, 10)
2015-09-18 15:50:31,384, DEBUG, control values: 2.0100
2015-09-18 15:50:31,384, DEBUG, control values: (2.0, 100)
2015-09-18 15:50:31,384, INFO,  ---------------------- root --------------------------------
2015-09-18 15:50:31,384, INFO,  ---------------------- root --------------------------------
2015-09-18 15:50:31,384, DEBUG, control values: 0.010.5
2015-09-18 15:50:31,384, DEBUG, control values: (0.01, 0.5)
2015-09-18 15:50:31,384, INFO,  ---------------------- root --------------------------------
2015-09-18 15:50:31,384, INFO,  ---------------------- root --------------------------------
2015-09-18 15:50:31,384, INFO,  ---------------------- root --------------------------------
2015-09-18 15:50:31,394, DEBUG, incorrect parameters passed
2015-09-18 15:50:31,394, DEBUG, control values: 0.010.5
2015-09-18 15:50:31,394, DEBUG, control values: (0.01, 0.5)
2015-09-18 15:50:31,394, INFO,  ---------------------- root --------------------------------
2015-09-18 15:50:31,394, INFO,  ---------------------- root --------------------------------
2015-09-18 15:50:31,394, DEBUG, control values: 0.010.5
2015-09-18 15:50:31,394, DEBUG, control values: (0.01, 0.5)
2015-09-18 15:50:31,394, DEBUG, control values: 0.022
2015-09-18 15:50:31,394, DEBUG, control values: (0.02, 2)
2015-09-18 15:50:31,394, INFO,  ---------------------- root --------------------------------
2015-09-18 15:50:31,394, INFO,  ---------------------- root --------------------------------
2015-09-18 15:50:31,394, INFO,  ---------------------- root --------------------------------
2015-09-18 15:50:31,394, INFO,  ---------------------- root --------------------------------
2015-09-18 15:50:31,404, INFO,  ---------------------- root --------------------------------
2015-09-18 15:50:31,404, INFO,  ---------------------- root --------------------------------
2015-09-18 15:50:31,414, INFO,  ---------------------- root --------------------------------
2015-09-18 15:50:31,414, INFO,  ---------------------- root --------------------------------
2015-09-18 15:50:31,414, DEBUG, control values: 0.010.5
2015-09-18 15:50:31,414, DEBUG, control values: (0.01, 0.5)
2015-09-18 15:50:31,414, INFO,  ---------------------- root --------------------------------
2015-09-18 15:50:31,414, DEBUG, control values: 0.010.5
2015-09-18 15:50:31,414, DEBUG, control values: (0.01, 0.5)
2015-09-18 15:50:31,621, INFO,  ---------------------- root --------------------------------
2015-09-18 15:50:31,621, DEBUG, control values: 0.010.5
2015-09-18 15:50:31,621, DEBUG, control values: (0.01, 0.5)
2015-09-18 15:50:35,848, INFO,  ---------------------- root --------------------------------
2015-09-18 15:50:35,848, DEBUG, control values: 0.010.5
2015-09-18 15:50:35,848, DEBUG, control values: (0.01, 0.5)
2015-09-18 15:50:35,848, INFO,  ---------------------- root --------------------------------
2015-09-18 15:50:35,848, INFO,  ---------------------- root --------------------------------
2015-09-18 15:50:35,848, INFO,  ---------------------- root --------------------------------
2015-09-18 15:50:35,848, INFO,  ---------------------- root --------------------------------
2015-09-18 15:50:35,927, INFO,  ---------------------- root --------------------------------
2015-09-18 15:50:35,927, INFO,  ---------------------- root --------------------------------
2015-09-18 15:50:35,927, INFO,  ---------------------- root --------------------------------
2015-09-18 15:50:35,927, INFO,  ---------------------- root --------------------------------
2015-09-18 15:57:27,923, INFO,  ---------------------- root --------------------------------
2015-09-18 15:57:27,923, INFO,  ---------------------- root --------------------------------
2015-09-18 15:57:27,923, INFO,  ---------------------- root --------------------------------
2015-09-18 15:57:27,923, INFO,  ---------------------- root --------------------------------
2015-09-18 15:57:27,933, INFO,  ---------------------- root --------------------------------
2015-09-18 15:57:27,933, INFO,  ---------------------- root --------------------------------
2015-09-18 15:57:27,943, INFO,  ---------------------- root --------------------------------
2015-09-18 15:57:27,943, INFO,  ---------------------- root --------------------------------
2015-09-18 15:57:27,943, DEBUG, control values: 0.010.5
2015-09-18 15:57:27,943, DEBUG, control values: (0.01, 0.5)
2015-09-18 15:57:27,943, INFO,  ---------------------- root --------------------------------
2015-09-18 15:57:27,943, DEBUG, control values: 0.010.5
2015-09-18 15:57:27,943, DEBUG, control values: (0.01, 0.5)
2015-09-18 15:57:28,154, INFO,  ---------------------- root --------------------------------
2015-09-18 15:57:28,154, DEBUG, control values: 0.010.5
2015-09-18 15:57:28,154, DEBUG, control values: (0.01, 0.5)
2015-09-18 15:57:32,392, INFO,  ---------------------- root --------------------------------
2015-09-18 15:57:32,392, DEBUG, control values: 0.010.5
2015-09-18 15:57:32,392, DEBUG, control values: (0.01, 0.5)
2015-09-18 15:57:32,392, INFO,  ---------------------- root --------------------------------
2015-09-18 15:57:32,392, INFO,  ---------------------- root --------------------------------
2015-09-18 15:57:32,392, INFO,  ---------------------- root --------------------------------
2015-09-18 15:57:32,392, INFO,  ---------------------- root --------------------------------
2015-09-18 15:57:32,486, INFO,  ---------------------- root --------------------------------
2015-09-18 15:57:32,487, INFO,  ---------------------- root --------------------------------
2015-09-18 15:57:32,487, INFO,  ---------------------- root --------------------------------
2015-09-18 15:57:32,489, INFO,  ---------------------- root --------------------------------
2015-09-18 15:57:45,190, INFO,  ---------------------- root --------------------------------
2015-09-18 15:57:45,190, DEBUG, control values: 0.022
2015-09-18 15:57:45,190, DEBUG, control values: (0.02, 2)
2015-09-18 15:57:45,190, INFO,  ---------------------- root --------------------------------
2015-09-18 15:57:45,190, DEBUG, control values: 0.022
2015-09-18 15:57:45,190, DEBUG, control values: (0.02, 2)
2015-09-19 13:25:03,122, INFO,  ---------------------- root --------------------------------
2015-09-19 13:25:03,130, INFO,  ---------------------- root --------------------------------
2015-09-19 13:25:03,130, INFO,  ---------------------- root --------------------------------
2015-09-19 13:25:03,130, INFO,  ---------------------- root --------------------------------
2015-09-19 13:25:03,145, INFO,  ---------------------- root --------------------------------
2015-09-19 13:25:03,145, INFO,  ---------------------- root --------------------------------
2015-09-19 13:25:03,154, INFO,  ---------------------- root --------------------------------
2015-09-19 13:25:03,168, INFO,  ---------------------- root --------------------------------
2015-09-19 13:25:03,168, DEBUG, control values: 0.010.5
2015-09-19 13:25:03,168, DEBUG, control values: (0.01, 0.5)
2015-09-19 13:25:03,184, INFO,  ---------------------- root --------------------------------
2015-09-19 13:25:03,184, DEBUG, control values: 0.010.5
2015-09-19 13:25:03,184, DEBUG, control values: (0.01, 0.5)
2015-09-19 13:25:04,252, INFO,  ---------------------- root --------------------------------
2015-09-19 13:25:05,206, DEBUG, control values: 0.010.5
2015-09-19 13:25:05,206, DEBUG, control values: (0.01, 0.5)
2015-09-19 13:25:09,470, INFO,  ---------------------- root --------------------------------
2015-09-19 13:25:09,470, DEBUG, control values: 0.010.5
2015-09-19 13:25:09,470, DEBUG, control values: (0.01, 0.5)
2015-09-19 13:25:09,470, INFO,  ---------------------- root --------------------------------
2015-09-19 13:25:09,470, INFO,  ---------------------- root --------------------------------
2015-09-19 13:25:09,470, INFO,  ---------------------- root --------------------------------
2015-09-19 13:25:09,470, INFO,  ---------------------- root --------------------------------
2015-09-19 13:25:09,581, INFO,  ---------------------- root --------------------------------
2015-09-19 13:25:09,581, INFO,  ---------------------- root --------------------------------
2015-09-19 13:25:09,581, INFO,  ---------------------- root --------------------------------
2015-09-19 13:25:09,581, INFO,  ---------------------- root --------------------------------
2015-09-19 13:29:52,691, INFO,  ---------------------- root --------------------------------
2015-09-19 13:29:52,691, INFO,  ---------------------- root --------------------------------
2015-09-19 13:29:52,691, INFO,  ---------------------- root --------------------------------
2015-09-19 13:29:52,691, INFO,  ---------------------- root --------------------------------
2015-09-19 13:29:52,700, INFO,  ---------------------- root --------------------------------
2015-09-19 13:29:52,707, INFO,  ---------------------- root --------------------------------
2015-09-19 13:29:52,714, INFO,  ---------------------- root --------------------------------
2015-09-19 13:29:52,723, INFO,  ---------------------- root --------------------------------
2015-09-19 13:29:52,723, DEBUG, control values: 0.010.5
2015-09-19 13:29:52,723, DEBUG, control values: (0.01, 0.5)
2015-09-19 13:29:52,739, INFO,  ---------------------- root --------------------------------
2015-09-19 13:29:52,739, DEBUG, control values: 0.010.5
2015-09-19 13:29:52,739, DEBUG, control values: (0.01, 0.5)
2015-09-19 13:29:52,957, INFO,  ---------------------- root --------------------------------
2015-09-19 13:29:52,957, DEBUG, control values: 0.010.5
2015-09-19 13:29:52,964, DEBUG, control values: (0.01, 0.5)
2015-09-19 13:29:57,230, INFO,  ---------------------- root --------------------------------
2015-09-19 13:29:57,230, DEBUG, control values: 0.010.5
2015-09-19 13:29:57,230, DEBUG, control values: (0.01, 0.5)
2015-09-19 13:29:57,230, INFO,  ---------------------- root --------------------------------
2015-09-19 13:29:57,230, INFO,  ---------------------- root --------------------------------
2015-09-19 13:29:57,230, INFO,  ---------------------- root --------------------------------
2015-09-19 13:29:57,239, INFO,  ---------------------- root --------------------------------
2015-09-19 13:29:57,480, INFO,  ---------------------- root --------------------------------
2015-09-19 13:29:57,480, INFO,  ---------------------- root --------------------------------
2015-09-19 13:29:57,489, INFO,  ---------------------- root --------------------------------
2015-09-19 13:29:57,489, INFO,  ---------------------- root --------------------------------
2015-09-19 13:33:43,782, INFO,  ---------------------- root --------------------------------
2015-09-19 13:33:43,782, DEBUG, control values: 0.022
2015-09-19 13:33:43,782, DEBUG, control values: (0.02, 2)
2015-09-19 13:33:43,782, INFO,  ---------------------- root --------------------------------
2015-09-19 13:33:43,782, DEBUG, control values: 0.022
2015-09-19 13:33:43,782, DEBUG, control values: (0.02, 2)
2015-09-19 13:34:18,348, INFO,  ---------------------- root --------------------------------
2015-09-19 13:34:18,348, DEBUG, control values: 0.022
2015-09-19 13:34:18,348, DEBUG, control values: (0.02, 2)
2015-09-19 13:34:18,348, INFO,  ---------------------- root --------------------------------
2015-09-19 13:34:18,355, DEBUG, control values: 0.022
2015-09-19 13:34:18,355, DEBUG, control values: (0.02, 2)
2015-09-19 14:57:58,542, INFO,  ---------------------- root --------------------------------
2015-09-19 14:57:58,542, DEBUG, control values: 0.022
2015-09-19 14:57:58,542, DEBUG, control values: (0.02, 2)
2015-09-19 14:57:58,542, INFO,  ---------------------- root --------------------------------
2015-09-19 14:57:58,542, DEBUG, control values: 0.022
2015-09-19 14:57:58,542, DEBUG, control values: (0.02, 2)
2015-09-19 14:58:14,756, INFO,  ---------------------- root --------------------------------
2015-09-19 14:58:14,756, INFO,  ---------------------- root --------------------------------
2015-09-19 14:58:14,756, INFO,  ---------------------- root --------------------------------
2015-09-19 14:58:14,756, INFO,  ---------------------- root --------------------------------
2015-09-19 14:58:14,756, INFO,  ---------------------- root --------------------------------
2015-09-19 14:58:14,773, INFO,  ---------------------- root --------------------------------
2015-09-19 14:58:14,773, INFO,  ---------------------- root --------------------------------
2015-09-19 14:58:14,789, INFO,  ---------------------- root --------------------------------
2015-09-19 14:58:14,789, DEBUG, control values: 0.010.5
2015-09-19 14:58:14,789, DEBUG, control values: (0.01, 0.5)
2015-09-19 14:58:14,789, INFO,  ---------------------- root --------------------------------
2015-09-19 14:58:14,789, DEBUG, control values: 0.010.5
2015-09-19 14:58:14,789, DEBUG, control values: (0.01, 0.5)
2015-09-19 14:58:15,006, INFO,  ---------------------- root --------------------------------
2015-09-19 14:58:15,006, DEBUG, control values: 0.010.5
2015-09-19 14:58:15,006, DEBUG, control values: (0.01, 0.5)
2015-09-19 14:58:19,351, INFO,  ---------------------- root --------------------------------
2015-09-19 14:58:19,351, DEBUG, control values: 0.010.5
2015-09-19 14:58:19,351, DEBUG, control values: (0.01, 0.5)
2015-09-19 14:58:19,351, INFO,  ---------------------- root --------------------------------
2015-09-19 14:58:19,351, INFO,  ---------------------- root --------------------------------
2015-09-19 14:58:19,351, INFO,  ---------------------- root --------------------------------
2015-09-19 14:58:19,351, INFO,  ---------------------- root --------------------------------
2015-09-19 14:58:19,476, INFO,  ---------------------- root --------------------------------
2015-09-19 14:58:19,492, INFO,  ---------------------- root --------------------------------
2015-09-19 14:58:19,492, INFO,  ---------------------- root --------------------------------
2015-09-19 14:58:19,492, INFO,  ---------------------- root --------------------------------
2015-09-19 15:00:49,845, INFO,  ---------------------- root --------------------------------
2015-09-19 15:00:49,845, DEBUG, control values: 0.022
2015-09-19 15:00:49,845, DEBUG, control values: (0.02, 2)
2015-09-19 15:00:49,861, INFO,  ---------------------- root --------------------------------
2015-09-19 15:00:49,861, DEBUG, control values: 0.022
2015-09-19 15:00:49,861, DEBUG, control values: (0.02, 2)
2015-09-19 15:09:44,520, INFO,  ---------------------- root --------------------------------
2015-09-19 15:09:44,520, DEBUG, control values: 0.022
2015-09-19 15:09:44,520, DEBUG, control values: (0.02, 2)
2015-09-19 15:09:44,520, INFO,  ---------------------- root --------------------------------
2015-09-19 15:09:44,520, DEBUG, control values: 0.022
2015-09-19 15:09:44,520, DEBUG, control values: (0.02, 2)
2015-09-19 15:16:09,211, INFO,  ---------------------- root --------------------------------
2015-09-19 15:16:09,217, DEBUG, control values: 0.022
2015-09-19 15:16:09,217, DEBUG, control values: (0.02, 2)
2015-09-19 15:16:09,217, INFO,  ---------------------- root --------------------------------
2015-09-19 15:16:09,219, DEBUG, control values: 0.022
2015-09-19 15:16:09,219, DEBUG, control values: (0.02, 2)
2015-09-19 15:24:29,900, INFO,  ---------------------- root --------------------------------
2015-09-19 15:24:29,900, DEBUG, control values: 0.022
2015-09-19 15:24:29,900, DEBUG, control values: (0.02, 2)
2015-09-19 15:24:29,900, INFO,  ---------------------- root --------------------------------
2015-09-19 15:24:29,900, DEBUG, control values: 0.022
2015-09-19 15:24:29,900, DEBUG, control values: (0.02, 2)
2015-09-19 15:25:25,142, INFO,  ---------------------- root --------------------------------
2015-09-19 15:25:25,142, INFO,  ---------------------- root --------------------------------
2015-09-19 15:25:25,151, INFO,  ---------------------- root --------------------------------
2015-09-19 15:25:25,151, INFO,  ---------------------- root --------------------------------
2015-09-19 15:25:25,151, INFO,  ---------------------- root --------------------------------
2015-09-19 15:25:49,062, INFO,  ---------------------- root --------------------------------
2015-09-19 15:25:49,062, INFO,  ---------------------- root --------------------------------
2015-09-19 15:25:49,062, INFO,  ---------------------- root --------------------------------
2015-09-19 15:25:49,062, INFO,  ---------------------- root --------------------------------
2015-09-19 15:25:49,078, INFO,  ---------------------- root --------------------------------
2015-09-19 15:32:49,375, INFO,  ---------------------- root --------------------------------
2015-09-19 15:32:49,387, INFO,  ---------------------- root --------------------------------
2015-09-19 15:32:49,388, INFO,  ---------------------- root --------------------------------
2015-09-19 15:32:49,392, INFO,  ---------------------- root --------------------------------
2015-09-19 15:32:49,394, INFO,  ---------------------- root --------------------------------
2015-09-19 15:32:49,394, DEBUG, control values: 0.010.5
2015-09-19 15:32:49,394, DEBUG, control values: (0.01, 0.5)
2015-09-19 15:32:49,395, INFO,  ---------------------- root --------------------------------
2015-09-19 15:32:49,398, INFO,  ---------------------- root --------------------------------
2015-09-19 15:32:49,400, INFO,  ---------------------- root --------------------------------
2015-09-19 15:32:49,401, INFO,  ---------------------- root --------------------------------
2015-09-19 15:32:49,401, DEBUG, control values: 0.010.5
2015-09-19 15:32:49,401, DEBUG, control values: (0.01, 0.5)
2015-09-19 15:32:49,401, DEBUG, control values: 0.022
2015-09-19 15:32:49,403, DEBUG, control values: (0.02, 2)
2015-09-19 15:32:49,404, INFO,  ---------------------- root --------------------------------
2015-09-19 15:32:49,407, INFO,  ---------------------- root --------------------------------
2015-09-19 15:32:49,410, INFO,  ---------------------- root --------------------------------
2015-09-19 15:32:49,411, INFO,  ---------------------- root --------------------------------
2015-09-19 15:32:49,421, INFO,  ---------------------- root --------------------------------
2015-09-19 15:37:38,427, INFO,  ---------------------- root --------------------------------
2015-09-19 15:37:38,434, INFO,  ---------------------- root --------------------------------
2015-09-19 15:37:38,438, INFO,  ---------------------- root --------------------------------
2015-09-19 15:37:38,441, INFO,  ---------------------- root --------------------------------
2015-09-19 15:37:38,441, INFO,  ---------------------- root --------------------------------
2015-09-19 15:37:38,443, DEBUG, control values: 0.010.5
2015-09-19 15:37:38,443, DEBUG, control values: (0.01, 0.5)
2015-09-19 15:37:38,446, INFO,  ---------------------- root --------------------------------
2015-09-19 15:37:38,447, INFO,  ---------------------- root --------------------------------
2015-09-19 15:37:38,450, INFO,  ---------------------- root --------------------------------
2015-09-19 15:37:38,450, INFO,  ---------------------- root --------------------------------
2015-09-19 15:37:38,451, DEBUG, control values: 0.010.5
2015-09-19 15:37:38,451, DEBUG, control values: (0.01, 0.5)
2015-09-19 15:37:38,453, DEBUG, control values: 0.022
2015-09-19 15:37:38,453, DEBUG, control values: (0.02, 2)
2015-09-19 15:37:38,454, INFO,  ---------------------- root --------------------------------
2015-09-19 15:37:38,457, INFO,  ---------------------- root --------------------------------
2015-09-19 15:37:38,459, INFO,  ---------------------- root --------------------------------
2015-09-19 15:37:38,460, INFO,  ---------------------- root --------------------------------
2015-09-19 15:37:38,470, INFO,  ---------------------- root --------------------------------
2015-09-19 15:39:05,029, INFO,  ---------------------- root --------------------------------
2015-09-19 15:39:05,039, INFO,  ---------------------- root --------------------------------
2015-09-19 15:39:05,040, INFO,  ---------------------- root --------------------------------
2015-09-19 15:39:05,042, DEBUG, control values: 0.210
2015-09-19 15:39:05,042, DEBUG, control values: (0.2, 10)
2015-09-19 15:39:05,042, DEBUG, control values: 2.0100
2015-09-19 15:39:05,043, DEBUG, control values: (2.0, 100)
2015-09-19 15:39:05,045, INFO,  ---------------------- root --------------------------------
2015-09-19 15:39:05,045, DEBUG, control values: 0.010.5
2015-09-19 15:39:05,046, DEBUG, control values: (0.01, 0.5)
2015-09-19 15:39:05,046, INFO,  ---------------------- root --------------------------------
2015-09-19 15:39:05,048, INFO,  ---------------------- root --------------------------------
2015-09-19 15:39:05,049, DEBUG, incorrect parameters passed
2015-09-19 15:39:05,051, DEBUG, control values: 0.010.5
2015-09-19 15:39:05,052, DEBUG, control values: (0.01, 0.5)
2015-09-19 15:39:05,052, INFO,  ---------------------- root --------------------------------
2015-09-19 15:39:05,059, INFO,  ---------------------- root --------------------------------
2015-09-19 15:39:05,059, DEBUG, control values: 0.010.5
2015-09-19 15:39:05,059, DEBUG, control values: (0.01, 0.5)
2015-09-19 15:39:05,059, DEBUG, control values: 0.022
2015-09-19 15:39:05,061, DEBUG, control values: (0.02, 2)
2015-09-19 15:39:05,062, INFO,  ---------------------- root --------------------------------
2015-09-19 15:39:05,062, INFO,  ---------------------- root --------------------------------
2015-09-19 15:39:05,063, INFO,  ---------------------- root --------------------------------
2015-09-19 15:39:05,065, INFO,  ---------------------- root --------------------------------
2015-09-19 15:39:05,075, INFO,  ---------------------- root --------------------------------
2015-09-19 15:41:08,526, INFO,  ---------------------- root --------------------------------
2015-09-19 15:41:08,526, DEBUG, control values: 0.022
2015-09-19 15:41:08,528, DEBUG, control values: (0.02, 2)
2015-09-19 15:41:08,528, INFO,  ---------------------- root --------------------------------
2015-09-19 15:41:08,529, DEBUG, control values: 0.022
2015-09-19 15:41:08,529, DEBUG, control values: (0.02, 2)
2015-09-19 15:41:17,851, INFO,  ---------------------- root --------------------------------
2015-09-19 15:41:17,852, INFO,  ---------------------- root --------------------------------
2015-09-19 15:41:17,855, INFO,  ---------------------- root --------------------------------
2015-09-19 15:41:17,855, DEBUG, control values: 0.210
2015-09-19 15:41:17,855, DEBUG, control values: (0.2, 10)
2015-09-19 15:41:17,857, DEBUG, control values: 2.0100
2015-09-19 15:41:17,857, DEBUG, control values: (2.0, 100)
2015-09-19 15:41:17,858, INFO,  ---------------------- root --------------------------------
2015-09-19 15:41:17,858, DEBUG, control values: 0.010.5
2015-09-19 15:41:17,859, DEBUG, control values: (0.01, 0.5)
2015-09-19 15:41:17,859, INFO,  ---------------------- root --------------------------------
2015-09-19 15:41:17,861, INFO,  ---------------------- root --------------------------------
2015-09-19 15:41:17,864, DEBUG, incorrect parameters passed
2015-09-19 15:41:17,864, DEBUG, control values: 0.010.5
2015-09-19 15:41:17,865, DEBUG, control values: (0.01, 0.5)
2015-09-19 15:41:17,867, INFO,  ---------------------- root --------------------------------
2015-09-19 15:41:17,868, INFO,  ---------------------- root --------------------------------
2015-09-19 15:41:17,868, DEBUG, control values: 0.010.5
2015-09-19 15:41:17,868, DEBUG, control values: (0.01, 0.5)
2015-09-19 15:41:17,869, DEBUG, control values: 0.022
2015-09-19 15:41:17,869, DEBUG, control values: (0.02, 2)
2015-09-19 15:41:17,874, INFO,  ---------------------- root --------------------------------
2015-09-19 15:41:17,877, INFO,  ---------------------- root --------------------------------
2015-09-19 15:41:17,878, INFO,  ---------------------- root --------------------------------
2015-09-19 15:41:17,880, INFO,  ---------------------- root --------------------------------
2015-09-19 15:41:17,891, INFO,  ---------------------- root --------------------------------
2015-09-19 15:42:29,923, INFO,  ---------------------- root --------------------------------
2015-09-19 15:42:29,924, INFO,  ---------------------- root --------------------------------
2015-09-19 15:42:29,926, INFO,  ---------------------- root --------------------------------
2015-09-19 15:42:29,926, DEBUG, control values: 0.210
2015-09-19 15:42:29,927, DEBUG, control values: (0.2, 10)
2015-09-19 15:42:29,927, DEBUG, control values: 2.0100
2015-09-19 15:42:29,927, DEBUG, control values: (2.0, 100)
2015-09-19 15:42:29,928, INFO,  ---------------------- root --------------------------------
2015-09-19 15:42:29,928, DEBUG, control values: 0.010.5
2015-09-19 15:42:29,930, DEBUG, control values: (0.01, 0.5)
2015-09-19 15:42:29,930, INFO,  ---------------------- root --------------------------------
2015-09-19 15:42:29,930, INFO,  ---------------------- root --------------------------------
2015-09-19 15:42:29,933, DEBUG, incorrect parameters passed
2015-09-19 15:42:29,934, DEBUG, control values: 0.010.5
2015-09-19 15:42:29,934, DEBUG, control values: (0.01, 0.5)
2015-09-19 15:42:29,944, INFO,  ---------------------- root --------------------------------
2015-09-19 15:42:29,946, INFO,  ---------------------- root --------------------------------
2015-09-19 15:42:29,946, DEBUG, control values: 0.010.5
2015-09-19 15:42:29,947, DEBUG, control values: (0.01, 0.5)
2015-09-19 15:42:29,947, DEBUG, control values: 0.022
2015-09-19 15:42:29,947, DEBUG, control values: (0.02, 2)
2015-09-19 15:42:29,947, INFO,  ---------------------- root --------------------------------
2015-09-19 15:42:29,953, INFO,  ---------------------- root --------------------------------
2015-09-19 15:42:29,957, INFO,  ---------------------- root --------------------------------
2015-09-19 15:42:29,957, INFO,  ---------------------- root --------------------------------
2015-09-19 15:42:29,969, INFO,  ---------------------- root --------------------------------
2015-09-19 15:42:29,971, INFO,  ---------------------- root --------------------------------
2015-09-19 15:42:29,980, INFO,  ---------------------- root --------------------------------
2015-09-19 15:42:29,996, INFO,  ---------------------- root --------------------------------
2015-09-19 15:42:29,997, DEBUG, control values: 0.010.5
2015-09-19 15:42:29,999, DEBUG, control values: (0.01, 0.5)
2015-09-19 15:42:30,012, INFO,  ---------------------- root --------------------------------
2015-09-19 15:42:30,013, DEBUG, control values: 0.010.5
2015-09-19 15:42:30,013, DEBUG, control values: (0.01, 0.5)
2015-09-19 15:42:30,223, INFO,  ---------------------- root --------------------------------
2015-09-19 15:42:30,223, DEBUG, control values: 0.010.5
2015-09-19 15:42:30,224, DEBUG, control values: (0.01, 0.5)
2015-09-19 15:42:34,450, INFO,  ---------------------- root --------------------------------
2015-09-19 15:42:34,450, DEBUG, control values: 0.010.5
2015-09-19 15:42:34,451, DEBUG, control values: (0.01, 0.5)
2015-09-19 15:42:34,451, INFO,  ---------------------- root --------------------------------
2015-09-19 15:42:34,453, INFO,  ---------------------- root --------------------------------
2015-09-19 15:42:34,453, INFO,  ---------------------- root --------------------------------
2015-09-19 15:42:34,456, INFO,  ---------------------- root --------------------------------
2015-09-19 15:42:34,578, INFO,  ---------------------- root --------------------------------
2015-09-19 15:42:34,581, INFO,  ---------------------- root --------------------------------
2015-09-19 15:42:34,582, INFO,  ---------------------- root --------------------------------
2015-09-19 15:42:34,582, INFO,  ---------------------- root --------------------------------
2015-09-19 20:01:03,006, INFO,  ---------------------- root --------------------------------
2015-09-19 20:01:03,006, INFO,  ---------------------- root --------------------------------
2015-09-19 20:01:03,006, INFO,  ---------------------- root --------------------------------
2015-09-19 20:01:03,015, DEBUG, control values: 0.210
2015-09-19 20:01:03,015, DEBUG, control values: (0.2, 10)
2015-09-19 20:01:03,015, DEBUG, control values: 2.0100
2015-09-19 20:01:03,015, DEBUG, control values: (2.0, 100)
2015-09-19 20:01:03,015, INFO,  ---------------------- root --------------------------------
2015-09-19 20:01:03,015, DEBUG, control values: 0.010.5
2015-09-19 20:01:03,015, DEBUG, control values: (0.01, 0.5)
2015-09-19 20:01:03,015, INFO,  ---------------------- root --------------------------------
2015-09-19 20:01:03,015, INFO,  ---------------------- root --------------------------------
2015-09-19 20:01:03,015, DEBUG, incorrect parameters passed
2015-09-19 20:01:03,023, DEBUG, control values: 0.010.5
2015-09-19 20:01:03,023, DEBUG, control values: (0.01, 0.5)
2015-09-19 20:01:03,023, INFO,  ---------------------- root --------------------------------
2015-09-19 20:01:03,023, INFO,  ---------------------- root --------------------------------
2015-09-19 20:01:03,023, DEBUG, control values: 0.010.5
2015-09-19 20:01:03,023, DEBUG, control values: (0.01, 0.5)
2015-09-19 20:01:03,023, DEBUG, control values: 0.022
2015-09-19 20:01:03,023, DEBUG, control values: (0.02, 2)
2015-09-19 20:01:03,023, INFO,  ---------------------- root --------------------------------
2015-09-19 20:01:03,023, INFO,  ---------------------- root --------------------------------
2015-09-19 20:01:03,030, INFO,  ---------------------- root --------------------------------
2015-09-19 20:01:03,030, INFO,  ---------------------- root --------------------------------
2015-09-19 20:01:03,046, INFO,  ---------------------- root --------------------------------
2015-09-19 20:01:03,053, INFO,  ---------------------- root --------------------------------
2015-09-19 20:01:03,062, INFO,  ---------------------- root --------------------------------
2015-09-19 20:01:03,069, INFO,  ---------------------- root --------------------------------
2015-09-19 20:01:03,069, DEBUG, control values: 0.010.5
2015-09-19 20:01:03,069, DEBUG, control values: (0.01, 0.5)
2015-09-19 20:01:03,069, INFO,  ---------------------- root --------------------------------
2015-09-19 20:01:03,069, DEBUG, control values: 0.010.5
2015-09-19 20:01:03,069, DEBUG, control values: (0.01, 0.5)
2015-09-19 20:01:06,092, INFO,  ---------------------- root --------------------------------
2015-09-19 20:01:06,092, DEBUG, control values: 0.010.5
2015-09-19 20:01:06,092, DEBUG, control values: (0.01, 0.5)
2015-09-19 20:01:10,355, INFO,  ---------------------- root --------------------------------
2015-09-19 20:01:10,355, DEBUG, control values: 0.010.5
2015-09-19 20:01:10,355, DEBUG, control values: (0.01, 0.5)
2015-09-19 20:01:10,355, INFO,  ---------------------- root --------------------------------
2015-09-19 20:01:10,364, INFO,  ---------------------- root --------------------------------
2015-09-19 20:01:10,364, INFO,  ---------------------- root --------------------------------
2015-09-19 20:01:10,364, INFO,  ---------------------- root --------------------------------
2015-09-19 20:01:10,589, INFO,  ---------------------- root --------------------------------
2015-09-19 20:01:10,589, INFO,  ---------------------- root --------------------------------
2015-09-19 20:01:10,589, INFO,  ---------------------- root --------------------------------
2015-09-19 20:01:10,589, INFO,  ---------------------- root --------------------------------
2015-09-19 20:02:33,986, INFO,  ---------------------- root --------------------------------
2015-09-19 20:02:33,986, DEBUG, control values: 0.022
2015-09-19 20:02:33,986, DEBUG, control values: (0.02, 2)
2015-09-19 20:02:33,986, INFO,  ---------------------- root --------------------------------
2015-09-19 20:02:33,986, DEBUG, control values: 0.022
2015-09-19 20:02:33,986, DEBUG, control values: (0.02, 2)
2015-09-19 20:05:49,088, INFO,  ---------------------- root --------------------------------
2015-09-19 20:05:49,088, DEBUG, control values: 0.022
2015-09-19 20:05:49,088, DEBUG, control values: (0.02, 2)
2015-09-19 20:05:49,088, INFO,  ---------------------- root --------------------------------
2015-09-19 20:05:49,088, DEBUG, control values: 0.022
2015-09-19 20:05:49,088, DEBUG, control values: (0.02, 2)
