2015-09-14 13:05:48,315, INFO,  ---------------------- root --------------------------------
2015-09-14 13:05:48,315, DEBUG, control values: 0.022
2015-09-14 13:05:48,315, DEBUG, control values: (0.02, 2)
2015-09-14 13:05:48,315, INFO,  ---------------------- root --------------------------------
2015-09-14 13:05:48,315, DEBUG, control values: 0.022
2015-09-14 13:05:48,316, DEBUG, control values: (0.02, 2)
2015-09-14 13:15:55,691, INFO,  ---------------------- root --------------------------------
2015-09-14 13:15:55,701, INFO,  ---------------------- root --------------------------------
2015-09-14 13:15:55,701, INFO,  ---------------------- root --------------------------------
2015-09-14 13:15:55,701, DEBUG, control values: 0.010.5
2015-09-14 13:15:55,701, DEBUG, control values: (0.01, 0.5)
2015-09-14 13:15:55,701, INFO,  ---------------------- root --------------------------------
2015-09-14 13:15:55,701, DEBUG, control values: 0.010.5
2015-09-14 13:15:55,701, DEBUG, control values: (0.01, 0.5)
2015-09-14 13:15:55,901, INFO,  ---------------------- root --------------------------------
2015-09-14 13:15:55,901, DEBUG, control values: 0.010.5
2015-09-14 13:15:55,901, DEBUG, control values: (0.01, 0.5)
2015-09-14 13:16:00,101, INFO,  ---------------------- root --------------------------------
2015-09-14 13:16:00,101, DEBUG, control values: 0.010.5
2015-09-14 13:16:00,101, DEBUG, control values: (0.01, 0.5)
2015-09-14 13:16:00,101, INFO,  ---------------------- root --------------------------------
2015-09-14 13:16:00,101, INFO,  ---------------------- root --------------------------------
2015-09-14 13:16:00,101, INFO,  ---------------------- root --------------------------------
2015-09-14 13:16:00,101, INFO,  ---------------------- root --------------------------------
2015-09-14 13:16:00,711, INFO,  ---------------------- root --------------------------------
2015-09-14 13:16:00,711, DEBUG, control values: 0.022
2015-09-14 13:16:00,711, DEBUG, control values: (0.02, 2)
2015-09-14 13:16:00,921, DEBUG, control values: 0.022
2015-09-14 13:16:00,921, DEBUG, control values: (0.02, 2)
2015-09-14 13:16:01,121, DEBUG, control values: 0.022
2015-09-14 13:16:01,121, DEBUG, control values: (0.02, 2)
2015-09-14 13:16:01,332, DEBUG, control values: 0.022
2015-09-14 13:16:01,332, DEBUG, control values: (0.02, 2)
2015-09-14 13:16:01,532, DEBUG, control values: 0.022
2015-09-14 13:16:01,532, DEBUG, control values: (0.02, 2)
2015-09-14 13:16:01,732, DEBUG, control values: 0.022
2015-09-14 13:16:01,732, DEBUG, control values: (0.02, 2)
2015-09-14 13:16:01,931, DEBUG, control values: 0.022
2015-09-14 13:16:01,931, DEBUG, control values: (0.02, 2)
2015-09-14 13:16:02,131, DEBUG, control values: 0.022
2015-09-14 13:16:02,131, DEBUG, control values: (0.02, 2)
2015-09-14 13:16:02,332, DEBUG, control values: 0.022
2015-09-14 13:16:02,332, DEBUG, control values: (0.02, 2)
2015-09-14 13:16:02,532, DEBUG, control values: 0.022
2015-09-14 13:16:02,532, DEBUG, control values: (0.02, 2)
2015-09-14 13:16:02,732, DEBUG, control values: 0.022
2015-09-14 13:16:02,732, DEBUG, control values: (0.02, 2)
2015-09-14 13:16:03,289, DEBUG, control values: 0.022
2015-09-14 13:16:03,289, DEBUG, control values: (0.02, 2)
2015-09-14 13:16:03,489, DEBUG, control values: 0.022
2015-09-14 13:16:03,489, DEBUG, control values: (0.02, 2)
2015-09-14 13:16:03,688, DEBUG, control values: 0.022
2015-09-14 13:16:03,688, DEBUG, control values: (0.02, 2)
2015-09-14 13:16:03,888, DEBUG, control values: 0.022
2015-09-14 13:16:03,888, DEBUG, control values: (0.02, 2)
2015-09-14 13:16:04,088, DEBUG, control values: 0.022
2015-09-14 13:16:04,088, DEBUG, control values: (0.02, 2)
2015-09-14 13:16:04,289, DEBUG, control values: 0.022
2015-09-14 13:16:04,289, DEBUG, control values: (0.02, 2)
2015-09-14 13:16:04,489, DEBUG, control values: 0.022
2015-09-14 13:16:04,489, DEBUG, control values: (0.02, 2)
2015-09-14 13:16:04,688, DEBUG, control values: 0.022
2015-09-14 13:16:04,688, DEBUG, control values: (0.02, 2)
2015-09-14 13:16:04,888, DEBUG, control values: 0.022
2015-09-14 13:16:04,888, DEBUG, control values: (0.02, 2)
2015-09-14 13:16:05,088, DEBUG, control values: 0.022
2015-09-14 13:16:05,088, DEBUG, control values: (0.02, 2)
2015-09-14 13:16:05,289, DEBUG, control values: 0.022
2015-09-14 13:16:05,289, DEBUG, control values: (0.02, 2)
2015-09-14 13:16:05,489, DEBUG, control values: 0.022
2015-09-14 13:16:05,489, DEBUG, control values: (0.02, 2)
2015-09-14 13:16:05,688, DEBUG, control values: 0.022
2015-09-14 13:16:05,688, DEBUG, control values: (0.02, 2)
2015-09-14 13:16:05,888, DEBUG, control values: 0.022
2015-09-14 13:16:05,888, DEBUG, control values: (0.02, 2)
2015-09-14 13:16:06,088, DEBUG, control values: 0.022
2015-09-14 13:16:06,088, DEBUG, control values: (0.02, 2)
2015-09-14 13:16:06,289, DEBUG, control values: 0.022
2015-09-14 13:16:06,289, DEBUG, control values: (0.02, 2)
2015-09-14 13:16:06,489, DEBUG, control values: 0.022
2015-09-14 13:16:06,489, DEBUG, control values: (0.02, 2)
2015-09-14 13:16:06,688, DEBUG, control values: 0.022
2015-09-14 13:16:06,688, DEBUG, control values: (0.02, 2)
2015-09-14 13:16:06,888, DEBUG, control values: 0.022
2015-09-14 13:16:06,888, DEBUG, control values: (0.02, 2)
2015-09-14 13:16:07,088, DEBUG, control values: 0.022
2015-09-14 13:16:07,088, DEBUG, control values: (0.02, 2)
2015-09-14 13:16:07,289, DEBUG, control values: 0.022
2015-09-14 13:16:07,289, DEBUG, control values: (0.02, 2)
2015-09-14 13:16:07,489, DEBUG, control values: 0.022
2015-09-14 13:16:07,489, DEBUG, control values: (0.02, 2)
2015-09-14 13:16:07,690, DEBUG, control values: 0.022
2015-09-14 13:16:07,690, DEBUG, control values: (0.02, 2)
2015-09-14 13:16:07,890, DEBUG, control values: 0.022
2015-09-14 13:16:07,890, DEBUG, control values: (0.02, 2)
2015-09-14 13:16:08,089, DEBUG, control values: 0.022
2015-09-14 13:16:08,089, DEBUG, control values: (0.02, 2)
2015-09-14 13:16:08,289, DEBUG, control values: 0.022
2015-09-14 13:16:08,289, DEBUG, control values: (0.02, 2)
2015-09-14 13:16:08,490, DEBUG, control values: 0.022
2015-09-14 13:16:08,490, DEBUG, control values: (0.02, 2)
2015-09-14 13:16:08,697, DEBUG, control values: 0.022
2015-09-14 13:16:08,697, DEBUG, control values: (0.02, 2)
2015-09-14 13:16:08,900, DEBUG, control values: 0.022
2015-09-14 13:16:09,309, DEBUG, control values: (0.02, 2)
2015-09-14 13:16:09,509, DEBUG, control values: 0.022
2015-09-14 13:16:09,509, DEBUG, control values: (0.02, 2)
2015-09-14 13:16:10,759, DEBUG, control values: 0.022
2015-09-14 13:16:10,759, DEBUG, control values: (0.02, 2)
2015-09-14 13:16:10,960, DEBUG, control values: 0.022
2015-09-14 13:16:11,279, DEBUG, control values: (0.02, 2)
2015-09-14 13:16:11,480, DEBUG, control values: 0.022
2015-09-14 13:16:11,480, DEBUG, control values: (0.02, 2)
2015-09-14 13:16:11,680, DEBUG, control values: 0.022
2015-09-14 13:16:11,680, DEBUG, control values: (0.02, 2)
2015-09-14 13:16:11,880, DEBUG, control values: 0.022
2015-09-14 13:16:11,880, DEBUG, control values: (0.02, 2)
2015-09-14 13:16:12,079, DEBUG, control values: 0.022
2015-09-14 13:16:12,079, DEBUG, control values: (0.02, 2)
2015-09-14 13:16:12,279, DEBUG, control values: 0.022
2015-09-14 13:16:12,279, DEBUG, control values: (0.02, 2)
2015-09-14 13:16:12,480, DEBUG, control values: 0.022
2015-09-14 13:16:12,480, DEBUG, control values: (0.02, 2)
2015-09-14 13:16:12,683, DEBUG, control values: 0.022
2015-09-14 13:16:12,683, DEBUG, control values: (0.02, 2)
2015-09-14 13:16:12,882, INFO,  ---------------------- root --------------------------------
2015-09-14 13:16:12,882, INFO,  ---------------------- root --------------------------------
2015-09-14 13:16:18,644, INFO,  ---------------------- root --------------------------------
2015-09-14 13:16:18,644, INFO,  ---------------------- root --------------------------------
2015-09-14 13:16:18,654, INFO,  ---------------------- root --------------------------------
2015-09-14 13:16:18,654, DEBUG, control values: 0.010.5
2015-09-14 13:16:18,654, DEBUG, control values: (0.01, 0.5)
2015-09-14 13:16:18,654, INFO,  ---------------------- root --------------------------------
2015-09-14 13:16:18,654, DEBUG, control values: 0.010.5
2015-09-14 13:16:18,654, DEBUG, control values: (0.01, 0.5)
2015-09-14 13:16:18,854, INFO,  ---------------------- root --------------------------------
2015-09-14 13:16:18,854, DEBUG, control values: 0.010.5
2015-09-14 13:16:18,854, DEBUG, control values: (0.01, 0.5)
2015-09-14 13:16:23,073, INFO,  ---------------------- root --------------------------------
2015-09-14 13:16:23,073, DEBUG, control values: 0.010.5
2015-09-14 13:16:23,073, DEBUG, control values: (0.01, 0.5)
2015-09-14 13:16:23,073, INFO,  ---------------------- root --------------------------------
2015-09-14 13:16:23,073, INFO,  ---------------------- root --------------------------------
2015-09-14 13:16:23,073, INFO,  ---------------------- root --------------------------------
2015-09-14 13:16:23,073, INFO,  ---------------------- root --------------------------------
2015-09-14 13:16:23,233, INFO,  ---------------------- root --------------------------------
2015-09-14 13:16:23,233, INFO,  ---------------------- root --------------------------------
2015-09-14 13:16:23,233, INFO,  ---------------------- root --------------------------------
2015-09-14 13:17:27,979, INFO,  ---------------------- root --------------------------------
2015-09-14 13:17:27,989, INFO,  ---------------------- root --------------------------------
2015-09-14 13:17:27,989, INFO,  ---------------------- root --------------------------------
2015-09-14 13:17:27,989, DEBUG, control values: 0.010.5
2015-09-14 13:17:27,989, DEBUG, control values: (0.01, 0.5)
2015-09-14 13:17:27,989, INFO,  ---------------------- root --------------------------------
2015-09-14 13:17:27,989, DEBUG, control values: 0.010.5
2015-09-14 13:17:27,989, DEBUG, control values: (0.01, 0.5)
2015-09-14 13:17:28,188, INFO,  ---------------------- root --------------------------------
2015-09-14 13:17:28,188, DEBUG, control values: 0.010.5
2015-09-14 13:17:28,188, DEBUG, control values: (0.01, 0.5)
2015-09-14 13:17:32,394, INFO,  ---------------------- root --------------------------------
2015-09-14 13:17:32,394, DEBUG, control values: 0.010.5
2015-09-14 13:17:32,394, DEBUG, control values: (0.01, 0.5)
2015-09-14 13:17:32,394, INFO,  ---------------------- root --------------------------------
2015-09-14 13:17:32,394, INFO,  ---------------------- root --------------------------------
2015-09-14 13:17:32,394, INFO,  ---------------------- root --------------------------------
2015-09-14 13:17:32,394, INFO,  ---------------------- root --------------------------------
2015-09-14 13:17:33,558, INFO,  ---------------------- root --------------------------------
2015-09-14 13:17:33,558, INFO,  ---------------------- root --------------------------------
2015-09-14 13:17:33,558, INFO,  ---------------------- root --------------------------------
2015-09-14 13:18:31,861, INFO,  ---------------------- root --------------------------------
2015-09-14 13:18:31,871, INFO,  ---------------------- root --------------------------------
2015-09-14 13:18:31,871, INFO,  ---------------------- root --------------------------------
2015-09-14 13:18:31,871, DEBUG, control values: 0.010.5
2015-09-14 13:18:31,871, DEBUG, control values: (0.01, 0.5)
2015-09-14 13:18:31,871, INFO,  ---------------------- root --------------------------------
2015-09-14 13:18:31,871, DEBUG, control values: 0.010.5
2015-09-14 13:18:31,871, DEBUG, control values: (0.01, 0.5)
2015-09-14 13:18:32,082, INFO,  ---------------------- root --------------------------------
2015-09-14 13:18:32,082, DEBUG, control values: 0.010.5
2015-09-14 13:18:32,082, DEBUG, control values: (0.01, 0.5)
2015-09-14 13:18:36,282, INFO,  ---------------------- root --------------------------------
2015-09-14 13:18:36,282, DEBUG, control values: 0.010.5
2015-09-14 13:18:36,282, DEBUG, control values: (0.01, 0.5)
2015-09-14 13:18:36,282, INFO,  ---------------------- root --------------------------------
2015-09-14 13:18:36,282, INFO,  ---------------------- root --------------------------------
2015-09-14 13:18:36,282, INFO,  ---------------------- root --------------------------------
2015-09-14 13:18:36,282, INFO,  ---------------------- root --------------------------------
2015-09-14 13:18:37,908, INFO,  ---------------------- root --------------------------------
2015-09-14 13:18:37,908, INFO,  ---------------------- root --------------------------------
2015-09-14 13:18:37,908, INFO,  ---------------------- root --------------------------------
2015-09-14 13:19:23,855, INFO,  ---------------------- root --------------------------------
2015-09-14 13:19:23,865, INFO,  ---------------------- root --------------------------------
2015-09-14 13:19:23,865, INFO,  ---------------------- root --------------------------------
2015-09-14 13:19:23,865, DEBUG, control values: 0.010.5
2015-09-14 13:19:23,865, DEBUG, control values: (0.01, 0.5)
2015-09-14 13:19:23,865, INFO,  ---------------------- root --------------------------------
2015-09-14 13:19:23,865, DEBUG, control values: 0.010.5
2015-09-14 13:19:23,865, DEBUG, control values: (0.01, 0.5)
2015-09-14 13:19:24,065, INFO,  ---------------------- root --------------------------------
2015-09-14 13:19:24,065, DEBUG, control values: 0.010.5
2015-09-14 13:19:24,065, DEBUG, control values: (0.01, 0.5)
2015-09-14 13:19:28,285, INFO,  ---------------------- root --------------------------------
2015-09-14 13:19:28,285, DEBUG, control values: 0.010.5
2015-09-14 13:19:28,285, DEBUG, control values: (0.01, 0.5)
2015-09-14 13:19:28,285, INFO,  ---------------------- root --------------------------------
2015-09-14 13:19:28,285, INFO,  ---------------------- root --------------------------------
2015-09-14 13:19:28,285, INFO,  ---------------------- root --------------------------------
2015-09-14 13:19:28,285, INFO,  ---------------------- root --------------------------------
2015-09-14 13:19:28,509, INFO,  ---------------------- root --------------------------------
2015-09-14 13:19:28,509, INFO,  ---------------------- root --------------------------------
2015-09-14 13:19:28,509, INFO,  ---------------------- root --------------------------------
2015-09-14 13:19:53,622, INFO,  ---------------------- root --------------------------------
2015-09-14 13:19:53,622, INFO,  ---------------------- root --------------------------------
2015-09-14 13:19:53,632, INFO,  ---------------------- root --------------------------------
2015-09-14 13:19:53,632, DEBUG, control values: 0.010.5
2015-09-14 13:19:53,632, DEBUG, control values: (0.01, 0.5)
2015-09-14 13:19:53,632, INFO,  ---------------------- root --------------------------------
2015-09-14 13:19:53,632, DEBUG, control values: 0.010.5
2015-09-14 13:19:53,632, DEBUG, control values: (0.01, 0.5)
2015-09-14 13:19:53,832, INFO,  ---------------------- root --------------------------------
2015-09-14 13:19:53,832, DEBUG, control values: 0.010.5
2015-09-14 13:19:53,832, DEBUG, control values: (0.01, 0.5)
2015-09-14 13:19:58,042, INFO,  ---------------------- root --------------------------------
2015-09-14 13:19:58,043, DEBUG, control values: 0.010.5
2015-09-14 13:19:58,045, DEBUG, control values: (0.01, 0.5)
2015-09-14 13:19:58,046, INFO,  ---------------------- root --------------------------------
2015-09-14 13:19:58,046, INFO,  ---------------------- root --------------------------------
2015-09-14 13:19:58,048, INFO,  ---------------------- root --------------------------------
2015-09-14 13:19:58,049, INFO,  ---------------------- root --------------------------------
2015-09-14 13:19:58,240, INFO,  ---------------------- root --------------------------------
2015-09-14 13:19:58,240, INFO,  ---------------------- root --------------------------------
2015-09-14 13:20:23,270, INFO,  ---------------------- root --------------------------------
2015-09-14 13:20:52,990, INFO,  ---------------------- root --------------------------------
2015-09-14 13:20:53,000, INFO,  ---------------------- root --------------------------------
2015-09-14 13:20:53,009, INFO,  ---------------------- root --------------------------------
2015-09-14 13:20:53,009, DEBUG, control values: 0.010.5
2015-09-14 13:20:53,009, DEBUG, control values: (0.01, 0.5)
2015-09-14 13:20:53,009, INFO,  ---------------------- root --------------------------------
2015-09-14 13:20:53,009, DEBUG, control values: 0.010.5
2015-09-14 13:20:53,009, DEBUG, control values: (0.01, 0.5)
2015-09-14 13:20:53,210, INFO,  ---------------------- root --------------------------------
2015-09-14 13:20:53,210, DEBUG, control values: 0.010.5
2015-09-14 13:20:53,210, DEBUG, control values: (0.01, 0.5)
2015-09-14 13:20:57,467, INFO,  ---------------------- root --------------------------------
2015-09-14 13:20:57,467, DEBUG, control values: 0.010.5
2015-09-14 13:20:57,469, DEBUG, control values: (0.01, 0.5)
2015-09-14 13:20:57,470, INFO,  ---------------------- root --------------------------------
2015-09-14 13:20:57,471, INFO,  ---------------------- root --------------------------------
2015-09-14 13:20:57,473, INFO,  ---------------------- root --------------------------------
2015-09-14 13:20:57,473, INFO,  ---------------------- root --------------------------------
2015-09-14 13:20:57,648, INFO,  ---------------------- root --------------------------------
2015-09-14 13:20:57,650, INFO,  ---------------------- root --------------------------------
2015-09-14 13:21:22,654, INFO,  ---------------------- root --------------------------------
2015-09-14 13:21:38,236, INFO,  ---------------------- root --------------------------------
2015-09-14 13:21:38,246, INFO,  ---------------------- root --------------------------------
2015-09-14 13:21:38,246, INFO,  ---------------------- root --------------------------------
2015-09-14 13:21:38,246, DEBUG, control values: 0.010.5
2015-09-14 13:21:38,246, DEBUG, control values: (0.01, 0.5)
2015-09-14 13:21:38,246, INFO,  ---------------------- root --------------------------------
2015-09-14 13:21:38,246, DEBUG, control values: 0.010.5
2015-09-14 13:21:38,246, DEBUG, control values: (0.01, 0.5)
2015-09-14 13:21:38,446, INFO,  ---------------------- root --------------------------------
2015-09-14 13:21:38,446, DEBUG, control values: 0.010.5
2015-09-14 13:21:38,446, DEBUG, control values: (0.01, 0.5)
2015-09-14 13:21:42,671, INFO,  ---------------------- root --------------------------------
2015-09-14 13:21:42,673, DEBUG, control values: 0.010.5
2015-09-14 13:21:42,674, DEBUG, control values: (0.01, 0.5)
2015-09-14 13:21:42,674, INFO,  ---------------------- root --------------------------------
2015-09-14 13:21:42,677, INFO,  ---------------------- root --------------------------------
2015-09-14 13:21:42,677, INFO,  ---------------------- root --------------------------------
2015-09-14 13:21:42,678, INFO,  ---------------------- root --------------------------------
2015-09-14 13:21:42,903, INFO,  ---------------------- root --------------------------------
2015-09-14 13:21:42,903, INFO,  ---------------------- root --------------------------------
2015-09-14 13:22:07,917, INFO,  ---------------------- root --------------------------------
2015-09-14 13:22:23,792, INFO,  ---------------------- root --------------------------------
2015-09-14 13:22:23,792, INFO,  ---------------------- root --------------------------------
2015-09-14 13:22:23,802, INFO,  ---------------------- root --------------------------------
2015-09-14 13:22:23,802, DEBUG, control values: 0.010.5
2015-09-14 13:22:23,802, DEBUG, control values: (0.01, 0.5)
2015-09-14 13:22:23,802, INFO,  ---------------------- root --------------------------------
2015-09-14 13:22:23,802, DEBUG, control values: 0.010.5
2015-09-14 13:22:23,802, DEBUG, control values: (0.01, 0.5)
2015-09-14 13:22:24,002, INFO,  ---------------------- root --------------------------------
2015-09-14 13:22:24,002, DEBUG, control values: 0.010.5
2015-09-14 13:22:24,002, DEBUG, control values: (0.01, 0.5)
2015-09-14 13:22:28,230, INFO,  ---------------------- root --------------------------------
2015-09-14 13:22:28,230, DEBUG, control values: 0.010.5
2015-09-14 13:22:28,232, DEBUG, control values: (0.01, 0.5)
2015-09-14 13:22:28,232, INFO,  ---------------------- root --------------------------------
2015-09-14 13:22:28,233, INFO,  ---------------------- root --------------------------------
2015-09-14 13:22:28,233, INFO,  ---------------------- root --------------------------------
2015-09-14 13:22:28,234, INFO,  ---------------------- root --------------------------------
2015-09-14 13:22:28,423, INFO,  ---------------------- root --------------------------------
2015-09-14 13:22:28,423, INFO,  ---------------------- root --------------------------------
2015-09-14 13:22:53,438, INFO,  ---------------------- root --------------------------------
2015-09-14 13:27:12,138, INFO,  ---------------------- root --------------------------------
2015-09-14 13:27:12,148, INFO,  ---------------------- root --------------------------------
2015-09-14 13:27:12,148, INFO,  ---------------------- root --------------------------------
2015-09-14 13:27:12,148, DEBUG, control values: 0.010.5
2015-09-14 13:27:12,148, DEBUG, control values: (0.01, 0.5)
2015-09-14 13:27:12,148, INFO,  ---------------------- root --------------------------------
2015-09-14 13:27:12,148, DEBUG, control values: 0.010.5
2015-09-14 13:27:12,148, DEBUG, control values: (0.01, 0.5)
2015-09-14 13:27:12,348, INFO,  ---------------------- root --------------------------------
2015-09-14 13:27:12,348, DEBUG, control values: 0.010.5
2015-09-14 13:27:12,348, DEBUG, control values: (0.01, 0.5)
2015-09-14 13:27:16,553, INFO,  ---------------------- root --------------------------------
2015-09-14 13:27:16,553, DEBUG, control values: 0.010.5
2015-09-14 13:27:16,553, DEBUG, control values: (0.01, 0.5)
2015-09-14 13:27:16,553, INFO,  ---------------------- root --------------------------------
2015-09-14 13:27:16,553, INFO,  ---------------------- root --------------------------------
2015-09-14 13:27:16,553, INFO,  ---------------------- root --------------------------------
2015-09-14 13:27:16,553, INFO,  ---------------------- root --------------------------------
2015-09-14 13:27:16,713, INFO,  ---------------------- root --------------------------------
2015-09-14 13:27:16,713, INFO,  ---------------------- root --------------------------------
2015-09-14 13:27:16,713, INFO,  ---------------------- root --------------------------------
2015-09-14 14:09:36,161, INFO,  ---------------------- root --------------------------------
2015-09-14 14:09:36,168, INFO,  ---------------------- root --------------------------------
2015-09-14 14:09:36,171, INFO,  ---------------------- root --------------------------------
2015-09-14 14:09:36,171, DEBUG, control values: 0.010.5
2015-09-14 14:09:36,171, DEBUG, control values: (0.01, 0.5)
2015-09-14 14:09:36,174, INFO,  ---------------------- root --------------------------------
2015-09-14 14:09:36,174, DEBUG, control values: 0.010.5
2015-09-14 14:09:36,174, DEBUG, control values: (0.01, 0.5)
2015-09-14 14:09:36,380, INFO,  ---------------------- root --------------------------------
2015-09-14 14:09:36,380, DEBUG, control values: 0.010.5
2015-09-14 14:09:36,381, DEBUG, control values: (0.01, 0.5)
2015-09-14 14:09:40,581, INFO,  ---------------------- root --------------------------------
2015-09-14 14:09:40,582, DEBUG, control values: 0.010.5
2015-09-14 14:09:40,582, DEBUG, control values: (0.01, 0.5)
2015-09-14 14:09:40,584, INFO,  ---------------------- root --------------------------------
2015-09-14 14:09:40,585, INFO,  ---------------------- root --------------------------------
2015-09-14 14:09:40,585, INFO,  ---------------------- root --------------------------------
2015-09-14 14:09:40,588, INFO,  ---------------------- root --------------------------------
2015-09-14 14:09:41,757, INFO,  ---------------------- root --------------------------------
2015-09-14 14:09:41,759, INFO,  ---------------------- root --------------------------------
2015-09-14 14:09:41,963, INFO,  ---------------------- root --------------------------------
2015-09-14 14:10:21,384, INFO,  ---------------------- root --------------------------------
2015-09-14 14:10:21,394, INFO,  ---------------------- root --------------------------------
2015-09-14 14:10:21,397, INFO,  ---------------------- root --------------------------------
2015-09-14 14:10:21,398, DEBUG, control values: 0.010.5
2015-09-14 14:10:21,398, DEBUG, control values: (0.01, 0.5)
2015-09-14 14:10:21,400, INFO,  ---------------------- root --------------------------------
2015-09-14 14:10:21,400, DEBUG, control values: 0.010.5
2015-09-14 14:10:21,401, DEBUG, control values: (0.01, 0.5)
2015-09-14 14:10:21,608, INFO,  ---------------------- root --------------------------------
2015-09-14 14:10:21,608, DEBUG, control values: 0.010.5
2015-09-14 14:10:21,608, DEBUG, control values: (0.01, 0.5)
2015-09-14 14:10:25,809, INFO,  ---------------------- root --------------------------------
2015-09-14 14:10:25,811, DEBUG, control values: 0.010.5
2015-09-14 14:10:25,812, DEBUG, control values: (0.01, 0.5)
2015-09-14 14:10:25,812, INFO,  ---------------------- root --------------------------------
2015-09-14 14:10:25,813, INFO,  ---------------------- root --------------------------------
2015-09-14 14:10:25,815, INFO,  ---------------------- root --------------------------------
2015-09-14 14:10:25,815, INFO,  ---------------------- root --------------------------------
2015-09-14 14:10:26,017, INFO,  ---------------------- root --------------------------------
2015-09-14 14:10:26,019, INFO,  ---------------------- root --------------------------------
2015-09-14 14:10:26,226, INFO,  ---------------------- root --------------------------------
2015-09-14 14:10:53,473, INFO,  ---------------------- root --------------------------------
2015-09-14 14:10:53,480, INFO,  ---------------------- root --------------------------------
2015-09-14 14:10:53,482, INFO,  ---------------------- root --------------------------------
2015-09-14 14:10:53,482, DEBUG, control values: 0.010.5
2015-09-14 14:10:53,483, DEBUG, control values: (0.01, 0.5)
2015-09-14 14:10:53,484, INFO,  ---------------------- root --------------------------------
2015-09-14 14:10:53,484, DEBUG, control values: 0.010.5
2015-09-14 14:10:53,484, DEBUG, control values: (0.01, 0.5)
2015-09-14 14:10:53,688, INFO,  ---------------------- root --------------------------------
2015-09-14 14:10:53,690, DEBUG, control values: 0.010.5
2015-09-14 14:10:53,690, DEBUG, control values: (0.01, 0.5)
2015-09-14 14:10:57,891, INFO,  ---------------------- root --------------------------------
2015-09-14 14:10:57,892, DEBUG, control values: 0.010.5
2015-09-14 14:10:57,894, DEBUG, control values: (0.01, 0.5)
2015-09-14 14:10:57,894, INFO,  ---------------------- root --------------------------------
2015-09-14 14:10:57,895, INFO,  ---------------------- root --------------------------------
2015-09-14 14:10:57,897, INFO,  ---------------------- root --------------------------------
2015-09-14 14:10:57,898, INFO,  ---------------------- root --------------------------------
2015-09-14 14:10:58,058, INFO,  ---------------------- root --------------------------------
2015-09-14 14:10:58,059, INFO,  ---------------------- root --------------------------------
2015-09-14 14:12:48,555, INFO,  ---------------------- root --------------------------------
2015-09-14 14:18:09,244, INFO,  ---------------------- root --------------------------------
2015-09-14 14:18:09,250, INFO,  ---------------------- root --------------------------------
2015-09-14 14:18:09,253, INFO,  ---------------------- root --------------------------------
2015-09-14 14:18:09,253, DEBUG, control values: 0.010.5
2015-09-14 14:18:09,253, DEBUG, control values: (0.01, 0.5)
2015-09-14 14:18:09,256, INFO,  ---------------------- root --------------------------------
2015-09-14 14:18:09,256, DEBUG, control values: 0.010.5
2015-09-14 14:18:09,256, DEBUG, control values: (0.01, 0.5)
2015-09-14 14:18:09,461, INFO,  ---------------------- root --------------------------------
2015-09-14 14:18:09,461, DEBUG, control values: 0.010.5
2015-09-14 14:18:09,463, DEBUG, control values: (0.01, 0.5)
2015-09-14 14:18:13,664, INFO,  ---------------------- root --------------------------------
2015-09-14 14:18:13,664, DEBUG, control values: 0.010.5
2015-09-14 14:18:13,665, DEBUG, control values: (0.01, 0.5)
2015-09-14 14:18:13,667, INFO,  ---------------------- root --------------------------------
2015-09-14 14:18:13,670, INFO,  ---------------------- root --------------------------------
2015-09-14 14:18:13,671, INFO,  ---------------------- root --------------------------------
2015-09-14 14:18:13,671, INFO,  ---------------------- root --------------------------------
2015-09-14 14:18:13,887, INFO,  ---------------------- root --------------------------------
2015-09-14 14:18:13,887, INFO,  ---------------------- root --------------------------------
2015-09-14 14:18:13,888, INFO,  ---------------------- root --------------------------------
2015-09-14 14:18:32,154, INFO,  ---------------------- root --------------------------------
2015-09-14 14:18:32,161, INFO,  ---------------------- root --------------------------------
2015-09-14 14:18:32,164, INFO,  ---------------------- root --------------------------------
2015-09-14 14:18:32,164, DEBUG, control values: 0.010.5
2015-09-14 14:18:32,165, DEBUG, control values: (0.01, 0.5)
2015-09-14 14:18:32,167, INFO,  ---------------------- root --------------------------------
2015-09-14 14:18:32,167, DEBUG, control values: 0.010.5
2015-09-14 14:18:32,167, DEBUG, control values: (0.01, 0.5)
2015-09-14 14:18:32,374, INFO,  ---------------------- root --------------------------------
2015-09-14 14:18:32,375, DEBUG, control values: 0.010.5
2015-09-14 14:18:32,375, DEBUG, control values: (0.01, 0.5)
2015-09-14 14:18:36,576, INFO,  ---------------------- root --------------------------------
2015-09-14 14:18:36,578, DEBUG, control values: 0.010.5
2015-09-14 14:18:36,578, DEBUG, control values: (0.01, 0.5)
2015-09-14 14:18:36,579, INFO,  ---------------------- root --------------------------------
2015-09-14 14:18:36,581, INFO,  ---------------------- root --------------------------------
2015-09-14 14:18:36,582, INFO,  ---------------------- root --------------------------------
2015-09-14 14:18:36,584, INFO,  ---------------------- root --------------------------------
2015-09-14 14:18:38,881, INFO,  ---------------------- root --------------------------------
2015-09-14 14:18:38,882, INFO,  ---------------------- root --------------------------------
2015-09-14 14:18:38,882, INFO,  ---------------------- root --------------------------------
2015-09-14 14:18:55,401, INFO,  ---------------------- root --------------------------------
2015-09-14 14:18:55,407, INFO,  ---------------------- root --------------------------------
2015-09-14 14:18:55,408, INFO,  ---------------------- root --------------------------------
2015-09-14 14:18:55,408, DEBUG, control values: 0.010.5
2015-09-14 14:18:55,410, DEBUG, control values: (0.01, 0.5)
2015-09-14 14:18:55,411, INFO,  ---------------------- root --------------------------------
2015-09-14 14:18:55,411, DEBUG, control values: 0.010.5
2015-09-14 14:18:55,413, DEBUG, control values: (0.01, 0.5)
2015-09-14 14:18:55,618, INFO,  ---------------------- root --------------------------------
2015-09-14 14:18:55,618, DEBUG, control values: 0.010.5
2015-09-14 14:18:55,619, DEBUG, control values: (0.01, 0.5)
2015-09-14 14:18:59,821, INFO,  ---------------------- root --------------------------------
2015-09-14 14:18:59,822, DEBUG, control values: 0.010.5
2015-09-14 14:18:59,822, DEBUG, control values: (0.01, 0.5)
2015-09-14 14:18:59,823, INFO,  ---------------------- root --------------------------------
2015-09-14 14:18:59,825, INFO,  ---------------------- root --------------------------------
2015-09-14 14:18:59,825, INFO,  ---------------------- root --------------------------------
2015-09-14 14:18:59,828, INFO,  ---------------------- root --------------------------------
2015-09-14 14:18:59,971, INFO,  ---------------------- root --------------------------------
2015-09-14 14:18:59,973, INFO,  ---------------------- root --------------------------------
2015-09-14 14:20:47,184, INFO,  ---------------------- root --------------------------------
2015-09-14 14:27:44,703, INFO,  ---------------------- root --------------------------------
2015-09-14 14:27:44,710, INFO,  ---------------------- root --------------------------------
2015-09-14 14:27:44,711, INFO,  ---------------------- root --------------------------------
2015-09-14 14:27:44,713, DEBUG, control values: 0.010.5
2015-09-14 14:27:44,713, DEBUG, control values: (0.01, 0.5)
2015-09-14 14:27:44,714, INFO,  ---------------------- root --------------------------------
2015-09-14 14:27:44,714, DEBUG, control values: 0.010.5
2015-09-14 14:27:44,714, DEBUG, control values: (0.01, 0.5)
2015-09-14 14:27:45,453, INFO,  ---------------------- root --------------------------------
2015-09-14 14:27:45,454, DEBUG, control values: 0.010.5
2015-09-14 14:27:45,454, DEBUG, control values: (0.01, 0.5)
2015-09-14 14:27:49,657, INFO,  ---------------------- root --------------------------------
2015-09-14 14:27:49,657, DEBUG, control values: 0.010.5
2015-09-14 14:27:49,657, DEBUG, control values: (0.01, 0.5)
2015-09-14 14:27:49,658, INFO,  ---------------------- root --------------------------------
2015-09-14 14:27:49,660, INFO,  ---------------------- root --------------------------------
2015-09-14 14:27:49,661, INFO,  ---------------------- root --------------------------------
2015-09-14 14:27:49,661, INFO,  ---------------------- root --------------------------------
2015-09-14 14:27:50,329, INFO,  ---------------------- root --------------------------------
2015-09-14 14:27:50,331, INFO,  ---------------------- root --------------------------------
2015-09-14 14:28:44,680, INFO,  ---------------------- root --------------------------------
2015-09-14 14:29:41,717, INFO,  ---------------------- root --------------------------------
2015-09-14 14:29:41,717, INFO,  ---------------------- root --------------------------------
2015-09-14 14:29:41,720, INFO,  ---------------------- root --------------------------------
2015-09-14 14:29:41,720, DEBUG, control values: 0.010.5
2015-09-14 14:29:41,720, DEBUG, control values: (0.01, 0.5)
2015-09-14 14:29:41,723, INFO,  ---------------------- root --------------------------------
2015-09-14 14:29:41,723, DEBUG, control values: 0.010.5
2015-09-14 14:29:41,723, DEBUG, control values: (0.01, 0.5)
2015-09-14 14:29:41,928, INFO,  ---------------------- root --------------------------------
2015-09-14 14:29:41,930, DEBUG, control values: 0.010.5
2015-09-14 14:29:41,930, DEBUG, control values: (0.01, 0.5)
2015-09-14 14:29:46,131, INFO,  ---------------------- root --------------------------------
2015-09-14 14:29:46,131, DEBUG, control values: 0.010.5
2015-09-14 14:29:46,132, DEBUG, control values: (0.01, 0.5)
2015-09-14 14:29:46,134, INFO,  ---------------------- root --------------------------------
2015-09-14 14:29:46,134, INFO,  ---------------------- root --------------------------------
2015-09-14 14:29:46,135, INFO,  ---------------------- root --------------------------------
2015-09-14 14:29:46,137, INFO,  ---------------------- root --------------------------------
2015-09-14 14:29:47,316, INFO,  ---------------------- root --------------------------------
2015-09-14 14:29:47,318, INFO,  ---------------------- root --------------------------------
2015-09-14 14:30:43,045, INFO,  ---------------------- root --------------------------------
2015-09-14 14:53:06,263, INFO,  ---------------------- root --------------------------------
2015-09-14 14:53:06,263, INFO,  ---------------------- root --------------------------------
2015-09-14 14:53:06,266, INFO,  ---------------------- root --------------------------------
2015-09-14 14:53:06,266, DEBUG, control values: 0.010.5
2015-09-14 14:53:06,267, DEBUG, control values: (0.01, 0.5)
2015-09-14 14:53:06,269, INFO,  ---------------------- root --------------------------------
2015-09-14 14:53:06,269, DEBUG, control values: 0.010.5
2015-09-14 14:53:06,269, DEBUG, control values: (0.01, 0.5)
2015-09-14 14:53:06,474, INFO,  ---------------------- root --------------------------------
2015-09-14 14:53:06,476, DEBUG, control values: 0.010.5
2015-09-14 14:53:06,476, DEBUG, control values: (0.01, 0.5)
2015-09-14 14:53:10,729, INFO,  ---------------------- root --------------------------------
2015-09-14 14:53:10,730, DEBUG, control values: 0.010.5
2015-09-14 14:53:10,730, DEBUG, control values: (0.01, 0.5)
2015-09-14 14:53:10,730, INFO,  ---------------------- root --------------------------------
2015-09-14 14:53:10,732, INFO,  ---------------------- root --------------------------------
2015-09-14 14:53:10,736, INFO,  ---------------------- root --------------------------------
2015-09-14 14:53:10,737, INFO,  ---------------------- root --------------------------------
2015-09-14 14:53:10,947, INFO,  ---------------------- root --------------------------------
2015-09-14 14:53:10,948, INFO,  ---------------------- root --------------------------------
2015-09-14 14:53:10,950, INFO,  ---------------------- root --------------------------------
2015-09-14 14:53:23,785, INFO,  ---------------------- root --------------------------------
2015-09-14 14:53:23,786, INFO,  ---------------------- root --------------------------------
2015-09-14 14:53:23,788, INFO,  ---------------------- root --------------------------------
2015-09-14 14:53:23,788, DEBUG, control values: 0.010.5
2015-09-14 14:53:23,789, DEBUG, control values: (0.01, 0.5)
2015-09-14 14:53:23,790, INFO,  ---------------------- root --------------------------------
2015-09-14 14:53:23,790, DEBUG, control values: 0.010.5
2015-09-14 14:53:23,790, DEBUG, control values: (0.01, 0.5)
2015-09-14 14:53:23,993, INFO,  ---------------------- root --------------------------------
2015-09-14 14:53:23,993, DEBUG, control values: 0.010.5
2015-09-14 14:53:23,993, DEBUG, control values: (0.01, 0.5)
2015-09-14 14:53:28,194, INFO,  ---------------------- root --------------------------------
2015-09-14 14:53:28,194, DEBUG, control values: 0.010.5
2015-09-14 14:53:28,196, DEBUG, control values: (0.01, 0.5)
2015-09-14 14:53:28,197, INFO,  ---------------------- root --------------------------------
2015-09-14 14:53:28,197, INFO,  ---------------------- root --------------------------------
2015-09-14 14:53:28,198, INFO,  ---------------------- root --------------------------------
2015-09-14 14:53:28,200, INFO,  ---------------------- root --------------------------------
2015-09-14 14:53:28,418, INFO,  ---------------------- root --------------------------------
2015-09-14 14:53:28,420, INFO,  ---------------------- root --------------------------------
2015-09-14 14:53:28,463, INFO,  ---------------------- root --------------------------------
2015-09-14 14:53:46,734, INFO,  ---------------------- root --------------------------------
2015-09-14 14:53:46,736, INFO,  ---------------------- root --------------------------------
2015-09-14 14:53:46,737, INFO,  ---------------------- root --------------------------------
2015-09-14 14:53:46,739, DEBUG, control values: 0.010.5
2015-09-14 14:53:46,739, DEBUG, control values: (0.01, 0.5)
2015-09-14 14:53:46,740, INFO,  ---------------------- root --------------------------------
2015-09-14 14:53:46,740, DEBUG, control values: 0.010.5
2015-09-14 14:53:46,740, DEBUG, control values: (0.01, 0.5)
2015-09-14 14:53:46,947, INFO,  ---------------------- root --------------------------------
2015-09-14 14:53:46,947, DEBUG, control values: 0.010.5
2015-09-14 14:53:46,948, DEBUG, control values: (0.01, 0.5)
2015-09-14 14:53:51,150, INFO,  ---------------------- root --------------------------------
2015-09-14 14:53:51,150, DEBUG, control values: 0.010.5
2015-09-14 14:53:51,151, DEBUG, control values: (0.01, 0.5)
2015-09-14 14:53:51,151, INFO,  ---------------------- root --------------------------------
2015-09-14 14:53:51,153, INFO,  ---------------------- root --------------------------------
2015-09-14 14:53:51,154, INFO,  ---------------------- root --------------------------------
2015-09-14 14:53:51,155, INFO,  ---------------------- root --------------------------------
2015-09-14 14:53:51,384, INFO,  ---------------------- root --------------------------------
2015-09-14 14:53:51,384, INFO,  ---------------------- root --------------------------------
2015-09-14 14:53:53,395, INFO,  ---------------------- root --------------------------------
2015-09-14 14:54:05,903, INFO,  ---------------------- root --------------------------------
2015-09-14 14:54:05,904, INFO,  ---------------------- root --------------------------------
2015-09-14 14:54:05,905, INFO,  ---------------------- root --------------------------------
2015-09-14 14:54:05,907, DEBUG, control values: 0.010.5
2015-09-14 14:54:05,907, DEBUG, control values: (0.01, 0.5)
2015-09-14 14:54:05,908, INFO,  ---------------------- root --------------------------------
2015-09-14 14:54:05,908, DEBUG, control values: 0.010.5
2015-09-14 14:54:05,910, DEBUG, control values: (0.01, 0.5)
2015-09-14 14:54:06,114, INFO,  ---------------------- root --------------------------------
2015-09-14 14:54:06,115, DEBUG, control values: 0.010.5
2015-09-14 14:54:06,115, DEBUG, control values: (0.01, 0.5)
2015-09-14 14:54:10,315, INFO,  ---------------------- root --------------------------------
2015-09-14 14:54:10,316, DEBUG, control values: 0.010.5
2015-09-14 14:54:10,318, DEBUG, control values: (0.01, 0.5)
2015-09-14 14:54:10,319, INFO,  ---------------------- root --------------------------------
2015-09-14 14:54:10,319, INFO,  ---------------------- root --------------------------------
2015-09-14 14:54:10,321, INFO,  ---------------------- root --------------------------------
2015-09-14 14:54:10,322, INFO,  ---------------------- root --------------------------------
2015-09-14 14:54:10,463, INFO,  ---------------------- root --------------------------------
2015-09-14 14:54:10,463, INFO,  ---------------------- root --------------------------------
2015-09-14 14:55:53,487, INFO,  ---------------------- root --------------------------------
2015-09-14 14:55:53,487, INFO,  ---------------------- root --------------------------------
2015-09-14 14:55:53,490, INFO,  ---------------------- root --------------------------------
2015-09-14 14:55:53,490, DEBUG, control values: 0.010.5
2015-09-14 14:55:53,490, DEBUG, control values: (0.01, 0.5)
2015-09-14 14:55:53,493, INFO,  ---------------------- root --------------------------------
2015-09-14 14:55:53,493, DEBUG, control values: 0.010.5
2015-09-14 14:55:53,493, DEBUG, control values: (0.01, 0.5)
2015-09-14 14:55:53,698, INFO,  ---------------------- root --------------------------------
2015-09-14 14:55:53,700, DEBUG, control values: 0.010.5
2015-09-14 14:55:53,700, DEBUG, control values: (0.01, 0.5)
2015-09-14 14:55:57,907, INFO,  ---------------------- root --------------------------------
2015-09-14 14:55:57,907, DEBUG, control values: 0.010.5
2015-09-14 14:55:57,907, DEBUG, control values: (0.01, 0.5)
2015-09-14 14:55:57,907, INFO,  ---------------------- root --------------------------------
2015-09-14 14:55:57,908, INFO,  ---------------------- root --------------------------------
2015-09-14 14:55:57,908, INFO,  ---------------------- root --------------------------------
2015-09-14 14:55:57,910, INFO,  ---------------------- root --------------------------------
2015-09-14 14:55:58,594, INFO,  ---------------------- root --------------------------------
2015-09-14 14:55:58,594, INFO,  ---------------------- root --------------------------------
2015-09-14 14:56:32,832, INFO,  ---------------------- root --------------------------------
2015-09-14 14:56:36,930, INFO,  ---------------------- root --------------------------------
2015-09-14 14:56:36,931, INFO,  ---------------------- root --------------------------------
2015-09-14 14:56:36,934, INFO,  ---------------------- root --------------------------------
2015-09-14 14:56:36,934, DEBUG, control values: 0.010.5
2015-09-14 14:56:36,934, DEBUG, control values: (0.01, 0.5)
2015-09-14 14:56:36,937, INFO,  ---------------------- root --------------------------------
2015-09-14 14:56:36,937, DEBUG, control values: 0.010.5
2015-09-14 14:56:36,937, DEBUG, control values: (0.01, 0.5)
2015-09-14 14:56:37,142, INFO,  ---------------------- root --------------------------------
2015-09-14 14:56:37,144, DEBUG, control values: 0.010.5
2015-09-14 14:56:37,144, DEBUG, control values: (0.01, 0.5)
2015-09-14 14:56:41,348, INFO,  ---------------------- root --------------------------------
2015-09-14 14:56:41,348, DEBUG, control values: 0.010.5
2015-09-14 14:56:41,348, DEBUG, control values: (0.01, 0.5)
2015-09-14 14:56:41,348, INFO,  ---------------------- root --------------------------------
2015-09-14 14:56:41,349, INFO,  ---------------------- root --------------------------------
2015-09-14 14:56:41,351, INFO,  ---------------------- root --------------------------------
2015-09-14 14:56:41,351, INFO,  ---------------------- root --------------------------------
2015-09-14 14:56:41,540, INFO,  ---------------------- root --------------------------------
2015-09-14 14:56:41,540, INFO,  ---------------------- root --------------------------------
2015-09-14 14:58:03,484, INFO,  ---------------------- root --------------------------------
2015-09-14 14:58:19,585, INFO,  ---------------------- root --------------------------------
2015-09-14 14:58:19,585, INFO,  ---------------------- root --------------------------------
2015-09-14 14:58:19,588, INFO,  ---------------------- root --------------------------------
2015-09-14 14:58:19,588, DEBUG, control values: 0.010.5
2015-09-14 14:58:19,588, DEBUG, control values: (0.01, 0.5)
2015-09-14 14:58:19,592, INFO,  ---------------------- root --------------------------------
2015-09-14 14:58:19,592, DEBUG, control values: 0.010.5
2015-09-14 14:58:19,592, DEBUG, control values: (0.01, 0.5)
2015-09-14 14:58:19,796, INFO,  ---------------------- root --------------------------------
2015-09-14 14:58:19,798, DEBUG, control values: 0.010.5
2015-09-14 14:58:19,798, DEBUG, control values: (0.01, 0.5)
2015-09-14 14:58:24,000, INFO,  ---------------------- root --------------------------------
2015-09-14 14:58:24,000, DEBUG, control values: 0.010.5
2015-09-14 14:58:24,000, DEBUG, control values: (0.01, 0.5)
2015-09-14 14:58:24,000, INFO,  ---------------------- root --------------------------------
2015-09-14 14:58:24,002, INFO,  ---------------------- root --------------------------------
2015-09-14 14:58:24,003, INFO,  ---------------------- root --------------------------------
2015-09-14 14:58:24,005, INFO,  ---------------------- root --------------------------------
2015-09-14 14:58:24,141, INFO,  ---------------------- root --------------------------------
2015-09-14 14:58:24,141, INFO,  ---------------------- root --------------------------------
2015-09-14 14:58:24,141, INFO,  ---------------------- root --------------------------------
2015-09-14 21:15:05,368, INFO,  ---------------------- root --------------------------------
2015-09-14 21:15:05,374, DEBUG, control values: 0.022
2015-09-14 21:15:05,375, DEBUG, control values: (0.02, 2)
2015-09-14 21:15:05,377, INFO,  ---------------------- root --------------------------------
2015-09-14 21:15:05,378, DEBUG, control values: 0.022
2015-09-14 21:15:05,378, DEBUG, control values: (0.02, 2)
2015-09-14 21:16:14,030, INFO,  ---------------------- root --------------------------------
2015-09-14 21:16:14,030, DEBUG, control values: 0.022
2015-09-14 21:16:14,030, DEBUG, control values: (0.02, 2)
2015-09-14 21:16:14,030, INFO,  ---------------------- root --------------------------------
2015-09-14 21:16:14,030, DEBUG, control values: 0.022
2015-09-14 21:16:14,030, DEBUG, control values: (0.02, 2)
2015-09-14 21:16:34,207, INFO,  ---------------------- root --------------------------------
2015-09-14 21:16:34,207, DEBUG, control values: 0.022
2015-09-14 21:16:34,207, DEBUG, control values: (0.02, 2)
2015-09-14 21:16:34,207, INFO,  ---------------------- root --------------------------------
2015-09-14 21:16:34,207, DEBUG, control values: 0.022
2015-09-14 21:16:34,207, DEBUG, control values: (0.02, 2)
2015-09-14 21:16:55,299, INFO,  ---------------------- root --------------------------------
2015-09-14 21:16:55,299, DEBUG, control values: 0.022
2015-09-14 21:16:55,299, DEBUG, control values: (0.02, 2)
2015-09-14 21:16:55,299, INFO,  ---------------------- root --------------------------------
2015-09-14 21:16:55,299, DEBUG, control values: 0.022
2015-09-14 21:16:55,299, DEBUG, control values: (0.02, 2)
2015-09-14 21:18:19,114, INFO,  ---------------------- root --------------------------------
2015-09-14 21:18:19,121, DEBUG, control values: 0.022
2015-09-14 21:18:19,121, DEBUG, control values: (0.02, 2)
2015-09-14 21:18:19,128, INFO,  ---------------------- root --------------------------------
2015-09-14 21:18:19,128, DEBUG, control values: 0.022
2015-09-14 21:18:19,128, DEBUG, control values: (0.02, 2)
2015-09-14 21:18:45,135, INFO,  ---------------------- root --------------------------------
2015-09-14 21:18:45,141, DEBUG, control values: 0.022
2015-09-14 21:18:45,141, DEBUG, control values: (0.02, 2)
2015-09-14 21:18:45,142, INFO,  ---------------------- root --------------------------------
2015-09-14 21:18:45,142, DEBUG, control values: 0.022
2015-09-14 21:18:45,144, DEBUG, control values: (0.02, 2)
2015-09-14 21:22:18,526, INFO,  ---------------------- root --------------------------------
2015-09-14 21:22:18,540, DEBUG, control values: 0.022
2015-09-14 21:22:18,542, DEBUG, control values: (0.02, 2)
2015-09-14 21:22:18,542, INFO,  ---------------------- root --------------------------------
2015-09-14 21:22:18,542, DEBUG, control values: 0.022
2015-09-14 21:22:18,542, DEBUG, control values: (0.02, 2)
2015-09-14 21:24:39,505, INFO,  ---------------------- root --------------------------------
2015-09-14 21:24:39,505, DEBUG, control values: 0.022
2015-09-14 21:24:39,505, DEBUG, control values: (0.02, 2)
2015-09-14 21:24:39,505, INFO,  ---------------------- root --------------------------------
2015-09-14 21:24:39,505, DEBUG, control values: 0.022
2015-09-14 21:24:39,505, DEBUG, control values: (0.02, 2)
2015-09-14 21:56:03,424, INFO,  ---------------------- root --------------------------------
2015-09-14 21:56:03,424, DEBUG, control values: 0.022
2015-09-14 21:56:03,424, DEBUG, control values: (0.02, 2)
2015-09-14 21:56:03,424, INFO,  ---------------------- root --------------------------------
2015-09-14 21:56:03,424, DEBUG, control values: 0.022
2015-09-14 21:56:03,426, DEBUG, control values: (0.02, 2)
2015-09-14 22:25:58,571, INFO,  ---------------------- root --------------------------------
2015-09-14 22:25:58,571, DEBUG, control values: 0.022
2015-09-14 22:25:58,571, DEBUG, control values: (0.02, 2)
2015-09-14 22:25:58,578, INFO,  ---------------------- root --------------------------------
2015-09-14 22:25:58,578, DEBUG, control values: 0.022
2015-09-14 22:25:58,578, DEBUG, control values: (0.02, 2)
2015-09-14 22:30:08,684, INFO,  ---------------------- root --------------------------------
2015-09-14 22:30:08,720, DEBUG, control values: 0.022
2015-09-14 22:30:08,720, DEBUG, control values: (0.02, 2)
2015-09-14 22:30:08,720, INFO,  ---------------------- root --------------------------------
2015-09-14 22:30:08,721, DEBUG, control values: 0.022
2015-09-14 22:30:08,721, DEBUG, control values: (0.02, 2)
