2015-09-28 16:55:59,933, INFO,  ---------------------- root --------------------------------
2015-09-28 16:55:59,944, DEBUG, control values: 0.022
2015-09-28 16:55:59,944, DEBUG, control values: (0.02, 2)
2015-09-28 16:55:59,946, INFO,  ---------------------- root --------------------------------
2015-09-28 16:55:59,946, DEBUG, control values: 0.022
2015-09-28 16:55:59,946, DEBUG, control values: (0.02, 2)
2015-09-28 16:56:03,148, DEBUG, UP VALUE-Tobj:--> object temperature value: 30.250000000000057jump up value: 30.250000000000057temp limit value: 0.6050000000000012
2015-09-28 16:56:03,148, DEBUG, UP VALUE-Tobj:--> object temperature value: 30.250000000000057jump up value: 30.250000000000057temp limit value: 0.6050000000000012
2015-09-28 16:56:03,153, DEBUG, UP VALUE-Tamb:-->Ambient temperature value: 23.53000000000003jump up value: 23.53000000000003temp limit value: 0.0
2015-09-28 16:56:03,153, DEBUG, UP VALUE-Tamb:-->Ambient temperature value: 23.53000000000003jump up value: 23.53000000000003temp limit value: 0.0
2015-09-28 16:56:03,154, DEBUG, tobj data analysis: [(90, '16:56:03,', [30.250000000000057, 30.250000000000057, 30.250000000000057, 1])]
2015-09-28 16:56:03,154, DEBUG, tobj data analysis: [(90, '16:56:03,', [30.250000000000057, 30.250000000000057, 30.250000000000057, 1])]
2015-09-28 16:56:03,154, DEBUG, tamb data analysis: [(90, '16:56:03,', [23.53000000000003, 23.53000000000003, 23.53000000000003, 1])]
2015-09-28 16:56:03,154, DEBUG, tamb data analysis: [(90, '16:56:03,', [23.53000000000003, 23.53000000000003, 23.53000000000003, 1])]
2015-09-28 16:56:03,358, DEBUG, UP VALUE-Tobj:--> object temperature value: 31.130000000000052jump up value: 31.130000000000052temp limit value: 0.622600000000001
2015-09-28 16:56:03,358, DEBUG, UP VALUE-Tobj:--> object temperature value: 31.130000000000052jump up value: 31.130000000000052temp limit value: 0.622600000000001
2015-09-28 16:56:03,361, DEBUG, UP VALUE-Tamb:-->Ambient temperature value: 23.53000000000003jump up value: 23.53000000000003temp limit value: 0.0
2015-09-28 16:56:03,361, DEBUG, UP VALUE-Tamb:-->Ambient temperature value: 23.53000000000003jump up value: 23.53000000000003temp limit value: 0.0
2015-09-28 16:56:03,361, DEBUG, tobj data analysis: [(91, '16:56:03,', [31.130000000000052, 31.130000000000052, 31.130000000000052, 1])]
2015-09-28 16:56:03,361, DEBUG, tobj data analysis: [(91, '16:56:03,', [31.130000000000052, 31.130000000000052, 31.130000000000052, 1])]
2015-09-28 16:56:03,361, DEBUG, tamb data analysis: [(91, '16:56:03,', [23.53000000000003, 23.53000000000003, 23.53000000000003, 1])]
2015-09-28 16:56:03,361, DEBUG, tamb data analysis: [(91, '16:56:03,', [23.53000000000003, 23.53000000000003, 23.53000000000003, 1])]
2015-09-28 16:56:06,568, DEBUG, tobj data analysis: [(90, '16:56:03,', [30.250000000000057, 30.250000000000057, 30.250000000000057, 1]), (90, '16:56:06,', [30.250000000000057, 30.250000000000057, 30.250000000000057, 2])]
2015-09-28 16:56:06,568, DEBUG, tobj data analysis: [(90, '16:56:03,', [30.250000000000057, 30.250000000000057, 30.250000000000057, 1]), (90, '16:56:06,', [30.250000000000057, 30.250000000000057, 30.250000000000057, 2])]
2015-09-28 16:56:06,569, DEBUG, tamb data analysis: [(90, '16:56:03,', [23.53000000000003, 23.53000000000003, 23.53000000000003, 1]), (90, '16:56:06,', [23.53000000000003, 23.53000000000003, 23.53000000000003, 2])]
2015-09-28 16:56:06,569, DEBUG, tamb data analysis: [(90, '16:56:03,', [23.53000000000003, 23.53000000000003, 23.53000000000003, 1]), (90, '16:56:06,', [23.53000000000003, 23.53000000000003, 23.53000000000003, 2])]
2015-09-28 16:56:06,773, DEBUG, tobj data analysis: [(91, '16:56:03,', [31.130000000000052, 31.130000000000052, 31.130000000000052, 1]), (91, '16:56:06,', [31.130000000000052, 31.130000000000052, 31.130000000000052, 2])]
2015-09-28 16:56:06,773, DEBUG, tobj data analysis: [(91, '16:56:03,', [31.130000000000052, 31.130000000000052, 31.130000000000052, 1]), (91, '16:56:06,', [31.130000000000052, 31.130000000000052, 31.130000000000052, 2])]
2015-09-28 16:56:06,775, DEBUG, tamb data analysis: [(91, '16:56:03,', [23.53000000000003, 23.53000000000003, 23.53000000000003, 1]), (91, '16:56:06,', [23.53000000000003, 23.53000000000003, 23.53000000000003, 2])]
2015-09-28 16:56:06,775, DEBUG, tamb data analysis: [(91, '16:56:03,', [23.53000000000003, 23.53000000000003, 23.53000000000003, 1]), (91, '16:56:06,', [23.53000000000003, 23.53000000000003, 23.53000000000003, 2])]
2015-09-28 16:56:09,980, DEBUG, tobj data analysis: [(90, '16:56:03,', [30.250000000000057, 30.250000000000057, 30.250000000000057, 1]), (90, '16:56:06,', [30.250000000000057, 30.250000000000057, 30.250000000000057, 2]), (90, '16:56:09,', [30.250000000000057, 30.250000000000057, 30.250000000000057, 3])]
2015-09-28 16:56:09,980, DEBUG, tobj data analysis: [(90, '16:56:03,', [30.250000000000057, 30.250000000000057, 30.250000000000057, 1]), (90, '16:56:06,', [30.250000000000057, 30.250000000000057, 30.250000000000057, 2]), (90, '16:56:09,', [30.250000000000057, 30.250000000000057, 30.250000000000057, 3])]
2015-09-28 16:56:09,982, DEBUG, tamb data analysis: [(90, '16:56:03,', [23.53000000000003, 23.53000000000003, 23.53000000000003, 1]), (90, '16:56:06,', [23.53000000000003, 23.53000000000003, 23.53000000000003, 2]), (90, '16:56:09,', [23.53000000000003, 23.53000000000003, 23.53000000000003, 3])]
2015-09-28 16:56:09,982, DEBUG, tamb data analysis: [(90, '16:56:03,', [23.53000000000003, 23.53000000000003, 23.53000000000003, 1]), (90, '16:56:06,', [23.53000000000003, 23.53000000000003, 23.53000000000003, 2]), (90, '16:56:09,', [23.53000000000003, 23.53000000000003, 23.53000000000003, 3])]
2015-09-28 16:56:10,187, DEBUG, tobj data analysis: [(91, '16:56:03,', [31.130000000000052, 31.130000000000052, 31.130000000000052, 1]), (91, '16:56:06,', [31.130000000000052, 31.130000000000052, 31.130000000000052, 2]), (91, '16:56:10,', [31.130000000000052, 31.130000000000052, 31.130000000000052, 3])]
2015-09-28 16:56:10,187, DEBUG, tobj data analysis: [(91, '16:56:03,', [31.130000000000052, 31.130000000000052, 31.130000000000052, 1]), (91, '16:56:06,', [31.130000000000052, 31.130000000000052, 31.130000000000052, 2]), (91, '16:56:10,', [31.130000000000052, 31.130000000000052, 31.130000000000052, 3])]
2015-09-28 16:56:10,188, DEBUG, tamb data analysis: [(91, '16:56:03,', [23.53000000000003, 23.53000000000003, 23.53000000000003, 1]), (91, '16:56:06,', [23.53000000000003, 23.53000000000003, 23.53000000000003, 2]), (91, '16:56:10,', [23.53000000000003, 23.53000000000003, 23.53000000000003, 3])]
2015-09-28 16:56:10,188, DEBUG, tamb data analysis: [(91, '16:56:03,', [23.53000000000003, 23.53000000000003, 23.53000000000003, 1]), (91, '16:56:06,', [23.53000000000003, 23.53000000000003, 23.53000000000003, 2]), (91, '16:56:10,', [23.53000000000003, 23.53000000000003, 23.53000000000003, 3])]
2015-09-28 16:56:13,394, DEBUG, tobj data analysis: [(90, '16:56:03,', [30.250000000000057, 30.250000000000057, 30.250000000000057, 1]), (90, '16:56:06,', [30.250000000000057, 30.250000000000057, 30.250000000000057, 2]), (90, '16:56:09,', [30.250000000000057, 30.250000000000057, 30.250000000000057, 3]), (90, '16:56:13,', [30.250000000000057, 30.250000000000057, 30.250000000000057, 4])]
2015-09-28 16:56:13,394, DEBUG, tobj data analysis: [(90, '16:56:03,', [30.250000000000057, 30.250000000000057, 30.250000000000057, 1]), (90, '16:56:06,', [30.250000000000057, 30.250000000000057, 30.250000000000057, 2]), (90, '16:56:09,', [30.250000000000057, 30.250000000000057, 30.250000000000057, 3]), (90, '16:56:13,', [30.250000000000057, 30.250000000000057, 30.250000000000057, 4])]
2015-09-28 16:56:13,395, DEBUG, tamb data analysis: [(90, '16:56:03,', [23.53000000000003, 23.53000000000003, 23.53000000000003, 1]), (90, '16:56:06,', [23.53000000000003, 23.53000000000003, 23.53000000000003, 2]), (90, '16:56:09,', [23.53000000000003, 23.53000000000003, 23.53000000000003, 3]), (90, '16:56:13,', [23.53000000000003, 23.53000000000003, 23.53000000000003, 4])]
2015-09-28 16:56:13,395, DEBUG, tamb data analysis: [(90, '16:56:03,', [23.53000000000003, 23.53000000000003, 23.53000000000003, 1]), (90, '16:56:06,', [23.53000000000003, 23.53000000000003, 23.53000000000003, 2]), (90, '16:56:09,', [23.53000000000003, 23.53000000000003, 23.53000000000003, 3]), (90, '16:56:13,', [23.53000000000003, 23.53000000000003, 23.53000000000003, 4])]
2015-09-28 16:56:13,602, DEBUG, tobj data analysis: [(91, '16:56:03,', [31.130000000000052, 31.130000000000052, 31.130000000000052, 1]), (91, '16:56:06,', [31.130000000000052, 31.130000000000052, 31.130000000000052, 2]), (91, '16:56:10,', [31.130000000000052, 31.130000000000052, 31.130000000000052, 3]), (91, '16:56:13,', [31.130000000000052, 31.130000000000052, 31.130000000000052, 4])]
2015-09-28 16:56:13,602, DEBUG, tobj data analysis: [(91, '16:56:03,', [31.130000000000052, 31.130000000000052, 31.130000000000052, 1]), (91, '16:56:06,', [31.130000000000052, 31.130000000000052, 31.130000000000052, 2]), (91, '16:56:10,', [31.130000000000052, 31.130000000000052, 31.130000000000052, 3]), (91, '16:56:13,', [31.130000000000052, 31.130000000000052, 31.130000000000052, 4])]
2015-09-28 16:56:13,604, DEBUG, tamb data analysis: [(91, '16:56:03,', [23.53000000000003, 23.53000000000003, 23.53000000000003, 1]), (91, '16:56:06,', [23.53000000000003, 23.53000000000003, 23.53000000000003, 2]), (91, '16:56:10,', [23.53000000000003, 23.53000000000003, 23.53000000000003, 3]), (91, '16:56:13,', [23.53000000000003, 23.53000000000003, 23.53000000000003, 4])]
2015-09-28 16:56:13,604, DEBUG, tamb data analysis: [(91, '16:56:03,', [23.53000000000003, 23.53000000000003, 23.53000000000003, 1]), (91, '16:56:06,', [23.53000000000003, 23.53000000000003, 23.53000000000003, 2]), (91, '16:56:10,', [23.53000000000003, 23.53000000000003, 23.53000000000003, 3]), (91, '16:56:13,', [23.53000000000003, 23.53000000000003, 23.53000000000003, 4])]
2015-09-28 16:56:16,809, DEBUG, UP VALUE-Tobj:--> object temperature value: 34.77000000000004jump up value: 4.519999999999982temp limit value: 0.6954000000000008
2015-09-28 16:56:16,809, DEBUG, UP VALUE-Tobj:--> object temperature value: 34.77000000000004jump up value: 4.519999999999982temp limit value: 0.6954000000000008
2015-09-28 16:56:16,811, DEBUG, UP VALUE-Tamb:-->Ambient temperature value: 26.430000000000007jump up value: 2.8999999999999773temp limit value: 0.0
2015-09-28 16:56:16,811, DEBUG, UP VALUE-Tamb:-->Ambient temperature value: 26.430000000000007jump up value: 2.8999999999999773temp limit value: 0.0
2015-09-28 16:56:16,812, DEBUG, tobj data analysis: [(90, '16:56:03,', [30.250000000000057, 30.250000000000057, 30.250000000000057, 1]), (90, '16:56:06,', [30.250000000000057, 30.250000000000057, 30.250000000000057, 2]), (90, '16:56:09,', [30.250000000000057, 30.250000000000057, 30.250000000000057, 3]), (90, '16:56:13,', [30.250000000000057, 30.250000000000057, 30.250000000000057, 4]), (90, '16:56:16,', [30.250000000000057, 34.77000000000004, 31.154000000000053, 5])]
2015-09-28 16:56:16,812, DEBUG, tobj data analysis: [(90, '16:56:03,', [30.250000000000057, 30.250000000000057, 30.250000000000057, 1]), (90, '16:56:06,', [30.250000000000057, 30.250000000000057, 30.250000000000057, 2]), (90, '16:56:09,', [30.250000000000057, 30.250000000000057, 30.250000000000057, 3]), (90, '16:56:13,', [30.250000000000057, 30.250000000000057, 30.250000000000057, 4]), (90, '16:56:16,', [30.250000000000057, 34.77000000000004, 31.154000000000053, 5])]
2015-09-28 16:56:16,812, DEBUG, tamb data analysis: [(90, '16:56:03,', [23.53000000000003, 23.53000000000003, 23.53000000000003, 1]), (90, '16:56:06,', [23.53000000000003, 23.53000000000003, 23.53000000000003, 2]), (90, '16:56:09,', [23.53000000000003, 23.53000000000003, 23.53000000000003, 3]), (90, '16:56:13,', [23.53000000000003, 23.53000000000003, 23.53000000000003, 4]), (90, '16:56:16,', [23.53000000000003, 26.430000000000007, 24.110000000000024, 5])]
2015-09-28 16:56:16,812, DEBUG, tamb data analysis: [(90, '16:56:03,', [23.53000000000003, 23.53000000000003, 23.53000000000003, 1]), (90, '16:56:06,', [23.53000000000003, 23.53000000000003, 23.53000000000003, 2]), (90, '16:56:09,', [23.53000000000003, 23.53000000000003, 23.53000000000003, 3]), (90, '16:56:13,', [23.53000000000003, 23.53000000000003, 23.53000000000003, 4]), (90, '16:56:16,', [23.53000000000003, 26.430000000000007, 24.110000000000024, 5])]
2015-09-28 16:56:17,016, DEBUG, UP VALUE-Tobj:--> object temperature value: 34.47000000000003jump up value: 3.339999999999975temp limit value: 0.6894000000000006
2015-09-28 16:56:17,016, DEBUG, UP VALUE-Tobj:--> object temperature value: 34.47000000000003jump up value: 3.339999999999975temp limit value: 0.6894000000000006
2015-09-28 16:56:17,019, DEBUG, UP VALUE-Tamb:-->Ambient temperature value: 26.49000000000001jump up value: 2.9599999999999795temp limit value: 0.0
2015-09-28 16:56:17,019, DEBUG, UP VALUE-Tamb:-->Ambient temperature value: 26.49000000000001jump up value: 2.9599999999999795temp limit value: 0.0
2015-09-28 16:56:17,019, DEBUG, tobj data analysis: [(91, '16:56:03,', [31.130000000000052, 31.130000000000052, 31.130000000000052, 1]), (91, '16:56:06,', [31.130000000000052, 31.130000000000052, 31.130000000000052, 2]), (91, '16:56:10,', [31.130000000000052, 31.130000000000052, 31.130000000000052, 3]), (91, '16:56:13,', [31.130000000000052, 31.130000000000052, 31.130000000000052, 4]), (91, '16:56:17,', [31.130000000000052, 34.47000000000003, 31.798000000000048, 5])]
2015-09-28 16:56:17,019, DEBUG, tobj data analysis: [(91, '16:56:03,', [31.130000000000052, 31.130000000000052, 31.130000000000052, 1]), (91, '16:56:06,', [31.130000000000052, 31.130000000000052, 31.130000000000052, 2]), (91, '16:56:10,', [31.130000000000052, 31.130000000000052, 31.130000000000052, 3]), (91, '16:56:13,', [31.130000000000052, 31.130000000000052, 31.130000000000052, 4]), (91, '16:56:17,', [31.130000000000052, 34.47000000000003, 31.798000000000048, 5])]
2015-09-28 16:56:17,019, DEBUG, tamb data analysis: [(91, '16:56:03,', [23.53000000000003, 23.53000000000003, 23.53000000000003, 1]), (91, '16:56:06,', [23.53000000000003, 23.53000000000003, 23.53000000000003, 2]), (91, '16:56:10,', [23.53000000000003, 23.53000000000003, 23.53000000000003, 3]), (91, '16:56:13,', [23.53000000000003, 23.53000000000003, 23.53000000000003, 4]), (91, '16:56:17,', [23.53000000000003, 26.49000000000001, 24.122000000000025, 5])]
2015-09-28 16:56:17,019, DEBUG, tamb data analysis: [(91, '16:56:03,', [23.53000000000003, 23.53000000000003, 23.53000000000003, 1]), (91, '16:56:06,', [23.53000000000003, 23.53000000000003, 23.53000000000003, 2]), (91, '16:56:10,', [23.53000000000003, 23.53000000000003, 23.53000000000003, 3]), (91, '16:56:13,', [23.53000000000003, 23.53000000000003, 23.53000000000003, 4]), (91, '16:56:17,', [23.53000000000003, 26.49000000000001, 24.122000000000025, 5])]
2015-09-28 16:56:20,224, DEBUG, tobj data analysis: [(90, '16:56:03,', [30.250000000000057, 30.250000000000057, 30.250000000000057, 1]), (90, '16:56:06,', [30.250000000000057, 30.250000000000057, 30.250000000000057, 2]), (90, '16:56:09,', [30.250000000000057, 30.250000000000057, 30.250000000000057, 3]), (90, '16:56:13,', [30.250000000000057, 30.250000000000057, 30.250000000000057, 4]), (90, '16:56:16,', [30.250000000000057, 34.77000000000004, 31.154000000000053, 5]), (90, '16:56:20,', [30.250000000000057, 34.77000000000004, 31.756666666666717, 6])]
2015-09-28 16:56:20,224, DEBUG, tobj data analysis: [(90, '16:56:03,', [30.250000000000057, 30.250000000000057, 30.250000000000057, 1]), (90, '16:56:06,', [30.250000000000057, 30.250000000000057, 30.250000000000057, 2]), (90, '16:56:09,', [30.250000000000057, 30.250000000000057, 30.250000000000057, 3]), (90, '16:56:13,', [30.250000000000057, 30.250000000000057, 30.250000000000057, 4]), (90, '16:56:16,', [30.250000000000057, 34.77000000000004, 31.154000000000053, 5]), (90, '16:56:20,', [30.250000000000057, 34.77000000000004, 31.756666666666717, 6])]
2015-09-28 16:56:20,226, DEBUG, tamb data analysis: [(90, '16:56:03,', [23.53000000000003, 23.53000000000003, 23.53000000000003, 1]), (90, '16:56:06,', [23.53000000000003, 23.53000000000003, 23.53000000000003, 2]), (90, '16:56:09,', [23.53000000000003, 23.53000000000003, 23.53000000000003, 3]), (90, '16:56:13,', [23.53000000000003, 23.53000000000003, 23.53000000000003, 4]), (90, '16:56:16,', [23.53000000000003, 26.430000000000007, 24.110000000000024, 5]), (90, '16:56:20,', [23.53000000000003, 26.430000000000007, 24.496666666666687, 6])]
2015-09-28 16:56:20,226, DEBUG, tamb data analysis: [(90, '16:56:03,', [23.53000000000003, 23.53000000000003, 23.53000000000003, 1]), (90, '16:56:06,', [23.53000000000003, 23.53000000000003, 23.53000000000003, 2]), (90, '16:56:09,', [23.53000000000003, 23.53000000000003, 23.53000000000003, 3]), (90, '16:56:13,', [23.53000000000003, 23.53000000000003, 23.53000000000003, 4]), (90, '16:56:16,', [23.53000000000003, 26.430000000000007, 24.110000000000024, 5]), (90, '16:56:20,', [23.53000000000003, 26.430000000000007, 24.496666666666687, 6])]
2015-09-28 16:56:20,434, DEBUG, tobj data analysis: [(91, '16:56:03,', [31.130000000000052, 31.130000000000052, 31.130000000000052, 1]), (91, '16:56:06,', [31.130000000000052, 31.130000000000052, 31.130000000000052, 2]), (91, '16:56:10,', [31.130000000000052, 31.130000000000052, 31.130000000000052, 3]), (91, '16:56:13,', [31.130000000000052, 31.130000000000052, 31.130000000000052, 4]), (91, '16:56:17,', [31.130000000000052, 34.47000000000003, 31.798000000000048, 5]), (91, '16:56:20,', [31.130000000000052, 34.47000000000003, 32.243333333333375, 6])]
2015-09-28 16:56:20,434, DEBUG, tobj data analysis: [(91, '16:56:03,', [31.130000000000052, 31.130000000000052, 31.130000000000052, 1]), (91, '16:56:06,', [31.130000000000052, 31.130000000000052, 31.130000000000052, 2]), (91, '16:56:10,', [31.130000000000052, 31.130000000000052, 31.130000000000052, 3]), (91, '16:56:13,', [31.130000000000052, 31.130000000000052, 31.130000000000052, 4]), (91, '16:56:17,', [31.130000000000052, 34.47000000000003, 31.798000000000048, 5]), (91, '16:56:20,', [31.130000000000052, 34.47000000000003, 32.243333333333375, 6])]
2015-09-28 16:56:20,434, DEBUG, tamb data analysis: [(91, '16:56:03,', [23.53000000000003, 23.53000000000003, 23.53000000000003, 1]), (91, '16:56:06,', [23.53000000000003, 23.53000000000003, 23.53000000000003, 2]), (91, '16:56:10,', [23.53000000000003, 23.53000000000003, 23.53000000000003, 3]), (91, '16:56:13,', [23.53000000000003, 23.53000000000003, 23.53000000000003, 4]), (91, '16:56:17,', [23.53000000000003, 26.49000000000001, 24.122000000000025, 5]), (91, '16:56:20,', [23.53000000000003, 26.49000000000001, 24.51666666666669, 6])]
2015-09-28 16:56:20,434, DEBUG, tamb data analysis: [(91, '16:56:03,', [23.53000000000003, 23.53000000000003, 23.53000000000003, 1]), (91, '16:56:06,', [23.53000000000003, 23.53000000000003, 23.53000000000003, 2]), (91, '16:56:10,', [23.53000000000003, 23.53000000000003, 23.53000000000003, 3]), (91, '16:56:13,', [23.53000000000003, 23.53000000000003, 23.53000000000003, 4]), (91, '16:56:17,', [23.53000000000003, 26.49000000000001, 24.122000000000025, 5]), (91, '16:56:20,', [23.53000000000003, 26.49000000000001, 24.51666666666669, 6])]
2015-09-28 16:56:23,641, DEBUG, tobj data analysis: [(90, '16:56:03,', [30.250000000000057, 30.250000000000057, 30.250000000000057, 1]), (90, '16:56:06,', [30.250000000000057, 30.250000000000057, 30.250000000000057, 2]), (90, '16:56:09,', [30.250000000000057, 30.250000000000057, 30.250000000000057, 3]), (90, '16:56:13,', [30.250000000000057, 30.250000000000057, 30.250000000000057, 4]), (90, '16:56:16,', [30.250000000000057, 34.77000000000004, 31.154000000000053, 5]), (90, '16:56:20,', [30.250000000000057, 34.77000000000004, 31.756666666666717, 6]), (90, '16:56:23,', [30.250000000000057, 34.77000000000004, 32.18714285714291, 7])]
2015-09-28 16:56:23,641, DEBUG, tobj data analysis: [(90, '16:56:03,', [30.250000000000057, 30.250000000000057, 30.250000000000057, 1]), (90, '16:56:06,', [30.250000000000057, 30.250000000000057, 30.250000000000057, 2]), (90, '16:56:09,', [30.250000000000057, 30.250000000000057, 30.250000000000057, 3]), (90, '16:56:13,', [30.250000000000057, 30.250000000000057, 30.250000000000057, 4]), (90, '16:56:16,', [30.250000000000057, 34.77000000000004, 31.154000000000053, 5]), (90, '16:56:20,', [30.250000000000057, 34.77000000000004, 31.756666666666717, 6]), (90, '16:56:23,', [30.250000000000057, 34.77000000000004, 32.18714285714291, 7])]
2015-09-28 16:56:23,641, DEBUG, tamb data analysis: [(90, '16:56:03,', [23.53000000000003, 23.53000000000003, 23.53000000000003, 1]), (90, '16:56:06,', [23.53000000000003, 23.53000000000003, 23.53000000000003, 2]), (90, '16:56:09,', [23.53000000000003, 23.53000000000003, 23.53000000000003, 3]), (90, '16:56:13,', [23.53000000000003, 23.53000000000003, 23.53000000000003, 4]), (90, '16:56:16,', [23.53000000000003, 26.430000000000007, 24.110000000000024, 5]), (90, '16:56:20,', [23.53000000000003, 26.430000000000007, 24.496666666666687, 6]), (90, '16:56:23,', [23.53000000000003, 26.430000000000007, 24.772857142857163, 7])]
2015-09-28 16:56:23,641, DEBUG, tamb data analysis: [(90, '16:56:03,', [23.53000000000003, 23.53000000000003, 23.53000000000003, 1]), (90, '16:56:06,', [23.53000000000003, 23.53000000000003, 23.53000000000003, 2]), (90, '16:56:09,', [23.53000000000003, 23.53000000000003, 23.53000000000003, 3]), (90, '16:56:13,', [23.53000000000003, 23.53000000000003, 23.53000000000003, 4]), (90, '16:56:16,', [23.53000000000003, 26.430000000000007, 24.110000000000024, 5]), (90, '16:56:20,', [23.53000000000003, 26.430000000000007, 24.496666666666687, 6]), (90, '16:56:23,', [23.53000000000003, 26.430000000000007, 24.772857142857163, 7])]
2015-09-28 16:56:23,846, DEBUG, tobj data analysis: [(91, '16:56:03,', [31.130000000000052, 31.130000000000052, 31.130000000000052, 1]), (91, '16:56:06,', [31.130000000000052, 31.130000000000052, 31.130000000000052, 2]), (91, '16:56:10,', [31.130000000000052, 31.130000000000052, 31.130000000000052, 3]), (91, '16:56:13,', [31.130000000000052, 31.130000000000052, 31.130000000000052, 4]), (91, '16:56:17,', [31.130000000000052, 34.47000000000003, 31.798000000000048, 5]), (91, '16:56:20,', [31.130000000000052, 34.47000000000003, 32.243333333333375, 6]), (91, '16:56:23,', [31.130000000000052, 34.47000000000003, 32.561428571428614, 7])]
2015-09-28 16:56:23,846, DEBUG, tobj data analysis: [(91, '16:56:03,', [31.130000000000052, 31.130000000000052, 31.130000000000052, 1]), (91, '16:56:06,', [31.130000000000052, 31.130000000000052, 31.130000000000052, 2]), (91, '16:56:10,', [31.130000000000052, 31.130000000000052, 31.130000000000052, 3]), (91, '16:56:13,', [31.130000000000052, 31.130000000000052, 31.130000000000052, 4]), (91, '16:56:17,', [31.130000000000052, 34.47000000000003, 31.798000000000048, 5]), (91, '16:56:20,', [31.130000000000052, 34.47000000000003, 32.243333333333375, 6]), (91, '16:56:23,', [31.130000000000052, 34.47000000000003, 32.561428571428614, 7])]
2015-09-28 16:56:23,846, DEBUG, tamb data analysis: [(91, '16:56:03,', [23.53000000000003, 23.53000000000003, 23.53000000000003, 1]), (91, '16:56:06,', [23.53000000000003, 23.53000000000003, 23.53000000000003, 2]), (91, '16:56:10,', [23.53000000000003, 23.53000000000003, 23.53000000000003, 3]), (91, '16:56:13,', [23.53000000000003, 23.53000000000003, 23.53000000000003, 4]), (91, '16:56:17,', [23.53000000000003, 26.49000000000001, 24.122000000000025, 5]), (91, '16:56:20,', [23.53000000000003, 26.49000000000001, 24.51666666666669, 6]), (91, '16:56:23,', [23.53000000000003, 26.49000000000001, 24.79857142857145, 7])]
2015-09-28 16:56:23,846, DEBUG, tamb data analysis: [(91, '16:56:03,', [23.53000000000003, 23.53000000000003, 23.53000000000003, 1]), (91, '16:56:06,', [23.53000000000003, 23.53000000000003, 23.53000000000003, 2]), (91, '16:56:10,', [23.53000000000003, 23.53000000000003, 23.53000000000003, 3]), (91, '16:56:13,', [23.53000000000003, 23.53000000000003, 23.53000000000003, 4]), (91, '16:56:17,', [23.53000000000003, 26.49000000000001, 24.122000000000025, 5]), (91, '16:56:20,', [23.53000000000003, 26.49000000000001, 24.51666666666669, 6]), (91, '16:56:23,', [23.53000000000003, 26.49000000000001, 24.79857142857145, 7])]
2015-09-28 16:56:27,052, DEBUG, tobj data analysis: [(90, '16:56:03,', [30.250000000000057, 30.250000000000057, 30.250000000000057, 1]), (90, '16:56:06,', [30.250000000000057, 30.250000000000057, 30.250000000000057, 2]), (90, '16:56:09,', [30.250000000000057, 30.250000000000057, 30.250000000000057, 3]), (90, '16:56:13,', [30.250000000000057, 30.250000000000057, 30.250000000000057, 4]), (90, '16:56:16,', [30.250000000000057, 34.77000000000004, 31.154000000000053, 5]), (90, '16:56:20,', [30.250000000000057, 34.77000000000004, 31.756666666666717, 6]), (90, '16:56:23,', [30.250000000000057, 34.77000000000004, 32.18714285714291, 7]), (90, '16:56:27,', [30.250000000000057, 34.77000000000004, 32.51000000000005, 8])]
2015-09-28 16:56:27,052, DEBUG, tobj data analysis: [(90, '16:56:03,', [30.250000000000057, 30.250000000000057, 30.250000000000057, 1]), (90, '16:56:06,', [30.250000000000057, 30.250000000000057, 30.250000000000057, 2]), (90, '16:56:09,', [30.250000000000057, 30.250000000000057, 30.250000000000057, 3]), (90, '16:56:13,', [30.250000000000057, 30.250000000000057, 30.250000000000057, 4]), (90, '16:56:16,', [30.250000000000057, 34.77000000000004, 31.154000000000053, 5]), (90, '16:56:20,', [30.250000000000057, 34.77000000000004, 31.756666666666717, 6]), (90, '16:56:23,', [30.250000000000057, 34.77000000000004, 32.18714285714291, 7]), (90, '16:56:27,', [30.250000000000057, 34.77000000000004, 32.51000000000005, 8])]
2015-09-28 16:56:27,053, DEBUG, tamb data analysis: [(90, '16:56:03,', [23.53000000000003, 23.53000000000003, 23.53000000000003, 1]), (90, '16:56:06,', [23.53000000000003, 23.53000000000003, 23.53000000000003, 2]), (90, '16:56:09,', [23.53000000000003, 23.53000000000003, 23.53000000000003, 3]), (90, '16:56:13,', [23.53000000000003, 23.53000000000003, 23.53000000000003, 4]), (90, '16:56:16,', [23.53000000000003, 26.430000000000007, 24.110000000000024, 5]), (90, '16:56:20,', [23.53000000000003, 26.430000000000007, 24.496666666666687, 6]), (90, '16:56:23,', [23.53000000000003, 26.430000000000007, 24.772857142857163, 7]), (90, '16:56:27,', [23.53000000000003, 26.430000000000007, 24.980000000000018, 8])]
2015-09-28 16:56:27,053, DEBUG, tamb data analysis: [(90, '16:56:03,', [23.53000000000003, 23.53000000000003, 23.53000000000003, 1]), (90, '16:56:06,', [23.53000000000003, 23.53000000000003, 23.53000000000003, 2]), (90, '16:56:09,', [23.53000000000003, 23.53000000000003, 23.53000000000003, 3]), (90, '16:56:13,', [23.53000000000003, 23.53000000000003, 23.53000000000003, 4]), (90, '16:56:16,', [23.53000000000003, 26.430000000000007, 24.110000000000024, 5]), (90, '16:56:20,', [23.53000000000003, 26.430000000000007, 24.496666666666687, 6]), (90, '16:56:23,', [23.53000000000003, 26.430000000000007, 24.772857142857163, 7]), (90, '16:56:27,', [23.53000000000003, 26.430000000000007, 24.980000000000018, 8])]
2015-09-28 16:56:27,259, DEBUG, tobj data analysis: [(91, '16:56:03,', [31.130000000000052, 31.130000000000052, 31.130000000000052, 1]), (91, '16:56:06,', [31.130000000000052, 31.130000000000052, 31.130000000000052, 2]), (91, '16:56:10,', [31.130000000000052, 31.130000000000052, 31.130000000000052, 3]), (91, '16:56:13,', [31.130000000000052, 31.130000000000052, 31.130000000000052, 4]), (91, '16:56:17,', [31.130000000000052, 34.47000000000003, 31.798000000000048, 5]), (91, '16:56:20,', [31.130000000000052, 34.47000000000003, 32.243333333333375, 6]), (91, '16:56:23,', [31.130000000000052, 34.47000000000003, 32.561428571428614, 7]), (91, '16:56:27,', [31.130000000000052, 34.47000000000003, 32.80000000000004, 8])]
2015-09-28 16:56:27,259, DEBUG, tobj data analysis: [(91, '16:56:03,', [31.130000000000052, 31.130000000000052, 31.130000000000052, 1]), (91, '16:56:06,', [31.130000000000052, 31.130000000000052, 31.130000000000052, 2]), (91, '16:56:10,', [31.130000000000052, 31.130000000000052, 31.130000000000052, 3]), (91, '16:56:13,', [31.130000000000052, 31.130000000000052, 31.130000000000052, 4]), (91, '16:56:17,', [31.130000000000052, 34.47000000000003, 31.798000000000048, 5]), (91, '16:56:20,', [31.130000000000052, 34.47000000000003, 32.243333333333375, 6]), (91, '16:56:23,', [31.130000000000052, 34.47000000000003, 32.561428571428614, 7]), (91, '16:56:27,', [31.130000000000052, 34.47000000000003, 32.80000000000004, 8])]
2015-09-28 16:56:27,259, DEBUG, tamb data analysis: [(91, '16:56:03,', [23.53000000000003, 23.53000000000003, 23.53000000000003, 1]), (91, '16:56:06,', [23.53000000000003, 23.53000000000003, 23.53000000000003, 2]), (91, '16:56:10,', [23.53000000000003, 23.53000000000003, 23.53000000000003, 3]), (91, '16:56:13,', [23.53000000000003, 23.53000000000003, 23.53000000000003, 4]), (91, '16:56:17,', [23.53000000000003, 26.49000000000001, 24.122000000000025, 5]), (91, '16:56:20,', [23.53000000000003, 26.49000000000001, 24.51666666666669, 6]), (91, '16:56:23,', [23.53000000000003, 26.49000000000001, 24.79857142857145, 7]), (91, '16:56:27,', [23.53000000000003, 26.49000000000001, 25.01000000000002, 8])]
2015-09-28 16:56:27,259, DEBUG, tamb data analysis: [(91, '16:56:03,', [23.53000000000003, 23.53000000000003, 23.53000000000003, 1]), (91, '16:56:06,', [23.53000000000003, 23.53000000000003, 23.53000000000003, 2]), (91, '16:56:10,', [23.53000000000003, 23.53000000000003, 23.53000000000003, 3]), (91, '16:56:13,', [23.53000000000003, 23.53000000000003, 23.53000000000003, 4]), (91, '16:56:17,', [23.53000000000003, 26.49000000000001, 24.122000000000025, 5]), (91, '16:56:20,', [23.53000000000003, 26.49000000000001, 24.51666666666669, 6]), (91, '16:56:23,', [23.53000000000003, 26.49000000000001, 24.79857142857145, 7]), (91, '16:56:27,', [23.53000000000003, 26.49000000000001, 25.01000000000002, 8])]
2015-09-28 16:56:43,121, INFO, *******INFO NEW TEST**************
2015-09-28 16:56:43,121, INFO, *******INFO NEW TEST**************
2015-09-28 16:56:43,167, INFO, ************ROOT-Linux-CMd-Setup**************
2015-09-28 16:56:43,167, INFO, ************ROOT-Linux-CMd-Setup**************
2015-09-28 16:56:43,654, INFO,  ---------------------- root --------------------------------
2015-09-28 16:56:43,654, DEBUG, control values: 0.022
2015-09-28 16:56:43,655, DEBUG, control values: (0.02, 2)
2015-09-28 16:56:43,655, INFO,  ---------------------- root --------------------------------
2015-09-28 16:56:43,655, DEBUG, control values: 0.022
2015-09-28 16:56:43,657, DEBUG, control values: (0.02, 2)
2015-09-28 16:56:46,859, DEBUG, UP VALUE-Tobj:--> object temperature value: 30.05000000000001jump up value: 30.05000000000001temp limit value: 0.6010000000000002
2015-09-28 16:56:46,859, DEBUG, UP VALUE-Tobj:--> object temperature value: 30.05000000000001jump up value: 30.05000000000001temp limit value: 0.6010000000000002
2015-09-28 16:56:46,861, DEBUG, UP VALUE-Tamb:-->Ambient temperature value: 23.590000000000032jump up value: 23.590000000000032temp limit value: 0.0
2015-09-28 16:56:46,861, DEBUG, UP VALUE-Tamb:-->Ambient temperature value: 23.590000000000032jump up value: 23.590000000000032temp limit value: 0.0
2015-09-28 16:56:46,861, DEBUG, tobj data analysis: [(90, '16:56:46,', [30.05000000000001, 30.05000000000001, 30.05000000000001, 1])]
2015-09-28 16:56:46,861, DEBUG, tobj data analysis: [(90, '16:56:46,', [30.05000000000001, 30.05000000000001, 30.05000000000001, 1])]
2015-09-28 16:56:46,864, DEBUG, tamb data analysis: [(90, '16:56:46,', [23.590000000000032, 23.590000000000032, 23.590000000000032, 1])]
2015-09-28 16:56:46,864, DEBUG, tamb data analysis: [(90, '16:56:46,', [23.590000000000032, 23.590000000000032, 23.590000000000032, 1])]
2015-09-28 16:56:47,068, DEBUG, UP VALUE-Tobj:--> object temperature value: 30.49000000000001jump up value: 30.49000000000001temp limit value: 0.6098000000000002
2015-09-28 16:56:47,068, DEBUG, UP VALUE-Tobj:--> object temperature value: 30.49000000000001jump up value: 30.49000000000001temp limit value: 0.6098000000000002
2015-09-28 16:56:47,069, DEBUG, UP VALUE-Tamb:-->Ambient temperature value: 23.49000000000001jump up value: 23.49000000000001temp limit value: 0.0
2015-09-28 16:56:47,069, DEBUG, UP VALUE-Tamb:-->Ambient temperature value: 23.49000000000001jump up value: 23.49000000000001temp limit value: 0.0
2015-09-28 16:56:47,069, DEBUG, tobj data analysis: [(91, '16:56:47,', [30.49000000000001, 30.49000000000001, 30.49000000000001, 1])]
2015-09-28 16:56:47,069, DEBUG, tobj data analysis: [(91, '16:56:47,', [30.49000000000001, 30.49000000000001, 30.49000000000001, 1])]
2015-09-28 16:56:47,071, DEBUG, tamb data analysis: [(91, '16:56:47,', [23.49000000000001, 23.49000000000001, 23.49000000000001, 1])]
2015-09-28 16:56:47,071, DEBUG, tamb data analysis: [(91, '16:56:47,', [23.49000000000001, 23.49000000000001, 23.49000000000001, 1])]
2015-09-28 16:57:01,253, INFO, *******INFO NEW TEST**************
2015-09-28 16:57:01,253, INFO, *******INFO NEW TEST**************
2015-09-28 16:57:01,301, INFO, ************ROOT-Linux-CMd-Setup**************
2015-09-28 16:57:01,301, INFO, ************ROOT-Linux-CMd-Setup**************
2015-09-28 16:58:03,013, INFO, *******INFO NEW TEST**************
2015-09-28 16:58:03,013, INFO, *******INFO NEW TEST**************
2015-09-28 16:58:03,082, INFO, ************ROOT-Linux-CMd-Setup**************
2015-09-28 16:58:03,082, INFO, ************ROOT-Linux-CMd-Setup**************
2015-09-28 16:58:09,055, INFO,  ---------------------- root --------------------------------
2015-09-28 16:58:09,056, DEBUG, control values: 0.022
2015-09-28 16:58:09,056, DEBUG, control values: (0.02, 2)
2015-09-28 16:58:09,056, INFO,  ---------------------- root --------------------------------
2015-09-28 16:58:09,058, DEBUG, control values: 0.022
2015-09-28 16:58:09,058, DEBUG, control values: (0.02, 2)
2015-09-28 16:58:12,262, DEBUG, UP VALUE-Tobj:--> object temperature value: 30.370000000000005jump up value: 30.370000000000005temp limit value: 0.6074
2015-09-28 16:58:12,262, DEBUG, UP VALUE-Tobj:--> object temperature value: 30.370000000000005jump up value: 30.370000000000005temp limit value: 0.6074
2015-09-28 16:58:12,263, DEBUG, UP VALUE-Tamb:-->Ambient temperature value: 22.890000000000043jump up value: 22.890000000000043temp limit value: 0.0
2015-09-28 16:58:12,263, DEBUG, UP VALUE-Tamb:-->Ambient temperature value: 22.890000000000043jump up value: 22.890000000000043temp limit value: 0.0
2015-09-28 16:58:12,263, DEBUG, tobj data analysis: [(90, '16:58:12,', [30.370000000000005, 30.370000000000005, 30.370000000000005, 1])]
2015-09-28 16:58:12,263, DEBUG, tobj data analysis: [(90, '16:58:12,', [30.370000000000005, 30.370000000000005, 30.370000000000005, 1])]
2015-09-28 16:58:12,265, DEBUG, tamb data analysis: [(90, '16:58:12,', [22.890000000000043, 22.890000000000043, 22.890000000000043, 1])]
2015-09-28 16:58:12,265, DEBUG, tamb data analysis: [(90, '16:58:12,', [22.890000000000043, 22.890000000000043, 22.890000000000043, 1])]
2015-09-28 16:58:12,470, DEBUG, UP VALUE-Tobj:--> object temperature value: 30.730000000000018jump up value: 30.730000000000018temp limit value: 0.6146000000000004
2015-09-28 16:58:12,470, DEBUG, UP VALUE-Tobj:--> object temperature value: 30.730000000000018jump up value: 30.730000000000018temp limit value: 0.6146000000000004
2015-09-28 16:58:12,471, DEBUG, UP VALUE-Tamb:-->Ambient temperature value: 23.370000000000005jump up value: 23.370000000000005temp limit value: 0.0
2015-09-28 16:58:12,471, DEBUG, UP VALUE-Tamb:-->Ambient temperature value: 23.370000000000005jump up value: 23.370000000000005temp limit value: 0.0
2015-09-28 16:58:12,473, DEBUG, tobj data analysis: [(91, '16:58:12,', [30.730000000000018, 30.730000000000018, 30.730000000000018, 1])]
2015-09-28 16:58:12,473, DEBUG, tobj data analysis: [(91, '16:58:12,', [30.730000000000018, 30.730000000000018, 30.730000000000018, 1])]
2015-09-28 16:58:12,473, DEBUG, tamb data analysis: [(91, '16:58:12,', [23.370000000000005, 23.370000000000005, 23.370000000000005, 1])]
2015-09-28 16:58:12,473, DEBUG, tamb data analysis: [(91, '16:58:12,', [23.370000000000005, 23.370000000000005, 23.370000000000005, 1])]
2015-09-28 16:58:15,680, DEBUG, tobj data analysis: [(90, '16:58:12,', [30.370000000000005, 30.370000000000005, 30.370000000000005, 1]), (90, '16:58:15,', [30.370000000000005, 30.370000000000005, 30.370000000000005, 2])]
2015-09-28 16:58:15,680, DEBUG, tobj data analysis: [(90, '16:58:12,', [30.370000000000005, 30.370000000000005, 30.370000000000005, 1]), (90, '16:58:15,', [30.370000000000005, 30.370000000000005, 30.370000000000005, 2])]
2015-09-28 16:58:15,680, DEBUG, tamb data analysis: [(90, '16:58:12,', [22.890000000000043, 22.890000000000043, 22.890000000000043, 1]), (90, '16:58:15,', [22.890000000000043, 22.890000000000043, 22.890000000000043, 2])]
2015-09-28 16:58:15,680, DEBUG, tamb data analysis: [(90, '16:58:12,', [22.890000000000043, 22.890000000000043, 22.890000000000043, 1]), (90, '16:58:15,', [22.890000000000043, 22.890000000000043, 22.890000000000043, 2])]
2015-09-28 16:58:15,884, DEBUG, tobj data analysis: [(91, '16:58:12,', [30.730000000000018, 30.730000000000018, 30.730000000000018, 1]), (91, '16:58:15,', [30.730000000000018, 30.730000000000018, 30.730000000000018, 2])]
2015-09-28 16:58:15,884, DEBUG, tobj data analysis: [(91, '16:58:12,', [30.730000000000018, 30.730000000000018, 30.730000000000018, 1]), (91, '16:58:15,', [30.730000000000018, 30.730000000000018, 30.730000000000018, 2])]
2015-09-28 16:58:16,270, DEBUG, tamb data analysis: [(91, '16:58:12,', [23.370000000000005, 23.370000000000005, 23.370000000000005, 1]), (91, '16:58:15,', [23.370000000000005, 23.370000000000005, 23.370000000000005, 2])]
2015-09-28 16:58:16,270, DEBUG, tamb data analysis: [(91, '16:58:12,', [23.370000000000005, 23.370000000000005, 23.370000000000005, 1]), (91, '16:58:15,', [23.370000000000005, 23.370000000000005, 23.370000000000005, 2])]
2015-09-28 16:58:19,476, DEBUG, tobj data analysis: [(90, '16:58:12,', [30.370000000000005, 30.370000000000005, 30.370000000000005, 1]), (90, '16:58:15,', [30.370000000000005, 30.370000000000005, 30.370000000000005, 2]), (90, '16:58:19,', [30.370000000000005, 30.370000000000005, 30.370000000000005, 3])]
2015-09-28 16:58:19,476, DEBUG, tobj data analysis: [(90, '16:58:12,', [30.370000000000005, 30.370000000000005, 30.370000000000005, 1]), (90, '16:58:15,', [30.370000000000005, 30.370000000000005, 30.370000000000005, 2]), (90, '16:58:19,', [30.370000000000005, 30.370000000000005, 30.370000000000005, 3])]
2015-09-28 16:58:19,479, DEBUG, tamb data analysis: [(90, '16:58:12,', [22.890000000000043, 22.890000000000043, 22.890000000000043, 1]), (90, '16:58:15,', [22.890000000000043, 22.890000000000043, 22.890000000000043, 2]), (90, '16:58:19,', [22.890000000000043, 22.890000000000043, 22.890000000000043, 3])]
2015-09-28 16:58:19,479, DEBUG, tamb data analysis: [(90, '16:58:12,', [22.890000000000043, 22.890000000000043, 22.890000000000043, 1]), (90, '16:58:15,', [22.890000000000043, 22.890000000000043, 22.890000000000043, 2]), (90, '16:58:19,', [22.890000000000043, 22.890000000000043, 22.890000000000043, 3])]
2015-09-28 16:58:19,686, DEBUG, tobj data analysis: [(91, '16:58:12,', [30.730000000000018, 30.730000000000018, 30.730000000000018, 1]), (91, '16:58:15,', [30.730000000000018, 30.730000000000018, 30.730000000000018, 2]), (91, '16:58:19,', [30.730000000000018, 30.730000000000018, 30.730000000000018, 3])]
2015-09-28 16:58:19,686, DEBUG, tobj data analysis: [(91, '16:58:12,', [30.730000000000018, 30.730000000000018, 30.730000000000018, 1]), (91, '16:58:15,', [30.730000000000018, 30.730000000000018, 30.730000000000018, 2]), (91, '16:58:19,', [30.730000000000018, 30.730000000000018, 30.730000000000018, 3])]
2015-09-28 16:58:19,687, DEBUG, tamb data analysis: [(91, '16:58:12,', [23.370000000000005, 23.370000000000005, 23.370000000000005, 1]), (91, '16:58:15,', [23.370000000000005, 23.370000000000005, 23.370000000000005, 2]), (91, '16:58:19,', [23.370000000000005, 23.370000000000005, 23.370000000000005, 3])]
2015-09-28 16:58:19,687, DEBUG, tamb data analysis: [(91, '16:58:12,', [23.370000000000005, 23.370000000000005, 23.370000000000005, 1]), (91, '16:58:15,', [23.370000000000005, 23.370000000000005, 23.370000000000005, 2]), (91, '16:58:19,', [23.370000000000005, 23.370000000000005, 23.370000000000005, 3])]
2015-09-28 16:58:22,892, DEBUG, tobj data analysis: [(90, '16:58:12,', [30.370000000000005, 30.370000000000005, 30.370000000000005, 1]), (90, '16:58:15,', [30.370000000000005, 30.370000000000005, 30.370000000000005, 2]), (90, '16:58:19,', [30.370000000000005, 30.370000000000005, 30.370000000000005, 3]), (90, '16:58:22,', [30.370000000000005, 30.370000000000005, 30.370000000000005, 4])]
2015-09-28 16:58:22,892, DEBUG, tobj data analysis: [(90, '16:58:12,', [30.370000000000005, 30.370000000000005, 30.370000000000005, 1]), (90, '16:58:15,', [30.370000000000005, 30.370000000000005, 30.370000000000005, 2]), (90, '16:58:19,', [30.370000000000005, 30.370000000000005, 30.370000000000005, 3]), (90, '16:58:22,', [30.370000000000005, 30.370000000000005, 30.370000000000005, 4])]
2015-09-28 16:58:22,894, DEBUG, tamb data analysis: [(90, '16:58:12,', [22.890000000000043, 22.890000000000043, 22.890000000000043, 1]), (90, '16:58:15,', [22.890000000000043, 22.890000000000043, 22.890000000000043, 2]), (90, '16:58:19,', [22.890000000000043, 22.890000000000043, 22.890000000000043, 3]), (90, '16:58:22,', [22.890000000000043, 22.890000000000043, 22.890000000000043, 4])]
2015-09-28 16:58:22,894, DEBUG, tamb data analysis: [(90, '16:58:12,', [22.890000000000043, 22.890000000000043, 22.890000000000043, 1]), (90, '16:58:15,', [22.890000000000043, 22.890000000000043, 22.890000000000043, 2]), (90, '16:58:19,', [22.890000000000043, 22.890000000000043, 22.890000000000043, 3]), (90, '16:58:22,', [22.890000000000043, 22.890000000000043, 22.890000000000043, 4])]
2015-09-28 16:58:23,099, DEBUG, tobj data analysis: [(91, '16:58:12,', [30.730000000000018, 30.730000000000018, 30.730000000000018, 1]), (91, '16:58:15,', [30.730000000000018, 30.730000000000018, 30.730000000000018, 2]), (91, '16:58:19,', [30.730000000000018, 30.730000000000018, 30.730000000000018, 3]), (91, '16:58:23,', [30.730000000000018, 30.730000000000018, 30.730000000000018, 4])]
2015-09-28 16:58:23,099, DEBUG, tobj data analysis: [(91, '16:58:12,', [30.730000000000018, 30.730000000000018, 30.730000000000018, 1]), (91, '16:58:15,', [30.730000000000018, 30.730000000000018, 30.730000000000018, 2]), (91, '16:58:19,', [30.730000000000018, 30.730000000000018, 30.730000000000018, 3]), (91, '16:58:23,', [30.730000000000018, 30.730000000000018, 30.730000000000018, 4])]
2015-09-28 16:58:23,099, DEBUG, tamb data analysis: [(91, '16:58:12,', [23.370000000000005, 23.370000000000005, 23.370000000000005, 1]), (91, '16:58:15,', [23.370000000000005, 23.370000000000005, 23.370000000000005, 2]), (91, '16:58:19,', [23.370000000000005, 23.370000000000005, 23.370000000000005, 3]), (91, '16:58:23,', [23.370000000000005, 23.370000000000005, 23.370000000000005, 4])]
2015-09-28 16:58:23,099, DEBUG, tamb data analysis: [(91, '16:58:12,', [23.370000000000005, 23.370000000000005, 23.370000000000005, 1]), (91, '16:58:15,', [23.370000000000005, 23.370000000000005, 23.370000000000005, 2]), (91, '16:58:19,', [23.370000000000005, 23.370000000000005, 23.370000000000005, 3]), (91, '16:58:23,', [23.370000000000005, 23.370000000000005, 23.370000000000005, 4])]
2015-09-28 16:59:14,961, INFO, *******INFO NEW TEST**************
2015-09-28 16:59:14,961, INFO, *******INFO NEW TEST**************
2015-09-28 16:59:15,009, INFO, ************ROOT-Linux-CMd-Setup**************
2015-09-28 16:59:15,009, INFO, ************ROOT-Linux-CMd-Setup**************
2015-09-28 16:59:16,464, INFO,  ---------------------- root --------------------------------
2015-09-28 16:59:16,466, DEBUG, control values: 0.022
2015-09-28 16:59:16,466, DEBUG, control values: (0.02, 2)
2015-09-28 16:59:16,467, INFO,  ---------------------- root --------------------------------
2015-09-28 16:59:16,467, DEBUG, control values: 0.022
2015-09-28 16:59:16,467, DEBUG, control values: (0.02, 2)
2015-09-28 16:59:19,671, DEBUG, UP VALUE-Tobj:--> object temperature value: 31.170000000000016jump up value: 31.170000000000016temp limit value: 0.6234000000000003
2015-09-28 16:59:19,671, DEBUG, UP VALUE-Tobj:--> object temperature value: 31.170000000000016jump up value: 31.170000000000016temp limit value: 0.6234000000000003
2015-09-28 16:59:19,673, DEBUG, UP VALUE-Tamb:-->Ambient temperature value: 23.77000000000004jump up value: 23.77000000000004temp limit value: 0.0
2015-09-28 16:59:19,673, DEBUG, UP VALUE-Tamb:-->Ambient temperature value: 23.77000000000004jump up value: 23.77000000000004temp limit value: 0.0
2015-09-28 16:59:19,673, DEBUG, tobj data analysis: [(90, '16:59:19,', [31.170000000000016, 31.170000000000016, 31.170000000000016, 1])]
2015-09-28 16:59:19,673, DEBUG, tobj data analysis: [(90, '16:59:19,', [31.170000000000016, 31.170000000000016, 31.170000000000016, 1])]
2015-09-28 16:59:19,674, DEBUG, tamb data analysis: [(90, '16:59:19,', [23.77000000000004, 23.77000000000004, 23.77000000000004, 1])]
2015-09-28 16:59:19,674, DEBUG, tamb data analysis: [(90, '16:59:19,', [23.77000000000004, 23.77000000000004, 23.77000000000004, 1])]
2015-09-28 16:59:19,878, DEBUG, UP VALUE-Tobj:--> object temperature value: 31.670000000000016jump up value: 31.670000000000016temp limit value: 0.6334000000000003
2015-09-28 16:59:19,878, DEBUG, UP VALUE-Tobj:--> object temperature value: 31.670000000000016jump up value: 31.670000000000016temp limit value: 0.6334000000000003
2015-09-28 16:59:19,880, DEBUG, UP VALUE-Tamb:-->Ambient temperature value: 23.430000000000007jump up value: 23.430000000000007temp limit value: 0.0
2015-09-28 16:59:19,880, DEBUG, UP VALUE-Tamb:-->Ambient temperature value: 23.430000000000007jump up value: 23.430000000000007temp limit value: 0.0
2015-09-28 16:59:19,881, DEBUG, tobj data analysis: [(91, '16:59:19,', [31.670000000000016, 31.670000000000016, 31.670000000000016, 1])]
2015-09-28 16:59:19,881, DEBUG, tobj data analysis: [(91, '16:59:19,', [31.670000000000016, 31.670000000000016, 31.670000000000016, 1])]
2015-09-28 16:59:19,882, DEBUG, tamb data analysis: [(91, '16:59:19,', [23.430000000000007, 23.430000000000007, 23.430000000000007, 1])]
2015-09-28 16:59:19,882, DEBUG, tamb data analysis: [(91, '16:59:19,', [23.430000000000007, 23.430000000000007, 23.430000000000007, 1])]
2015-09-28 16:59:23,088, DEBUG, tobj data analysis: [(90, '16:59:19,', [31.170000000000016, 31.170000000000016, 31.170000000000016, 1]), (90, '16:59:23,', [31.170000000000016, 31.170000000000016, 31.170000000000016, 2])]
2015-09-28 16:59:23,088, DEBUG, tobj data analysis: [(90, '16:59:19,', [31.170000000000016, 31.170000000000016, 31.170000000000016, 1]), (90, '16:59:23,', [31.170000000000016, 31.170000000000016, 31.170000000000016, 2])]
2015-09-28 16:59:23,088, DEBUG, tamb data analysis: [(90, '16:59:19,', [23.77000000000004, 23.77000000000004, 23.77000000000004, 1]), (90, '16:59:23,', [23.77000000000004, 23.77000000000004, 23.77000000000004, 2])]
2015-09-28 16:59:23,088, DEBUG, tamb data analysis: [(90, '16:59:19,', [23.77000000000004, 23.77000000000004, 23.77000000000004, 1]), (90, '16:59:23,', [23.77000000000004, 23.77000000000004, 23.77000000000004, 2])]
2015-09-28 16:59:23,296, DEBUG, tobj data analysis: [(91, '16:59:19,', [31.670000000000016, 31.670000000000016, 31.670000000000016, 1]), (91, '16:59:23,', [31.670000000000016, 31.670000000000016, 31.670000000000016, 2])]
2015-09-28 16:59:23,296, DEBUG, tobj data analysis: [(91, '16:59:19,', [31.670000000000016, 31.670000000000016, 31.670000000000016, 1]), (91, '16:59:23,', [31.670000000000016, 31.670000000000016, 31.670000000000016, 2])]
2015-09-28 16:59:23,296, DEBUG, tamb data analysis: [(91, '16:59:19,', [23.430000000000007, 23.430000000000007, 23.430000000000007, 1]), (91, '16:59:23,', [23.430000000000007, 23.430000000000007, 23.430000000000007, 2])]
2015-09-28 16:59:23,296, DEBUG, tamb data analysis: [(91, '16:59:19,', [23.430000000000007, 23.430000000000007, 23.430000000000007, 1]), (91, '16:59:23,', [23.430000000000007, 23.430000000000007, 23.430000000000007, 2])]
2015-09-28 16:59:26,503, DEBUG, tobj data analysis: [(90, '16:59:19,', [31.170000000000016, 31.170000000000016, 31.170000000000016, 1]), (90, '16:59:23,', [31.170000000000016, 31.170000000000016, 31.170000000000016, 2]), (90, '16:59:26,', [31.170000000000016, 31.170000000000016, 31.170000000000016, 3])]
2015-09-28 16:59:26,503, DEBUG, tobj data analysis: [(90, '16:59:19,', [31.170000000000016, 31.170000000000016, 31.170000000000016, 1]), (90, '16:59:23,', [31.170000000000016, 31.170000000000016, 31.170000000000016, 2]), (90, '16:59:26,', [31.170000000000016, 31.170000000000016, 31.170000000000016, 3])]
2015-09-28 16:59:26,503, DEBUG, tamb data analysis: [(90, '16:59:19,', [23.77000000000004, 23.77000000000004, 23.77000000000004, 1]), (90, '16:59:23,', [23.77000000000004, 23.77000000000004, 23.77000000000004, 2]), (90, '16:59:26,', [23.77000000000004, 23.77000000000004, 23.77000000000004, 3])]
2015-09-28 16:59:26,503, DEBUG, tamb data analysis: [(90, '16:59:19,', [23.77000000000004, 23.77000000000004, 23.77000000000004, 1]), (90, '16:59:23,', [23.77000000000004, 23.77000000000004, 23.77000000000004, 2]), (90, '16:59:26,', [23.77000000000004, 23.77000000000004, 23.77000000000004, 3])]
2015-09-28 16:59:26,709, DEBUG, tobj data analysis: [(91, '16:59:19,', [31.670000000000016, 31.670000000000016, 31.670000000000016, 1]), (91, '16:59:23,', [31.670000000000016, 31.670000000000016, 31.670000000000016, 2]), (91, '16:59:26,', [31.670000000000016, 31.670000000000016, 31.670000000000016, 3])]
2015-09-28 16:59:26,709, DEBUG, tobj data analysis: [(91, '16:59:19,', [31.670000000000016, 31.670000000000016, 31.670000000000016, 1]), (91, '16:59:23,', [31.670000000000016, 31.670000000000016, 31.670000000000016, 2]), (91, '16:59:26,', [31.670000000000016, 31.670000000000016, 31.670000000000016, 3])]
2015-09-28 16:59:26,710, DEBUG, tamb data analysis: [(91, '16:59:19,', [23.430000000000007, 23.430000000000007, 23.430000000000007, 1]), (91, '16:59:23,', [23.430000000000007, 23.430000000000007, 23.430000000000007, 2]), (91, '16:59:26,', [23.430000000000007, 23.430000000000007, 23.430000000000007, 3])]
2015-09-28 16:59:26,710, DEBUG, tamb data analysis: [(91, '16:59:19,', [23.430000000000007, 23.430000000000007, 23.430000000000007, 1]), (91, '16:59:23,', [23.430000000000007, 23.430000000000007, 23.430000000000007, 2]), (91, '16:59:26,', [23.430000000000007, 23.430000000000007, 23.430000000000007, 3])]
