2015-09-14 22:39:56,905, INFO, *******INFO NEW TEST**************
2015-09-14 22:40:00,397, DEBUG, UP VALUE-Tobj:--> object temperature value: 31.57000000000005jump up value: 31.57000000000005temp limit value: 0.631400000000001
2015-09-14 22:40:00,400, DEBUG, UP VALUE-Tamb:-->Ambient temperature value: 22.970000000000027jump up value: 22.970000000000027temp limit value: 0.0
2015-09-14 22:40:00,401, DEBUG, tobj data analysis: [(90, '22:40:00,', [31.57000000000005, 31.57000000000005, 31.57000000000005, 1])]
2015-09-14 22:40:00,401, DEBUG, tamb data analysis: [(90, '22:40:00,', [22.970000000000027, 22.970000000000027, 22.970000000000027, 1])]
2015-09-14 22:40:00,609, DEBUG, UP VALUE-Tobj:--> object temperature value: 31.190000000000055jump up value: 31.190000000000055temp limit value: 0.6238000000000011
2015-09-14 22:40:00,615, DEBUG, UP VALUE-Tamb:-->Ambient temperature value: 23.590000000000032jump up value: 23.590000000000032temp limit value: 0.0
2015-09-14 22:40:00,615, DEBUG, tobj data analysis: [(91, '22:40:00,', [31.190000000000055, 31.190000000000055, 31.190000000000055, 1])]
2015-09-14 22:40:00,617, DEBUG, tamb data analysis: [(91, '22:40:00,', [23.590000000000032, 23.590000000000032, 23.590000000000032, 1])]
2015-09-14 22:40:03,832, DEBUG, tobj data analysis: [(90, '22:40:00,', [31.57000000000005, 31.57000000000005, 31.57000000000005, 1]), (90, '22:40:03,', [31.57000000000005, 31.57000000000005, 31.57000000000005, 2])]
2015-09-14 22:40:03,832, DEBUG, tamb data analysis: [(90, '22:40:00,', [22.970000000000027, 22.970000000000027, 22.970000000000027, 1]), (90, '22:40:03,', [22.970000000000027, 22.970000000000027, 22.970000000000027, 2])]
2015-09-14 22:40:04,051, DEBUG, tobj data analysis: [(91, '22:40:00,', [31.190000000000055, 31.190000000000055, 31.190000000000055, 1]), (91, '22:40:04,', [31.190000000000055, 31.190000000000055, 31.190000000000055, 2])]
2015-09-14 22:40:04,052, DEBUG, tamb data analysis: [(91, '22:40:00,', [23.590000000000032, 23.590000000000032, 23.590000000000032, 1]), (91, '22:40:04,', [23.590000000000032, 23.590000000000032, 23.590000000000032, 2])]
2015-09-14 22:40:07,267, DEBUG, tobj data analysis: [(90, '22:40:00,', [31.57000000000005, 31.57000000000005, 31.57000000000005, 1]), (90, '22:40:03,', [31.57000000000005, 31.57000000000005, 31.57000000000005, 2]), (90, '22:40:07,', [31.57000000000005, 31.57000000000005, 31.57000000000005, 3])]
2015-09-14 22:40:07,269, DEBUG, tamb data analysis: [(90, '22:40:00,', [22.970000000000027, 22.970000000000027, 22.970000000000027, 1]), (90, '22:40:03,', [22.970000000000027, 22.970000000000027, 22.970000000000027, 2]), (90, '22:40:07,', [22.970000000000027, 22.970000000000027, 22.970000000000027, 3])]
2015-09-14 22:40:07,486, DEBUG, tobj data analysis: [(91, '22:40:00,', [31.190000000000055, 31.190000000000055, 31.190000000000055, 1]), (91, '22:40:04,', [31.190000000000055, 31.190000000000055, 31.190000000000055, 2]), (91, '22:40:07,', [31.190000000000055, 31.190000000000055, 31.190000000000055, 3])]
2015-09-14 22:40:07,487, DEBUG, tamb data analysis: [(91, '22:40:00,', [23.590000000000032, 23.590000000000032, 23.590000000000032, 1]), (91, '22:40:04,', [23.590000000000032, 23.590000000000032, 23.590000000000032, 2]), (91, '22:40:07,', [23.590000000000032, 23.590000000000032, 23.590000000000032, 3])]
2015-09-14 22:40:10,706, DEBUG, tobj data analysis: [(90, '22:40:00,', [31.57000000000005, 31.57000000000005, 31.57000000000005, 1]), (90, '22:40:03,', [31.57000000000005, 31.57000000000005, 31.57000000000005, 2]), (90, '22:40:07,', [31.57000000000005, 31.57000000000005, 31.57000000000005, 3]), (90, '22:40:10,', [31.57000000000005, 31.57000000000005, 31.57000000000005, 4])]
2015-09-14 22:40:10,707, DEBUG, tamb data analysis: [(90, '22:40:00,', [22.970000000000027, 22.970000000000027, 22.970000000000027, 1]), (90, '22:40:03,', [22.970000000000027, 22.970000000000027, 22.970000000000027, 2]), (90, '22:40:07,', [22.970000000000027, 22.970000000000027, 22.970000000000027, 3]), (90, '22:40:10,', [22.970000000000027, 22.970000000000027, 22.970000000000027, 4])]
2015-09-14 22:40:10,920, DEBUG, tobj data analysis: [(91, '22:40:00,', [31.190000000000055, 31.190000000000055, 31.190000000000055, 1]), (91, '22:40:04,', [31.190000000000055, 31.190000000000055, 31.190000000000055, 2]), (91, '22:40:07,', [31.190000000000055, 31.190000000000055, 31.190000000000055, 3]), (91, '22:40:10,', [31.190000000000055, 31.190000000000055, 31.190000000000055, 4])]
2015-09-14 22:40:10,920, DEBUG, tamb data analysis: [(91, '22:40:00,', [23.590000000000032, 23.590000000000032, 23.590000000000032, 1]), (91, '22:40:04,', [23.590000000000032, 23.590000000000032, 23.590000000000032, 2]), (91, '22:40:07,', [23.590000000000032, 23.590000000000032, 23.590000000000032, 3]), (91, '22:40:10,', [23.590000000000032, 23.590000000000032, 23.590000000000032, 4])]
2015-09-14 22:40:14,131, DEBUG, UP VALUE-Tobj:--> object temperature value: 34.170000000000016jump up value: 2.599999999999966temp limit value: 0.6834000000000003
2015-09-14 22:40:14,134, DEBUG, UP VALUE-Tamb:-->Ambient temperature value: 26.650000000000034jump up value: 3.680000000000007temp limit value: 0.0
2015-09-14 22:40:14,135, DEBUG, tobj data analysis: [(90, '22:40:00,', [31.57000000000005, 31.57000000000005, 31.57000000000005, 1]), (90, '22:40:03,', [31.57000000000005, 31.57000000000005, 31.57000000000005, 2]), (90, '22:40:07,', [31.57000000000005, 31.57000000000005, 31.57000000000005, 3]), (90, '22:40:10,', [31.57000000000005, 31.57000000000005, 31.57000000000005, 4]), (90, '22:40:14,', [31.57000000000005, 34.170000000000016, 32.090000000000046, 5])]
2015-09-14 22:40:14,137, DEBUG, tamb data analysis: [(90, '22:40:00,', [22.970000000000027, 22.970000000000027, 22.970000000000027, 1]), (90, '22:40:03,', [22.970000000000027, 22.970000000000027, 22.970000000000027, 2]), (90, '22:40:07,', [22.970000000000027, 22.970000000000027, 22.970000000000027, 3]), (90, '22:40:10,', [22.970000000000027, 22.970000000000027, 22.970000000000027, 4]), (90, '22:40:14,', [22.970000000000027, 26.650000000000034, 23.706000000000028, 5])]
2015-09-14 22:40:14,348, DEBUG, UP VALUE-Tobj:--> object temperature value: 33.910000000000025jump up value: 2.7199999999999704temp limit value: 0.6782000000000005
2015-09-14 22:40:14,352, DEBUG, UP VALUE-Tamb:-->Ambient temperature value: 26.350000000000023jump up value: 2.759999999999991temp limit value: 0.0
2015-09-14 22:40:14,354, DEBUG, tobj data analysis: [(91, '22:40:00,', [31.190000000000055, 31.190000000000055, 31.190000000000055, 1]), (91, '22:40:04,', [31.190000000000055, 31.190000000000055, 31.190000000000055, 2]), (91, '22:40:07,', [31.190000000000055, 31.190000000000055, 31.190000000000055, 3]), (91, '22:40:10,', [31.190000000000055, 31.190000000000055, 31.190000000000055, 4]), (91, '22:40:14,', [31.190000000000055, 33.910000000000025, 31.734000000000048, 5])]
2015-09-14 22:40:14,355, DEBUG, tamb data analysis: [(91, '22:40:00,', [23.590000000000032, 23.590000000000032, 23.590000000000032, 1]), (91, '22:40:04,', [23.590000000000032, 23.590000000000032, 23.590000000000032, 2]), (91, '22:40:07,', [23.590000000000032, 23.590000000000032, 23.590000000000032, 3]), (91, '22:40:10,', [23.590000000000032, 23.590000000000032, 23.590000000000032, 4]), (91, '22:40:14,', [23.590000000000032, 26.350000000000023, 24.14200000000003, 5])]
2015-09-14 22:40:17,569, DEBUG, tobj data analysis: [(90, '22:40:00,', [31.57000000000005, 31.57000000000005, 31.57000000000005, 1]), (90, '22:40:03,', [31.57000000000005, 31.57000000000005, 31.57000000000005, 2]), (90, '22:40:07,', [31.57000000000005, 31.57000000000005, 31.57000000000005, 3]), (90, '22:40:10,', [31.57000000000005, 31.57000000000005, 31.57000000000005, 4]), (90, '22:40:14,', [31.57000000000005, 34.170000000000016, 32.090000000000046, 5]), (90, '22:40:17,', [31.57000000000005, 34.170000000000016, 32.4366666666667, 6])]
2015-09-14 22:40:17,571, DEBUG, tamb data analysis: [(90, '22:40:00,', [22.970000000000027, 22.970000000000027, 22.970000000000027, 1]), (90, '22:40:03,', [22.970000000000027, 22.970000000000027, 22.970000000000027, 2]), (90, '22:40:07,', [22.970000000000027, 22.970000000000027, 22.970000000000027, 3]), (90, '22:40:10,', [22.970000000000027, 22.970000000000027, 22.970000000000027, 4]), (90, '22:40:14,', [22.970000000000027, 26.650000000000034, 23.706000000000028, 5]), (90, '22:40:17,', [22.970000000000027, 26.650000000000034, 24.196666666666697, 6])]
2015-09-14 22:40:17,789, DEBUG, tobj data analysis: [(91, '22:40:00,', [31.190000000000055, 31.190000000000055, 31.190000000000055, 1]), (91, '22:40:04,', [31.190000000000055, 31.190000000000055, 31.190000000000055, 2]), (91, '22:40:07,', [31.190000000000055, 31.190000000000055, 31.190000000000055, 3]), (91, '22:40:10,', [31.190000000000055, 31.190000000000055, 31.190000000000055, 4]), (91, '22:40:14,', [31.190000000000055, 33.910000000000025, 31.734000000000048, 5]), (91, '22:40:17,', [31.190000000000055, 33.910000000000025, 32.096666666666714, 6])]
2015-09-14 22:40:17,789, DEBUG, tamb data analysis: [(91, '22:40:00,', [23.590000000000032, 23.590000000000032, 23.590000000000032, 1]), (91, '22:40:04,', [23.590000000000032, 23.590000000000032, 23.590000000000032, 2]), (91, '22:40:07,', [23.590000000000032, 23.590000000000032, 23.590000000000032, 3]), (91, '22:40:10,', [23.590000000000032, 23.590000000000032, 23.590000000000032, 4]), (91, '22:40:14,', [23.590000000000032, 26.350000000000023, 24.14200000000003, 5]), (91, '22:40:17,', [23.590000000000032, 26.350000000000023, 24.51000000000003, 6])]
2015-09-17 22:24:16,701, INFO, *******INFO NEW TEST**************
2015-09-17 22:25:52,447, INFO, *******INFO NEW TEST**************
2015-09-17 22:30:41,834, INFO, *******INFO NEW TEST**************
2015-09-17 22:31:45,575, INFO, *******INFO NEW TEST**************
2015-09-17 22:31:56,062, INFO, *******INFO NEW TEST**************
2015-09-17 22:32:39,808, INFO, *******INFO NEW TEST**************
2015-09-17 22:32:42,793, INFO, *******INFO NEW TEST**************
2015-09-17 23:32:26,438, INFO, *******INFO NEW TEST**************
2015-09-17 23:34:41,026, INFO, *******INFO NEW TEST**************
2015-09-17 23:37:53,990, INFO, *******INFO NEW TEST**************
2015-09-17 23:49:05,137, INFO, *******INFO NEW TEST**************
2015-09-17 23:56:17,905, INFO, *******INFO NEW TEST**************
2015-09-17 23:56:18,907, INFO, *******INFO NEW TEST**************
2015-09-17 23:56:22,207, DEBUG, UP VALUE-Tobj:--> object temperature value: 29.99000000000001jump up value: 29.99000000000001temp limit value: 0.5998000000000002
2015-09-17 23:56:22,207, DEBUG, UP VALUE-Tamb:-->Ambient temperature value: 23.190000000000055jump up value: 23.190000000000055temp limit value: 0.0
2015-09-17 23:56:22,207, DEBUG, tobj data analysis: [(90, '23:56:22,', [29.99000000000001, 29.99000000000001, 29.99000000000001, 1])]
2015-09-17 23:56:22,207, DEBUG, tamb data analysis: [(90, '23:56:22,', [23.190000000000055, 23.190000000000055, 23.190000000000055, 1])]
2015-09-17 23:56:22,415, DEBUG, UP VALUE-Tobj:--> object temperature value: 30.210000000000036jump up value: 30.210000000000036temp limit value: 0.6042000000000007
2015-09-17 23:56:22,415, DEBUG, UP VALUE-Tamb:-->Ambient temperature value: 22.910000000000025jump up value: 22.910000000000025temp limit value: 0.0
2015-09-17 23:56:22,415, DEBUG, tobj data analysis: [(91, '23:56:22,', [30.210000000000036, 30.210000000000036, 30.210000000000036, 1])]
2015-09-17 23:56:22,415, DEBUG, tamb data analysis: [(91, '23:56:22,', [22.910000000000025, 22.910000000000025, 22.910000000000025, 1])]
2015-09-17 23:56:25,650, DEBUG, tobj data analysis: [(90, '23:56:22,', [29.99000000000001, 29.99000000000001, 29.99000000000001, 1]), (90, '23:56:25,', [29.99000000000001, 29.99000000000001, 29.99000000000001, 2])]
2015-09-17 23:56:25,650, DEBUG, tamb data analysis: [(90, '23:56:22,', [23.190000000000055, 23.190000000000055, 23.190000000000055, 1]), (90, '23:56:25,', [23.190000000000055, 23.190000000000055, 23.190000000000055, 2])]
2015-09-17 23:56:25,868, DEBUG, tobj data analysis: [(91, '23:56:22,', [30.210000000000036, 30.210000000000036, 30.210000000000036, 1]), (91, '23:56:25,', [30.210000000000036, 30.210000000000036, 30.210000000000036, 2])]
2015-09-17 23:56:25,868, DEBUG, tamb data analysis: [(91, '23:56:22,', [22.910000000000025, 22.910000000000025, 22.910000000000025, 1]), (91, '23:56:25,', [22.910000000000025, 22.910000000000025, 22.910000000000025, 2])]
2015-09-17 23:56:29,095, DEBUG, tobj data analysis: [(90, '23:56:22,', [29.99000000000001, 29.99000000000001, 29.99000000000001, 1]), (90, '23:56:25,', [29.99000000000001, 29.99000000000001, 29.99000000000001, 2]), (90, '23:56:29,', [29.99000000000001, 29.99000000000001, 29.99000000000001, 3])]
2015-09-17 23:56:29,095, DEBUG, tamb data analysis: [(90, '23:56:22,', [23.190000000000055, 23.190000000000055, 23.190000000000055, 1]), (90, '23:56:25,', [23.190000000000055, 23.190000000000055, 23.190000000000055, 2]), (90, '23:56:29,', [23.190000000000055, 23.190000000000055, 23.190000000000055, 3])]
2015-09-17 23:56:29,326, DEBUG, tobj data analysis: [(91, '23:56:22,', [30.210000000000036, 30.210000000000036, 30.210000000000036, 1]), (91, '23:56:25,', [30.210000000000036, 30.210000000000036, 30.210000000000036, 2]), (91, '23:56:29,', [30.210000000000036, 30.210000000000036, 30.210000000000036, 3])]
2015-09-17 23:56:29,326, DEBUG, tamb data analysis: [(91, '23:56:22,', [22.910000000000025, 22.910000000000025, 22.910000000000025, 1]), (91, '23:56:25,', [22.910000000000025, 22.910000000000025, 22.910000000000025, 2]), (91, '23:56:29,', [22.910000000000025, 22.910000000000025, 22.910000000000025, 3])]
2015-09-17 23:58:52,411, INFO, *******INFO NEW TEST**************
2015-09-18 00:02:00,878, INFO, *******INFO NEW TEST**************
2015-09-18 11:26:29,730, INFO, *******INFO NEW TEST**************
2015-09-18 11:26:52,759, INFO, *******INFO NEW TEST**************
2015-09-18 11:31:45,750, INFO, *******INFO NEW TEST**************
2015-09-18 11:31:51,394, INFO, *******INFO NEW TEST**************
2015-09-18 11:31:56,029, INFO, *******INFO NEW TEST**************
2015-09-18 11:32:01,793, INFO, *******INFO NEW TEST**************
2015-09-18 11:32:17,217, INFO, *******INFO NEW TEST**************
2015-09-18 11:32:22,367, INFO, *******INFO NEW TEST**************
2015-09-18 11:32:38,710, INFO, *******INFO NEW TEST**************
2015-09-18 11:34:45,895, INFO, *******INFO NEW TEST**************
2015-09-18 11:34:48,229, DEBUG, DOWN VALUE-TambAmbient temperature value: -273.15jump up value: -273.15temp limit value: 0.0
2015-09-18 11:34:48,239, DEBUG, DOWN VALUE-Tobj:--> object temperature value: -273.15jump up value: -273.15temp limit value: -2.7315
2015-09-18 11:34:48,239, DEBUG, DOWN VALUE-TambAmbient temperature value: -273.15jump up value: -273.15temp limit value: 0.0
2015-09-18 11:34:48,239, DEBUG, DOWN VALUE-Tobj:--> object temperature value: -273.15jump up value: -273.15temp limit value: -2.7315
2015-09-18 11:34:48,443, DEBUG, UP VALUE-Tamb:-->Ambient temperature value: 23.29000000000002jump up value: 23.29000000000002temp limit value: 0.0
2015-09-18 11:34:48,443, DEBUG, UP VALUE-Tobj:--> object temperature value: 30.410000000000025jump up value: 30.410000000000025temp limit value: 0.30410000000000026
2015-09-18 11:36:12,345, INFO, *******INFO NEW TEST**************
2015-09-18 11:36:12,415, DEBUG, DOWN VALUE-TambAmbient temperature value: -273.15jump up value: -273.15temp limit value: 0.0
2015-09-18 11:36:12,415, DEBUG, DOWN VALUE-Tobj:--> object temperature value: -273.15jump up value: -273.15temp limit value: -2.7315
2015-09-18 11:36:12,415, DEBUG, DOWN VALUE-TambAmbient temperature value: -273.15jump up value: -273.15temp limit value: 0.0
2015-09-18 11:36:12,415, DEBUG, DOWN VALUE-Tobj:--> object temperature value: -273.15jump up value: -273.15temp limit value: -2.7315
2015-09-18 11:36:12,618, DEBUG, UP VALUE-Tamb:-->Ambient temperature value: 23.79000000000002jump up value: 23.79000000000002temp limit value: 0.0
2015-09-18 11:36:12,618, DEBUG, UP VALUE-Tobj:--> object temperature value: 29.930000000000007jump up value: 29.930000000000007temp limit value: 0.29930000000000007
2015-09-18 11:53:01,980, INFO, *******INFO NEW TEST**************
2015-09-18 11:53:02,052, DEBUG, DOWN VALUE-TambAmbient temperature value: -273.15jump up value: -273.15temp limit value: 0.0
2015-09-18 11:53:02,052, DEBUG, DOWN VALUE-Tobj:--> object temperature value: -273.15jump up value: -273.15temp limit value: -2.7315
2015-09-18 11:53:02,062, DEBUG, DOWN VALUE-TambAmbient temperature value: -273.15jump up value: -273.15temp limit value: 0.0
2015-09-18 11:53:02,062, DEBUG, DOWN VALUE-Tobj:--> object temperature value: -273.15jump up value: -273.15temp limit value: -2.7315
2015-09-18 11:53:02,262, DEBUG, UP VALUE-Tamb:-->Ambient temperature value: 23.53000000000003jump up value: 23.53000000000003temp limit value: 0.0
2015-09-18 11:53:02,262, DEBUG, UP VALUE-Tobj:--> object temperature value: 30.05000000000001jump up value: 30.05000000000001temp limit value: 0.3005000000000001
2015-09-18 11:53:57,171, INFO, *******INFO NEW TEST**************
2015-09-18 11:53:57,232, DEBUG, DOWN VALUE-TambAmbient temperature value: -273.15jump up value: -273.15temp limit value: 0.0
2015-09-18 11:53:57,242, DEBUG, DOWN VALUE-Tobj:--> object temperature value: -273.15jump up value: -273.15temp limit value: -2.7315
2015-09-18 11:53:57,242, DEBUG, DOWN VALUE-TambAmbient temperature value: -273.15jump up value: -273.15temp limit value: 0.0
2015-09-18 11:53:57,242, DEBUG, DOWN VALUE-Tobj:--> object temperature value: -273.15jump up value: -273.15temp limit value: -2.7315
2015-09-18 11:53:57,441, DEBUG, UP VALUE-Tamb:-->Ambient temperature value: 23.470000000000027jump up value: 23.470000000000027temp limit value: 0.0
2015-09-18 11:53:57,441, DEBUG, UP VALUE-Tobj:--> object temperature value: 30.810000000000002jump up value: 30.810000000000002temp limit value: 0.30810000000000004
2015-09-18 12:09:32,678, INFO, *******INFO NEW TEST**************
2015-09-18 12:11:05,766, INFO, *******INFO NEW TEST**************
2015-09-18 12:11:20,111, INFO, *******INFO NEW TEST**************
2015-09-18 12:15:33,321, INFO, *******INFO NEW TEST**************
2015-09-18 12:15:42,203, INFO, *******INFO NEW TEST**************
2015-09-18 12:16:12,588, INFO, *******INFO NEW TEST**************
2015-09-18 12:18:48,148, INFO, *******INFO NEW TEST**************
2015-09-18 12:18:48,197, DEBUG, DOWN VALUE-TambAmbient temperature value: -273.15jump up value: -273.15temp limit value: 0.0
2015-09-18 12:18:48,197, DEBUG, DOWN VALUE-Tobj:--> object temperature value: -273.15jump up value: -273.15temp limit value: -2.7315
2015-09-18 12:18:48,197, DEBUG, DOWN VALUE-TambAmbient temperature value: -273.15jump up value: -273.15temp limit value: 0.0
2015-09-18 12:18:48,197, DEBUG, DOWN VALUE-Tobj:--> object temperature value: -273.15jump up value: -273.15temp limit value: -2.7315
2015-09-18 12:18:48,407, DEBUG, UP VALUE-Tamb:-->Ambient temperature value: 23.33000000000004jump up value: 23.33000000000004temp limit value: 0.0
2015-09-18 12:18:48,407, DEBUG, UP VALUE-Tobj:--> object temperature value: 31.55000000000001jump up value: 31.55000000000001temp limit value: 0.3155000000000001
2015-09-18 12:22:53,707, INFO, *******INFO NEW TEST**************
2015-09-18 12:22:53,756, DEBUG, DOWN VALUE-TambAmbient temperature value: -273.15jump up value: -273.15temp limit value: 0.0
2015-09-18 12:22:53,756, DEBUG, DOWN VALUE-Tobj:--> object temperature value: -273.15jump up value: -273.15temp limit value: -2.7315
2015-09-18 12:22:53,756, DEBUG, DOWN VALUE-TambAmbient temperature value: -273.15jump up value: -273.15temp limit value: 0.0
2015-09-18 12:22:53,756, DEBUG, DOWN VALUE-Tobj:--> object temperature value: -273.15jump up value: -273.15temp limit value: -2.7315
2015-09-18 12:22:53,957, DEBUG, UP VALUE-Tamb:-->Ambient temperature value: 23.57000000000005jump up value: 23.57000000000005temp limit value: 0.0
2015-09-18 12:22:54,290, DEBUG, UP VALUE-Tobj:--> object temperature value: 31.77000000000004jump up value: 31.77000000000004temp limit value: 0.31770000000000037
2015-09-18 14:00:47,917, INFO, *******INFO NEW TEST**************
2015-09-18 14:01:14,338, INFO, *******INFO NEW TEST**************
2015-09-18 14:01:14,388, DEBUG, DOWN VALUE-TambAmbient temperature value: -273.15jump up value: -273.15temp limit value: 0.0
2015-09-18 14:01:14,388, DEBUG, DOWN VALUE-Tobj:--> object temperature value: -273.15jump up value: -273.15temp limit value: -2.7315
2015-09-18 14:01:14,388, DEBUG, DOWN VALUE-TambAmbient temperature value: -273.15jump up value: -273.15temp limit value: 0.0
2015-09-18 14:01:14,400, DEBUG, DOWN VALUE-Tobj:--> object temperature value: -273.15jump up value: -273.15temp limit value: -2.7315
2015-09-18 14:01:14,605, DEBUG, UP VALUE-Tamb:-->Ambient temperature value: 22.99000000000001jump up value: 22.99000000000001temp limit value: 0.0
2015-09-18 14:01:14,605, DEBUG, UP VALUE-Tobj:--> object temperature value: 31.190000000000055jump up value: 31.190000000000055temp limit value: 0.31190000000000057
2015-09-18 15:50:31,305, INFO, *******INFO NEW TEST**************
2015-09-18 15:50:31,414, DEBUG, DOWN VALUE-TambAmbient temperature value: -273.15jump up value: -273.15temp limit value: 0.0
2015-09-18 15:50:31,414, DEBUG, DOWN VALUE-Tobj:--> object temperature value: -273.15jump up value: -273.15temp limit value: -2.7315
2015-09-18 15:50:31,414, DEBUG, DOWN VALUE-TambAmbient temperature value: -273.15jump up value: -273.15temp limit value: 0.0
2015-09-18 15:50:31,414, DEBUG, DOWN VALUE-Tobj:--> object temperature value: -273.15jump up value: -273.15temp limit value: -2.7315
2015-09-18 15:50:31,615, DEBUG, UP VALUE-Tamb:-->Ambient temperature value: 22.950000000000045jump up value: 22.950000000000045temp limit value: 0.0
2015-09-18 15:50:31,618, DEBUG, UP VALUE-Tobj:--> object temperature value: 30.090000000000032jump up value: 30.090000000000032temp limit value: 0.30090000000000033
2015-09-18 15:56:35,759, INFO, *******INFO NEW TEST**************
2015-09-18 15:57:27,890, INFO, *******INFO NEW TEST**************
2015-09-18 15:57:27,943, DEBUG, DOWN VALUE-TambAmbient temperature value: -273.15jump up value: -273.15temp limit value: 0.0
2015-09-18 15:57:27,943, DEBUG, DOWN VALUE-Tobj:--> object temperature value: -273.15jump up value: -273.15temp limit value: -2.7315
2015-09-18 15:57:27,943, DEBUG, DOWN VALUE-TambAmbient temperature value: -273.15jump up value: -273.15temp limit value: 0.0
2015-09-18 15:57:27,943, DEBUG, DOWN VALUE-Tobj:--> object temperature value: -273.15jump up value: -273.15temp limit value: -2.7315
2015-09-18 15:57:28,150, DEBUG, UP VALUE-Tamb:-->Ambient temperature value: 22.850000000000023jump up value: 22.850000000000023temp limit value: 0.0
2015-09-18 15:57:28,153, DEBUG, UP VALUE-Tobj:--> object temperature value: 30.470000000000027jump up value: 30.470000000000027temp limit value: 0.3047000000000003
2015-09-18 15:57:44,628, INFO, *******INFO NEW TEST**************
2015-09-18 15:57:45,180, INFO, *******INFO NEW TEST**************
2015-09-18 15:57:48,404, DEBUG, UP VALUE-Tobj:--> object temperature value: 29.850000000000023jump up value: 29.850000000000023temp limit value: 0.5970000000000004
2015-09-18 15:57:48,404, DEBUG, UP VALUE-Tamb:-->Ambient temperature value: 23.710000000000036jump up value: 23.710000000000036temp limit value: 0.0
2015-09-18 15:57:48,404, DEBUG, tobj data analysis: [(90, '15:57:48,', [29.850000000000023, 29.850000000000023, 29.850000000000023, 1])]
2015-09-18 15:57:48,404, DEBUG, tamb data analysis: [(90, '15:57:48,', [23.710000000000036, 23.710000000000036, 23.710000000000036, 1])]
2015-09-18 15:57:48,605, DEBUG, UP VALUE-Tobj:--> object temperature value: 30.190000000000055jump up value: 30.190000000000055temp limit value: 0.6038000000000011
2015-09-18 15:57:48,605, DEBUG, UP VALUE-Tamb:-->Ambient temperature value: 23.03000000000003jump up value: 23.03000000000003temp limit value: 0.0
2015-09-18 15:57:48,605, DEBUG, tobj data analysis: [(91, '15:57:48,', [30.190000000000055, 30.190000000000055, 30.190000000000055, 1])]
2015-09-18 15:57:48,605, DEBUG, tamb data analysis: [(91, '15:57:48,', [23.03000000000003, 23.03000000000003, 23.03000000000003, 1])]
2015-09-18 15:57:51,813, DEBUG, tobj data analysis: [(90, '15:57:48,', [29.850000000000023, 29.850000000000023, 29.850000000000023, 1]), (90, '15:57:51,', [29.850000000000023, 29.850000000000023, 29.850000000000023, 2])]
2015-09-18 15:57:51,815, DEBUG, tamb data analysis: [(90, '15:57:48,', [23.710000000000036, 23.710000000000036, 23.710000000000036, 1]), (90, '15:57:51,', [23.710000000000036, 23.710000000000036, 23.710000000000036, 2])]
2015-09-18 15:57:52,016, DEBUG, tobj data analysis: [(91, '15:57:48,', [30.190000000000055, 30.190000000000055, 30.190000000000055, 1]), (91, '15:57:52,', [30.190000000000055, 30.190000000000055, 30.190000000000055, 2])]
2015-09-18 15:57:52,016, DEBUG, tamb data analysis: [(91, '15:57:48,', [23.03000000000003, 23.03000000000003, 23.03000000000003, 1]), (91, '15:57:52,', [23.03000000000003, 23.03000000000003, 23.03000000000003, 2])]
2015-09-18 15:57:55,236, DEBUG, tobj data analysis: [(90, '15:57:48,', [29.850000000000023, 29.850000000000023, 29.850000000000023, 1]), (90, '15:57:51,', [29.850000000000023, 29.850000000000023, 29.850000000000023, 2]), (90, '15:57:55,', [29.850000000000023, 29.850000000000023, 29.850000000000023, 3])]
2015-09-18 15:57:55,236, DEBUG, tamb data analysis: [(90, '15:57:48,', [23.710000000000036, 23.710000000000036, 23.710000000000036, 1]), (90, '15:57:51,', [23.710000000000036, 23.710000000000036, 23.710000000000036, 2]), (90, '15:57:55,', [23.710000000000036, 23.710000000000036, 23.710000000000036, 3])]
2015-09-18 15:57:55,463, DEBUG, tobj data analysis: [(91, '15:57:48,', [30.190000000000055, 30.190000000000055, 30.190000000000055, 1]), (91, '15:57:52,', [30.190000000000055, 30.190000000000055, 30.190000000000055, 2]), (91, '15:57:55,', [30.190000000000055, 30.190000000000055, 30.190000000000055, 3])]
2015-09-18 15:57:55,463, DEBUG, tamb data analysis: [(91, '15:57:48,', [23.03000000000003, 23.03000000000003, 23.03000000000003, 1]), (91, '15:57:52,', [23.03000000000003, 23.03000000000003, 23.03000000000003, 2]), (91, '15:57:55,', [23.03000000000003, 23.03000000000003, 23.03000000000003, 3])]
2015-09-19 13:23:41,223, INFO, *******INFO NEW TEST**************
2015-09-19 13:24:04,773, INFO, *******INFO NEW TEST**************
2015-09-19 13:25:03,059, INFO, *******INFO NEW TEST**************
2015-09-19 13:25:03,161, DEBUG, DOWN VALUE-TambAmbient temperature value: -273.15jump up value: -273.15temp limit value: 0.0
2015-09-19 13:25:03,168, DEBUG, DOWN VALUE-Tobj:--> object temperature value: -273.15jump up value: -273.15temp limit value: -2.7315
2015-09-19 13:25:03,168, DEBUG, DOWN VALUE-TambAmbient temperature value: -273.15jump up value: -273.15temp limit value: 0.0
2015-09-19 13:25:03,184, DEBUG, DOWN VALUE-Tobj:--> object temperature value: -273.15jump up value: -273.15temp limit value: -2.7315
2015-09-19 13:25:03,388, DEBUG, UP VALUE-Tamb:-->Ambient temperature value: 23.05000000000001jump up value: 23.05000000000001temp limit value: 0.0
2015-09-19 13:25:04,244, DEBUG, UP VALUE-Tobj:--> object temperature value: 30.57000000000005jump up value: 30.57000000000005temp limit value: 0.3057000000000005
2015-09-19 13:26:55,101, INFO, *******INFO NEW TEST**************
2015-09-19 13:27:15,546, INFO, *******INFO NEW TEST**************
2015-09-19 13:27:48,052, INFO, *******INFO NEW TEST**************
2015-09-19 13:28:49,036, INFO, *******INFO NEW TEST**************
2015-09-19 13:29:42,256, INFO, *******INFO NEW TEST**************
2015-09-19 13:29:46,726, INFO, *******INFO NEW TEST**************
2015-09-19 13:29:52,644, INFO, *******INFO NEW TEST**************
2015-09-19 13:29:52,714, DEBUG, DOWN VALUE-TambAmbient temperature value: -273.15jump up value: -273.15temp limit value: 0.0
2015-09-19 13:29:52,723, DEBUG, DOWN VALUE-Tobj:--> object temperature value: -273.15jump up value: -273.15temp limit value: -2.7315
2015-09-19 13:29:52,730, DEBUG, DOWN VALUE-TambAmbient temperature value: -273.15jump up value: -273.15temp limit value: 0.0
2015-09-19 13:29:52,739, DEBUG, DOWN VALUE-Tobj:--> object temperature value: -273.15jump up value: -273.15temp limit value: -2.7315
2015-09-19 13:29:52,941, DEBUG, UP VALUE-Tamb:-->Ambient temperature value: 22.850000000000023jump up value: 22.850000000000023temp limit value: 0.0
2015-09-19 13:29:52,957, DEBUG, UP VALUE-Tobj:--> object temperature value: 30.010000000000048jump up value: 30.010000000000048temp limit value: 0.3001000000000005
2015-09-19 13:32:56,381, INFO, *******INFO NEW TEST**************
2015-09-19 13:33:43,736, INFO, *******INFO NEW TEST**************
2015-09-19 13:33:47,007, DEBUG, UP VALUE-Tobj:--> object temperature value: 31.230000000000018jump up value: 31.230000000000018temp limit value: 0.6246000000000004
2015-09-19 13:33:47,023, DEBUG, UP VALUE-Tamb:-->Ambient temperature value: 23.250000000000057jump up value: 23.250000000000057temp limit value: 0.0
2015-09-19 13:33:47,023, DEBUG, tobj data analysis: [(90, '13:33:47,', [31.230000000000018, 31.230000000000018, 31.230000000000018, 1])]
2015-09-19 13:33:47,023, DEBUG, tamb data analysis: [(90, '13:33:47,', [23.250000000000057, 23.250000000000057, 23.250000000000057, 1])]
2015-09-19 13:33:47,234, DEBUG, UP VALUE-Tobj:--> object temperature value: 30.57000000000005jump up value: 30.57000000000005temp limit value: 0.611400000000001
2015-09-19 13:33:47,243, DEBUG, UP VALUE-Tamb:-->Ambient temperature value: 23.310000000000002jump up value: 23.310000000000002temp limit value: 0.0
2015-09-19 13:33:47,243, DEBUG, tobj data analysis: [(91, '13:33:47,', [30.57000000000005, 30.57000000000005, 30.57000000000005, 1])]
2015-09-19 13:33:47,243, DEBUG, tamb data analysis: [(91, '13:33:47,', [23.310000000000002, 23.310000000000002, 23.310000000000002, 1])]
2015-09-19 13:33:50,460, DEBUG, tobj data analysis: [(90, '13:33:47,', [31.230000000000018, 31.230000000000018, 31.230000000000018, 1]), (90, '13:33:50,', [31.230000000000018, 31.230000000000018, 31.230000000000018, 2])]
2015-09-19 13:33:50,460, DEBUG, tamb data analysis: [(90, '13:33:47,', [23.250000000000057, 23.250000000000057, 23.250000000000057, 1]), (90, '13:33:50,', [23.250000000000057, 23.250000000000057, 23.250000000000057, 2])]
2015-09-19 13:33:50,680, DEBUG, tobj data analysis: [(91, '13:33:47,', [30.57000000000005, 30.57000000000005, 30.57000000000005, 1]), (91, '13:33:50,', [30.57000000000005, 30.57000000000005, 30.57000000000005, 2])]
2015-09-19 13:33:50,680, DEBUG, tamb data analysis: [(91, '13:33:47,', [23.310000000000002, 23.310000000000002, 23.310000000000002, 1]), (91, '13:33:50,', [23.310000000000002, 23.310000000000002, 23.310000000000002, 2])]
2015-09-19 13:33:53,915, DEBUG, tobj data analysis: [(90, '13:33:47,', [31.230000000000018, 31.230000000000018, 31.230000000000018, 1]), (90, '13:33:50,', [31.230000000000018, 31.230000000000018, 31.230000000000018, 2]), (90, '13:33:53,', [31.230000000000018, 31.230000000000018, 31.230000000000018, 3])]
2015-09-19 13:33:53,915, DEBUG, tamb data analysis: [(90, '13:33:47,', [23.250000000000057, 23.250000000000057, 23.250000000000057, 1]), (90, '13:33:50,', [23.250000000000057, 23.250000000000057, 23.250000000000057, 2]), (90, '13:33:53,', [23.250000000000057, 23.250000000000057, 23.250000000000057, 3])]
2015-09-19 13:33:54,134, DEBUG, tobj data analysis: [(91, '13:33:47,', [30.57000000000005, 30.57000000000005, 30.57000000000005, 1]), (91, '13:33:50,', [30.57000000000005, 30.57000000000005, 30.57000000000005, 2]), (91, '13:33:54,', [30.57000000000005, 30.57000000000005, 30.57000000000005, 3])]
2015-09-19 13:33:54,134, DEBUG, tamb data analysis: [(91, '13:33:47,', [23.310000000000002, 23.310000000000002, 23.310000000000002, 1]), (91, '13:33:50,', [23.310000000000002, 23.310000000000002, 23.310000000000002, 2]), (91, '13:33:54,', [23.310000000000002, 23.310000000000002, 23.310000000000002, 3])]
2015-09-19 13:34:18,301, INFO, *******INFO NEW TEST**************
2015-09-19 13:34:21,674, DEBUG, UP VALUE-Tobj:--> object temperature value: 31.410000000000025jump up value: 31.410000000000025temp limit value: 0.6282000000000005
2015-09-19 13:34:21,767, DEBUG, UP VALUE-Tamb:-->Ambient temperature value: 23.430000000000007jump up value: 23.430000000000007temp limit value: 0.0
2015-09-19 13:34:21,779, DEBUG, tobj data analysis: [(90, '13:34:21,', [31.410000000000025, 31.410000000000025, 31.410000000000025, 1])]
2015-09-19 13:34:21,793, DEBUG, tamb data analysis: [(90, '13:34:21,', [23.430000000000007, 23.430000000000007, 23.430000000000007, 1])]
2015-09-19 13:34:22,017, DEBUG, UP VALUE-Tobj:--> object temperature value: 30.090000000000032jump up value: 30.090000000000032temp limit value: 0.6018000000000007
2015-09-19 13:34:22,026, DEBUG, UP VALUE-Tamb:-->Ambient temperature value: 23.430000000000007jump up value: 23.430000000000007temp limit value: 0.0
2015-09-19 13:34:22,026, DEBUG, tobj data analysis: [(91, '13:34:22,', [30.090000000000032, 30.090000000000032, 30.090000000000032, 1])]
2015-09-19 13:34:22,026, DEBUG, tamb data analysis: [(91, '13:34:22,', [23.430000000000007, 23.430000000000007, 23.430000000000007, 1])]
2015-09-19 13:34:25,276, DEBUG, tobj data analysis: [(90, '13:34:21,', [31.410000000000025, 31.410000000000025, 31.410000000000025, 1]), (90, '13:34:25,', [31.410000000000025, 31.410000000000025, 31.410000000000025, 2])]
2015-09-19 13:34:25,276, DEBUG, tamb data analysis: [(90, '13:34:21,', [23.430000000000007, 23.430000000000007, 23.430000000000007, 1]), (90, '13:34:25,', [23.430000000000007, 23.430000000000007, 23.430000000000007, 2])]
2015-09-19 13:34:25,496, DEBUG, tobj data analysis: [(91, '13:34:22,', [30.090000000000032, 30.090000000000032, 30.090000000000032, 1]), (91, '13:34:25,', [30.090000000000032, 30.090000000000032, 30.090000000000032, 2])]
2015-09-19 13:34:25,496, DEBUG, tamb data analysis: [(91, '13:34:22,', [23.430000000000007, 23.430000000000007, 23.430000000000007, 1]), (91, '13:34:25,', [23.430000000000007, 23.430000000000007, 23.430000000000007, 2])]
2015-09-19 13:34:28,732, DEBUG, tobj data analysis: [(90, '13:34:21,', [31.410000000000025, 31.410000000000025, 31.410000000000025, 1]), (90, '13:34:25,', [31.410000000000025, 31.410000000000025, 31.410000000000025, 2]), (90, '13:34:28,', [31.410000000000025, 31.410000000000025, 31.410000000000025, 3])]
2015-09-19 13:34:28,732, DEBUG, tamb data analysis: [(90, '13:34:21,', [23.430000000000007, 23.430000000000007, 23.430000000000007, 1]), (90, '13:34:25,', [23.430000000000007, 23.430000000000007, 23.430000000000007, 2]), (90, '13:34:28,', [23.430000000000007, 23.430000000000007, 23.430000000000007, 3])]
2015-09-19 13:34:28,950, DEBUG, tobj data analysis: [(91, '13:34:22,', [30.090000000000032, 30.090000000000032, 30.090000000000032, 1]), (91, '13:34:25,', [30.090000000000032, 30.090000000000032, 30.090000000000032, 2]), (91, '13:34:28,', [30.090000000000032, 30.090000000000032, 30.090000000000032, 3])]
2015-09-19 13:34:28,950, DEBUG, tamb data analysis: [(91, '13:34:22,', [23.430000000000007, 23.430000000000007, 23.430000000000007, 1]), (91, '13:34:25,', [23.430000000000007, 23.430000000000007, 23.430000000000007, 2]), (91, '13:34:28,', [23.430000000000007, 23.430000000000007, 23.430000000000007, 3])]
2015-09-19 14:57:58,230, INFO, *******INFO NEW TEST**************
2015-09-19 14:58:01,887, DEBUG, UP VALUE-Tobj:--> object temperature value: 30.07000000000005jump up value: 30.07000000000005temp limit value: 0.601400000000001
2015-09-19 14:58:01,887, DEBUG, UP VALUE-Tamb:-->Ambient temperature value: 22.850000000000023jump up value: 22.850000000000023temp limit value: 0.0
2015-09-19 14:58:01,887, DEBUG, tobj data analysis: [(90, '14:58:01,', [30.07000000000005, 30.07000000000005, 30.07000000000005, 1])]
2015-09-19 14:58:01,887, DEBUG, tamb data analysis: [(90, '14:58:01,', [22.850000000000023, 22.850000000000023, 22.850000000000023, 1])]
2015-09-19 14:58:02,089, DEBUG, UP VALUE-Tobj:--> object temperature value: 30.77000000000004jump up value: 30.77000000000004temp limit value: 0.6154000000000008
2015-09-19 14:58:02,089, DEBUG, UP VALUE-Tamb:-->Ambient temperature value: 23.690000000000055jump up value: 23.690000000000055temp limit value: 0.0
2015-09-19 14:58:02,089, DEBUG, tobj data analysis: [(91, '14:58:02,', [30.77000000000004, 30.77000000000004, 30.77000000000004, 1])]
2015-09-19 14:58:02,089, DEBUG, tamb data analysis: [(91, '14:58:02,', [23.690000000000055, 23.690000000000055, 23.690000000000055, 1])]
2015-09-19 14:58:05,325, DEBUG, tobj data analysis: [(90, '14:58:01,', [30.07000000000005, 30.07000000000005, 30.07000000000005, 1]), (90, '14:58:05,', [30.07000000000005, 30.07000000000005, 30.07000000000005, 2])]
2015-09-19 14:58:05,325, DEBUG, tamb data analysis: [(90, '14:58:01,', [22.850000000000023, 22.850000000000023, 22.850000000000023, 1]), (90, '14:58:05,', [22.850000000000023, 22.850000000000023, 22.850000000000023, 2])]
2015-09-19 14:58:05,528, DEBUG, tobj data analysis: [(91, '14:58:02,', [30.77000000000004, 30.77000000000004, 30.77000000000004, 1]), (91, '14:58:05,', [30.77000000000004, 30.77000000000004, 30.77000000000004, 2])]
2015-09-19 14:58:05,528, DEBUG, tamb data analysis: [(91, '14:58:02,', [23.690000000000055, 23.690000000000055, 23.690000000000055, 1]), (91, '14:58:05,', [23.690000000000055, 23.690000000000055, 23.690000000000055, 2])]
2015-09-19 14:58:08,779, DEBUG, tobj data analysis: [(90, '14:58:01,', [30.07000000000005, 30.07000000000005, 30.07000000000005, 1]), (90, '14:58:05,', [30.07000000000005, 30.07000000000005, 30.07000000000005, 2]), (90, '14:58:08,', [30.07000000000005, 30.07000000000005, 30.07000000000005, 3])]
2015-09-19 14:58:08,779, DEBUG, tamb data analysis: [(90, '14:58:01,', [22.850000000000023, 22.850000000000023, 22.850000000000023, 1]), (90, '14:58:05,', [22.850000000000023, 22.850000000000023, 22.850000000000023, 2]), (90, '14:58:08,', [22.850000000000023, 22.850000000000023, 22.850000000000023, 3])]
2015-09-19 14:58:08,992, DEBUG, tobj data analysis: [(91, '14:58:02,', [30.77000000000004, 30.77000000000004, 30.77000000000004, 1]), (91, '14:58:05,', [30.77000000000004, 30.77000000000004, 30.77000000000004, 2]), (91, '14:58:08,', [30.77000000000004, 30.77000000000004, 30.77000000000004, 3])]
2015-09-19 14:58:08,992, DEBUG, tamb data analysis: [(91, '14:58:02,', [23.690000000000055, 23.690000000000055, 23.690000000000055, 1]), (91, '14:58:05,', [23.690000000000055, 23.690000000000055, 23.690000000000055, 2]), (91, '14:58:08,', [23.690000000000055, 23.690000000000055, 23.690000000000055, 3])]
2015-09-19 14:58:14,194, INFO, *******INFO NEW TEST**************
2015-09-19 14:58:14,773, DEBUG, DOWN VALUE-TambAmbient temperature value: -273.15jump up value: -273.15temp limit value: 0.0
2015-09-19 14:58:14,773, DEBUG, DOWN VALUE-Tobj:--> object temperature value: -273.15jump up value: -273.15temp limit value: -2.7315
2015-09-19 14:58:14,789, DEBUG, DOWN VALUE-TambAmbient temperature value: -273.15jump up value: -273.15temp limit value: 0.0
2015-09-19 14:58:14,789, DEBUG, DOWN VALUE-Tobj:--> object temperature value: -273.15jump up value: -273.15temp limit value: -2.7315
2015-09-19 14:58:14,992, DEBUG, UP VALUE-Tamb:-->Ambient temperature value: 23.090000000000032jump up value: 23.090000000000032temp limit value: 0.0
2015-09-19 14:58:15,006, DEBUG, UP VALUE-Tobj:--> object temperature value: 29.850000000000023jump up value: 29.850000000000023temp limit value: 0.2985000000000002
2015-09-19 14:59:50,392, INFO, *******INFO NEW TEST**************
2015-09-19 15:00:49,799, INFO, *******INFO NEW TEST**************
2015-09-19 15:00:53,095, DEBUG, UP VALUE-Tobj:--> object temperature value: 29.970000000000027jump up value: 29.970000000000027temp limit value: 0.5994000000000006
2015-09-19 15:00:53,095, DEBUG, UP VALUE-Tamb:-->Ambient temperature value: 23.470000000000027jump up value: 23.470000000000027temp limit value: 0.0
2015-09-19 15:00:53,111, DEBUG, tobj data analysis: [(90, '15:00:53,', [29.970000000000027, 29.970000000000027, 29.970000000000027, 1])]
2015-09-19 15:00:53,111, DEBUG, tamb data analysis: [(90, '15:00:53,', [23.470000000000027, 23.470000000000027, 23.470000000000027, 1])]
2015-09-19 15:00:53,315, DEBUG, UP VALUE-Tobj:--> object temperature value: 30.410000000000025jump up value: 30.410000000000025temp limit value: 0.6082000000000005
2015-09-19 15:00:53,315, DEBUG, UP VALUE-Tamb:-->Ambient temperature value: 23.79000000000002jump up value: 23.79000000000002temp limit value: 0.0
2015-09-19 15:00:53,331, DEBUG, tobj data analysis: [(91, '15:00:53,', [30.410000000000025, 30.410000000000025, 30.410000000000025, 1])]
2015-09-19 15:00:53,331, DEBUG, tamb data analysis: [(91, '15:00:53,', [23.79000000000002, 23.79000000000002, 23.79000000000002, 1])]
2015-09-19 15:00:56,549, DEBUG, tobj data analysis: [(90, '15:00:53,', [29.970000000000027, 29.970000000000027, 29.970000000000027, 1]), (90, '15:00:56,', [29.970000000000027, 29.970000000000027, 29.970000000000027, 2])]
2015-09-19 15:00:56,549, DEBUG, tamb data analysis: [(90, '15:00:53,', [23.470000000000027, 23.470000000000027, 23.470000000000027, 1]), (90, '15:00:56,', [23.470000000000027, 23.470000000000027, 23.470000000000027, 2])]
2015-09-19 15:00:56,767, DEBUG, tobj data analysis: [(91, '15:00:53,', [30.410000000000025, 30.410000000000025, 30.410000000000025, 1]), (91, '15:00:56,', [30.410000000000025, 30.410000000000025, 30.410000000000025, 2])]
2015-09-19 15:00:56,767, DEBUG, tamb data analysis: [(91, '15:00:53,', [23.79000000000002, 23.79000000000002, 23.79000000000002, 1]), (91, '15:00:56,', [23.79000000000002, 23.79000000000002, 23.79000000000002, 2])]
2015-09-19 15:09:44,482, INFO, *******INFO NEW TEST**************
2015-09-19 15:09:47,729, DEBUG, UP VALUE-Tobj:--> object temperature value: 30.33000000000004jump up value: 30.33000000000004temp limit value: 0.6066000000000008
2015-09-19 15:09:47,729, DEBUG, UP VALUE-Tamb:-->Ambient temperature value: 23.77000000000004jump up value: 23.77000000000004temp limit value: 0.0
2015-09-19 15:09:47,736, DEBUG, tobj data analysis: [(90, '15:09:47,', [30.33000000000004, 30.33000000000004, 30.33000000000004, 1])]
2015-09-19 15:09:47,736, DEBUG, tamb data analysis: [(90, '15:09:47,', [23.77000000000004, 23.77000000000004, 23.77000000000004, 1])]
2015-09-19 15:09:47,963, DEBUG, UP VALUE-Tobj:--> object temperature value: 29.890000000000043jump up value: 29.890000000000043temp limit value: 0.5978000000000009
2015-09-19 15:09:47,977, DEBUG, UP VALUE-Tamb:-->Ambient temperature value: 23.470000000000027jump up value: 23.470000000000027temp limit value: 0.0
2015-09-19 15:09:47,979, DEBUG, tobj data analysis: [(91, '15:09:47,', [29.890000000000043, 29.890000000000043, 29.890000000000043, 1])]
2015-09-19 15:09:47,980, DEBUG, tamb data analysis: [(91, '15:09:47,', [23.470000000000027, 23.470000000000027, 23.470000000000027, 1])]
2015-09-19 15:16:00,698, INFO, *******INFO NEW TEST**************
2015-09-19 15:16:09,171, INFO, *******INFO NEW TEST**************
2015-09-19 15:16:12,426, DEBUG, UP VALUE-Tobj:--> object temperature value: 31.610000000000014jump up value: 31.610000000000014temp limit value: 0.6322000000000003
2015-09-19 15:16:12,428, DEBUG, UP VALUE-Tamb:-->Ambient temperature value: 22.930000000000007jump up value: 22.930000000000007temp limit value: 0.0
2015-09-19 15:16:12,430, DEBUG, tobj data analysis: [(90, '15:16:12,', [31.610000000000014, 31.610000000000014, 31.610000000000014, 1])]
2015-09-19 15:16:12,431, DEBUG, tamb data analysis: [(90, '15:16:12,', [22.930000000000007, 22.930000000000007, 22.930000000000007, 1])]
2015-09-19 15:16:12,644, DEBUG, UP VALUE-Tobj:--> object temperature value: 30.110000000000014jump up value: 30.110000000000014temp limit value: 0.6022000000000003
2015-09-19 15:16:12,651, DEBUG, UP VALUE-Tamb:-->Ambient temperature value: 23.03000000000003jump up value: 23.03000000000003temp limit value: 0.0
2015-09-19 15:16:12,651, DEBUG, tobj data analysis: [(91, '15:16:12,', [30.110000000000014, 30.110000000000014, 30.110000000000014, 1])]
2015-09-19 15:16:12,653, DEBUG, tamb data analysis: [(91, '15:16:12,', [23.03000000000003, 23.03000000000003, 23.03000000000003, 1])]
2015-09-19 15:16:15,867, DEBUG, tobj data analysis: [(90, '15:16:12,', [31.610000000000014, 31.610000000000014, 31.610000000000014, 1]), (90, '15:16:15,', [31.610000000000014, 31.610000000000014, 31.610000000000014, 2])]
2015-09-19 15:16:15,868, DEBUG, tamb data analysis: [(90, '15:16:12,', [22.930000000000007, 22.930000000000007, 22.930000000000007, 1]), (90, '15:16:15,', [22.930000000000007, 22.930000000000007, 22.930000000000007, 2])]
2015-09-19 15:16:16,078, DEBUG, tobj data analysis: [(91, '15:16:12,', [30.110000000000014, 30.110000000000014, 30.110000000000014, 1]), (91, '15:16:16,', [30.110000000000014, 30.110000000000014, 30.110000000000014, 2])]
2015-09-19 15:16:16,079, DEBUG, tamb data analysis: [(91, '15:16:12,', [23.03000000000003, 23.03000000000003, 23.03000000000003, 1]), (91, '15:16:16,', [23.03000000000003, 23.03000000000003, 23.03000000000003, 2])]
2015-09-19 15:24:29,861, INFO, *******INFO NEW TEST**************
2015-09-19 15:24:33,111, DEBUG, UP VALUE-Tobj:--> object temperature value: 31.150000000000034jump up value: 31.150000000000034temp limit value: 0.6230000000000007
2015-09-19 15:24:33,111, DEBUG, UP VALUE-Tamb:-->Ambient temperature value: 23.730000000000018jump up value: 23.730000000000018temp limit value: 0.0
2015-09-19 15:24:33,111, DEBUG, tobj data analysis: [(90, '15:24:33,', [31.150000000000034, 31.150000000000034, 31.150000000000034, 1])]
2015-09-19 15:24:33,111, DEBUG, tamb data analysis: [(90, '15:24:33,', [23.730000000000018, 23.730000000000018, 23.730000000000018, 1])]
2015-09-19 15:24:33,322, DEBUG, UP VALUE-Tobj:--> object temperature value: 29.99000000000001jump up value: 29.99000000000001temp limit value: 0.5998000000000002
2015-09-19 15:24:33,322, DEBUG, UP VALUE-Tamb:-->Ambient temperature value: 23.07000000000005jump up value: 23.07000000000005temp limit value: 0.0
2015-09-19 15:24:33,322, DEBUG, tobj data analysis: [(91, '15:24:33,', [29.99000000000001, 29.99000000000001, 29.99000000000001, 1])]
2015-09-19 15:24:33,322, DEBUG, tamb data analysis: [(91, '15:24:33,', [23.07000000000005, 23.07000000000005, 23.07000000000005, 1])]
2015-09-19 15:24:37,440, INFO, *******INFO NEW TEST**************
2015-09-19 15:24:59,009, INFO, *******INFO NEW TEST**************
2015-09-19 15:25:25,111, INFO, *******INFO NEW TEST**************
2015-09-19 15:25:49,023, INFO, *******INFO NEW TEST**************
2015-09-19 15:32:49,302, INFO, *******INFO NEW TEST**************
2015-09-19 15:37:38,378, INFO, *******INFO NEW TEST**************
2015-09-19 15:39:04,980, INFO, *******INFO NEW TEST**************
2015-09-19 15:41:08,469, INFO, *******INFO NEW TEST**************
2015-09-19 15:41:11,772, DEBUG, UP VALUE-Tobj:--> object temperature value: 30.930000000000007jump up value: 30.930000000000007temp limit value: 0.6186000000000001
2015-09-19 15:41:11,779, DEBUG, UP VALUE-Tamb:-->Ambient temperature value: 23.170000000000016jump up value: 23.170000000000016temp limit value: 0.0
2015-09-19 15:41:11,779, DEBUG, tobj data analysis: [(90, '15:41:11,', [30.930000000000007, 30.930000000000007, 30.930000000000007, 1])]
2015-09-19 15:41:11,779, DEBUG, tamb data analysis: [(90, '15:41:11,', [23.170000000000016, 23.170000000000016, 23.170000000000016, 1])]
2015-09-19 15:41:11,999, DEBUG, UP VALUE-Tobj:--> object temperature value: 31.610000000000014jump up value: 31.610000000000014temp limit value: 0.6322000000000003
2015-09-19 15:41:12,002, DEBUG, UP VALUE-Tamb:-->Ambient temperature value: 23.83000000000004jump up value: 23.83000000000004temp limit value: 0.0
2015-09-19 15:41:12,003, DEBUG, tobj data analysis: [(91, '15:41:12,', [31.610000000000014, 31.610000000000014, 31.610000000000014, 1])]
2015-09-19 15:41:12,003, DEBUG, tamb data analysis: [(91, '15:41:12,', [23.83000000000004, 23.83000000000004, 23.83000000000004, 1])]
2015-09-19 15:41:17,805, INFO, *******INFO NEW TEST**************
2015-09-19 15:42:29,868, INFO, *******INFO NEW TEST**************
2015-09-19 15:42:29,983, DEBUG, DOWN VALUE-TambAmbient temperature value: -273.15jump up value: -273.15temp limit value: 0.0
2015-09-19 15:42:29,993, DEBUG, DOWN VALUE-Tobj:--> object temperature value: -273.15jump up value: -273.15temp limit value: -2.7315
2015-09-19 15:42:30,000, DEBUG, DOWN VALUE-TambAmbient temperature value: -273.15jump up value: -273.15temp limit value: 0.0
2015-09-19 15:42:30,009, DEBUG, DOWN VALUE-Tobj:--> object temperature value: -273.15jump up value: -273.15temp limit value: -2.7315
2015-09-19 15:42:30,216, DEBUG, UP VALUE-Tamb:-->Ambient temperature value: 23.83000000000004jump up value: 23.83000000000004temp limit value: 0.0
2015-09-19 15:42:30,221, DEBUG, UP VALUE-Tobj:--> object temperature value: 31.410000000000025jump up value: 31.410000000000025temp limit value: 0.31410000000000027
2015-09-19 20:01:02,928, INFO, *******INFO NEW TEST**************
2015-09-19 20:01:03,062, DEBUG, DOWN VALUE-TambAmbient temperature value: -273.15jump up value: -273.15temp limit value: 0.0
2015-09-19 20:01:03,069, DEBUG, DOWN VALUE-Tobj:--> object temperature value: -273.15jump up value: -273.15temp limit value: -2.7315
2015-09-19 20:01:03,069, DEBUG, DOWN VALUE-TambAmbient temperature value: -273.15jump up value: -273.15temp limit value: 0.0
2015-09-19 20:01:03,069, DEBUG, DOWN VALUE-Tobj:--> object temperature value: -273.15jump up value: -273.15temp limit value: -2.7315
2015-09-19 20:01:03,273, DEBUG, UP VALUE-Tamb:-->Ambient temperature value: 23.110000000000014jump up value: 23.110000000000014temp limit value: 0.0
2015-09-19 20:01:04,664, DEBUG, UP VALUE-Tobj:--> object temperature value: 30.470000000000027jump up value: 30.470000000000027temp limit value: 0.3047000000000003
2015-09-19 20:02:33,924, INFO, *******INFO NEW TEST**************
2015-09-19 20:02:37,233, DEBUG, UP VALUE-Tobj:--> object temperature value: 31.090000000000032jump up value: 31.090000000000032temp limit value: 0.6218000000000007
2015-09-19 20:02:37,242, DEBUG, UP VALUE-Tamb:-->Ambient temperature value: 23.010000000000048jump up value: 23.010000000000048temp limit value: 0.0
2015-09-19 20:02:37,242, DEBUG, tobj data analysis: [(90, '20:02:37,', [31.090000000000032, 31.090000000000032, 31.090000000000032, 1])]
2015-09-19 20:02:37,242, DEBUG, tamb data analysis: [(90, '20:02:37,', [23.010000000000048, 23.010000000000048, 23.010000000000048, 1])]
2015-09-19 20:02:37,453, DEBUG, UP VALUE-Tobj:--> object temperature value: 31.03000000000003jump up value: 31.03000000000003temp limit value: 0.6206000000000006
2015-09-19 20:02:37,460, DEBUG, UP VALUE-Tamb:-->Ambient temperature value: 23.370000000000005jump up value: 23.370000000000005temp limit value: 0.0
2015-09-19 20:02:37,460, DEBUG, tobj data analysis: [(91, '20:02:37,', [31.03000000000003, 31.03000000000003, 31.03000000000003, 1])]
2015-09-19 20:02:37,460, DEBUG, tamb data analysis: [(91, '20:02:37,', [23.370000000000005, 23.370000000000005, 23.370000000000005, 1])]
2015-09-19 20:05:49,026, INFO, *******INFO NEW TEST**************
2015-09-19 20:05:52,318, DEBUG, UP VALUE-Tobj:--> object temperature value: 31.83000000000004jump up value: 31.83000000000004temp limit value: 0.6366000000000008
2015-09-19 20:05:52,325, DEBUG, UP VALUE-Tamb:-->Ambient temperature value: 22.930000000000007jump up value: 22.930000000000007temp limit value: 0.0
2015-09-19 20:05:52,325, DEBUG, tobj data analysis: [(90, '20:05:52,', [31.83000000000004, 31.83000000000004, 31.83000000000004, 1])]
2015-09-19 20:05:52,325, DEBUG, tamb data analysis: [(90, '20:05:52,', [22.930000000000007, 22.930000000000007, 22.930000000000007, 1])]
2015-09-19 20:05:52,552, DEBUG, UP VALUE-Tobj:--> object temperature value: 29.890000000000043jump up value: 29.890000000000043temp limit value: 0.5978000000000009
2015-09-19 20:05:52,552, DEBUG, UP VALUE-Tamb:-->Ambient temperature value: 23.730000000000018jump up value: 23.730000000000018temp limit value: 0.0
2015-09-19 20:05:52,552, DEBUG, tobj data analysis: [(91, '20:05:52,', [29.890000000000043, 29.890000000000043, 29.890000000000043, 1])]
2015-09-19 20:05:52,552, DEBUG, tamb data analysis: [(91, '20:05:52,', [23.730000000000018, 23.730000000000018, 23.730000000000018, 1])]
